{"meta": {"format": 3, "version": "7.11.0", "timestamp": "2026-01-01T02:29:36.056155", "branch_coverage": false, "show_contexts": false}, "files": {"app/__init__.py": {"executed_lines": [0], "summary": {"covered_lines": 0, "num_statements": 0, "percent_covered": 100.0, "percent_covered_display": "100", "missing_lines": 0, "excluded_lines": 0}, "missing_lines": [], "excluded_lines": [], "functions": {"": {"executed_lines": [], "summary": {"covered_lines": 0, "num_statements": 0, "percent_covered": 100.0, "percent_covered_display": "100", "missing_lines": 0, "excluded_lines": 0}, "missing_lines": [], "excluded_lines": []}}, "classes": {"": {"executed_lines": [], "summary": {"covered_lines": 0, "num_statements": 0, "percent_covered": 100.0, "percent_covered_display": "100", "missing_lines": 0, "excluded_lines": 0}, "missing_lines": [], "excluded_lines": []}}}, "app/config.py": {"executed_lines": [1, 3, 6, 9, 10, 12, 14, 15, 16, 17, 18, 21, 22, 23, 26, 27, 28, 29, 30, 31, 32, 33, 36, 37, 38, 41, 42, 43, 44, 47, 50, 53, 56, 57, 58, 61, 62, 65, 66, 67, 68, 69, 70, 71, 72, 73, 74, 75, 78, 79, 80, 81, 82, 83, 86, 87, 88, 91, 92, 93, 94, 95, 96, 97, 100, 101, 102, 105, 120, 128, 138, 155, 163, 171, 181], "summary": {"covered_lines": 74, "num_statements": 120, "percent_covered": 61.666666666666664, "percent_covered_display": "62", "missing_lines": 46, "excluded_lines": 0}, "missing_lines": [107, 108, 113, 117, 122, 123, 124, 125, 130, 131, 132, 133, 134, 135, 140, 141, 142, 144, 145, 146, 147, 148, 149, 152, 157, 158, 159, 160, 165, 166, 167, 168, 173, 174, 175, 178, 183, 185, 186, 189, 199, 200, 201, 203, 204, 207], "excluded_lines": [], "functions": {"get_settings": {"executed_lines": [102], "summary": {"covered_lines": 1, "num_statements": 1, "percent_covered": 100.0, "percent_covered_display": "100", "missing_lines": 0, "excluded_lines": 0}, "missing_lines": [], "excluded_lines": []}, "_validate_jwt_config": {"executed_lines": [], "summary": {"covered_lines": 0, "num_statements": 4, "percent_covered": 0.0, "percent_covered_display": "0", "missing_lines": 4, "excluded_lines": 0}, "missing_lines": [107, 108, 113, 117], "excluded_lines": []}, "_validate_database_config": {"executed_lines": [], "summary": {"covered_lines": 0, "num_statements": 4, "percent_covered": 0.0, "percent_covered_display": "0", "missing_lines": 4, "excluded_lines": 0}, "missing_lines": [122, 123, 124, 125], "excluded_lines": []}, "_validate_llm_config": {"executed_lines": [], "summary": {"covered_lines": 0, "num_statements": 6, "percent_covered": 0.0, "percent_covered_display": "0", "missing_lines": 6, "excluded_lines": 0}, "missing_lines": [130, 131, 132, 133, 134, 135], "excluded_lines": []}, "_validate_payment_config": {"executed_lines": [], "summary": {"covered_lines": 0, "num_statements": 10, "percent_covered": 0.0, "percent_covered_display": "0", "missing_lines": 10, "excluded_lines": 0}, "missing_lines": [140, 141, 142, 144, 145, 146, 147, 148, 149, 152], "excluded_lines": []}, "_validate_oauth_config": {"executed_lines": [], "summary": {"covered_lines": 0, "num_statements": 4, "percent_covered": 0.0, "percent_covered_display": "0", "missing_lines": 4, "excluded_lines": 0}, "missing_lines": [157, 158, 159, 160], "excluded_lines": []}, "_validate_frontend_config": {"executed_lines": [], "summary": {"covered_lines": 0, "num_statements": 4, "percent_covered": 0.0, "percent_covered_display": "0", "missing_lines": 4, "excluded_lines": 0}, "missing_lines": [165, 166, 167, 168], "excluded_lines": []}, "_validate_beta_mode": {"executed_lines": [], "summary": {"covered_lines": 0, "num_statements": 4, "percent_covered": 0.0, "percent_covered_display": "0", "missing_lines": 4, "excluded_lines": 0}, "missing_lines": [173, 174, 175, 178], "excluded_lines": []}, "validate_production_config": {"executed_lines": [], "summary": {"covered_lines": 0, "num_statements": 10, "percent_covered": 0.0, "percent_covered_display": "0", "missing_lines": 10, "excluded_lines": 0}, "missing_lines": [183, 185, 186, 189, 199, 200, 201, 203, 204, 207], "excluded_lines": []}, "": {"executed_lines": [1, 3, 6, 9, 10, 12, 14, 15, 16, 17, 18, 21, 22, 23, 26, 27, 28, 29, 30, 31, 32, 33, 36, 37, 38, 41, 42, 43, 44, 47, 50, 53, 56, 57, 58, 61, 62, 65, 66, 67, 68, 69, 70, 71, 72, 73, 74, 75, 78, 79, 80, 81, 82, 83, 86, 87, 88, 91, 92, 93, 94, 95, 96, 97, 100, 101, 105, 120, 128, 138, 155, 163, 171, 181], "summary": {"covered_lines": 73, "num_statements": 73, "percent_covered": 100.0, "percent_covered_display": "100", "missing_lines": 0, "excluded_lines": 0}, "missing_lines": [], "excluded_lines": []}}, "classes": {"Settings": {"executed_lines": [], "summary": {"covered_lines": 0, "num_statements": 0, "percent_covered": 100.0, "percent_covered_display": "100", "missing_lines": 0, "excluded_lines": 0}, "missing_lines": [], "excluded_lines": []}, "": {"executed_lines": [1, 3, 6, 9, 10, 12, 14, 15, 16, 17, 18, 21, 22, 23, 26, 27, 28, 29, 30, 31, 32, 33, 36, 37, 38, 41, 42, 43, 44, 47, 50, 53, 56, 57, 58, 61, 62, 65, 66, 67, 68, 69, 70, 71, 72, 73, 74, 75, 78, 79, 80, 81, 82, 83, 86, 87, 88, 91, 92, 93, 94, 95, 96, 97, 100, 101, 102, 105, 120, 128, 138, 155, 163, 171, 181], "summary": {"covered_lines": 74, "num_statements": 120, "percent_covered": 61.666666666666664, "percent_covered_display": "62", "missing_lines": 46, "excluded_lines": 0}, "missing_lines": [107, 108, 113, 117, 122, 123, 124, 125, 130, 131, 132, 133, 134, 135, 140, 141, 142, 144, 145, 146, 147, 148, 149, 152, 157, 158, 159, 160, 165, 166, 167, 168, 173, 174, 175, 178, 183, 185, 186, 189, 199, 200, 201, 203, 204, 207], "excluded_lines": []}}}, "app/database.py": {"executed_lines": [1, 3, 4, 5, 6, 7, 9, 11, 19, 20, 26, 27, 37, 38, 49, 55, 58, 67], "summary": {"covered_lines": 18, "num_statements": 38, "percent_covered": 47.36842105263158, "percent_covered_display": "47", "missing_lines": 20, "excluded_lines": 0}, "missing_lines": [23, 30, 31, 32, 33, 34, 39, 40, 41, 42, 43, 44, 45, 46, 60, 61, 62, 64, 68, 69], "excluded_lines": [], "functions": {"before_cursor_execute": {"executed_lines": [], "summary": {"covered_lines": 0, "num_statements": 1, "percent_covered": 0.0, "percent_covered_display": "0", "missing_lines": 1, "excluded_lines": 0}, "missing_lines": [23], "excluded_lines": []}, "after_cursor_execute": {"executed_lines": [], "summary": {"covered_lines": 0, "num_statements": 5, "percent_covered": 0.0, "percent_covered_display": "0", "missing_lines": 5, "excluded_lines": 0}, "missing_lines": [30, 31, 32, 33, 34], "excluded_lines": []}, "handle_error": {"executed_lines": [], "summary": {"covered_lines": 0, "num_statements": 8, "percent_covered": 0.0, "percent_covered_display": "0", "missing_lines": 8, "excluded_lines": 0}, "missing_lines": [39, 40, 41, 42, 43, 44, 45, 46], "excluded_lines": []}, "get_db": {"executed_lines": [], "summary": {"covered_lines": 0, "num_statements": 4, "percent_covered": 0.0, "percent_covered_display": "0", "missing_lines": 4, "excluded_lines": 0}, "missing_lines": [60, 61, 62, 64], "excluded_lines": []}, "get_db_pool_stats": {"executed_lines": [], "summary": {"covered_lines": 0, "num_statements": 2, "percent_covered": 0.0, "percent_covered_display": "0", "missing_lines": 2, "excluded_lines": 0}, "missing_lines": [68, 69], "excluded_lines": []}, "": {"executed_lines": [1, 3, 4, 5, 6, 7, 9, 11, 19, 20, 26, 27, 37, 38, 49, 55, 58, 67], "summary": {"covered_lines": 18, "num_statements": 18, "percent_covered": 100.0, "percent_covered_display": "100", "missing_lines": 0, "excluded_lines": 0}, "missing_lines": [], "excluded_lines": []}}, "classes": {"": {"executed_lines": [1, 3, 4, 5, 6, 7, 9, 11, 19, 20, 26, 27, 37, 38, 49, 55, 58, 67], "summary": {"covered_lines": 18, "num_statements": 38, "percent_covered": 47.36842105263158, "percent_covered_display": "47", "missing_lines": 20, "excluded_lines": 0}, "missing_lines": [23, 30, 31, 32, 33, 34, 39, 40, 41, 42, 43, 44, 45, 46, 60, 61, 62, 64, 68, 69], "excluded_lines": []}}}, "app/logging_config.py": {"executed_lines": [1, 3, 4, 5, 6, 8, 11, 16, 34, 35, 39, 40, 42, 48, 52, 53, 55, 58, 61, 71, 72, 76, 84, 91, 93], "summary": {"covered_lines": 24, "num_statements": 26, "percent_covered": 92.3076923076923, "percent_covered_display": "92", "missing_lines": 2, "excluded_lines": 0}, "missing_lines": [36, 74], "excluded_lines": [], "functions": {"redact_sensitive_data": {"executed_lines": [16, 34, 35, 39, 40, 42, 48, 52, 53, 55], "summary": {"covered_lines": 10, "num_statements": 11, "percent_covered": 90.9090909090909, "percent_covered_display": "91", "missing_lines": 1, "excluded_lines": 0}, "missing_lines": [36], "excluded_lines": []}, "setup_logging": {"executed_lines": [61, 71, 72, 76, 84], "summary": {"covered_lines": 5, "num_statements": 6, "percent_covered": 83.33333333333333, "percent_covered_display": "83", "missing_lines": 1, "excluded_lines": 0}, "missing_lines": [74], "excluded_lines": []}, "get_logger": {"executed_lines": [93], "summary": {"covered_lines": 1, "num_statements": 1, "percent_covered": 100.0, "percent_covered_display": "100", "missing_lines": 0, "excluded_lines": 0}, "missing_lines": [], "excluded_lines": []}, "": {"executed_lines": [1, 3, 4, 5, 6, 8, 11, 58, 91], "summary": {"covered_lines": 8, "num_statements": 8, "percent_covered": 100.0, "percent_covered_display": "100", "missing_lines": 0, "excluded_lines": 0}, "missing_lines": [], "excluded_lines": []}}, "classes": {"": {"executed_lines": [1, 3, 4, 5, 6, 8, 11, 16, 34, 35, 39, 40, 42, 48, 52, 53, 55, 58, 61, 71, 72, 76, 84, 91, 93], "summary": {"covered_lines": 24, "num_statements": 26, "percent_covered": 92.3076923076923, "percent_covered_display": "92", "missing_lines": 2, "excluded_lines": 0}, "missing_lines": [36, 74], "excluded_lines": []}}}, "app/main.py": {"executed_lines": [1, 10, 13], "summary": {"covered_lines": 2, "num_statements": 2, "percent_covered": 100.0, "percent_covered_display": "100", "missing_lines": 0, "excluded_lines": 0}, "missing_lines": [], "excluded_lines": [], "functions": {"": {"executed_lines": [1, 10, 13], "summary": {"covered_lines": 2, "num_statements": 2, "percent_covered": 100.0, "percent_covered_display": "100", "missing_lines": 0, "excluded_lines": 0}, "missing_lines": [], "excluded_lines": []}}, "classes": {"": {"executed_lines": [1, 10, 13], "summary": {"covered_lines": 2, "num_statements": 2, "percent_covered": 100.0, "percent_covered_display": "100", "missing_lines": 0, "excluded_lines": 0}, "missing_lines": [], "excluded_lines": []}}}, "app/middleware/__init__.py": {"executed_lines": [0], "summary": {"covered_lines": 0, "num_statements": 0, "percent_covered": 100.0, "percent_covered_display": "100", "missing_lines": 0, "excluded_lines": 0}, "missing_lines": [], "excluded_lines": [], "functions": {"": {"executed_lines": [], "summary": {"covered_lines": 0, "num_statements": 0, "percent_covered": 100.0, "percent_covered_display": "100", "missing_lines": 0, "excluded_lines": 0}, "missing_lines": [], "excluded_lines": []}}, "classes": {"": {"executed_lines": [], "summary": {"covered_lines": 0, "num_statements": 0, "percent_covered": 100.0, "percent_covered_display": "100", "missing_lines": 0, "excluded_lines": 0}, "missing_lines": [], "excluded_lines": []}}}, "app/middleware/auth.py": {"executed_lines": [1, 2, 4, 5, 6, 7, 8, 9, 10, 11, 12, 14, 17, 33, 51, 66, 99], "summary": {"covered_lines": 17, "num_statements": 57, "percent_covered": 29.82456140350877, "percent_covered_display": "30", "missing_lines": 40, "excluded_lines": 0}, "missing_lines": [19, 20, 21, 23, 24, 26, 35, 36, 38, 39, 40, 41, 43, 44, 45, 46, 48, 55, 62, 63, 68, 69, 70, 71, 72, 80, 81, 83, 84, 86, 96, 106, 107, 110, 111, 112, 115, 118, 119, 120], "excluded_lines": [], "functions": {"_extract_access_token": {"executed_lines": [], "summary": {"covered_lines": 0, "num_statements": 6, "percent_covered": 0.0, "percent_covered_display": "0", "missing_lines": 6, "excluded_lines": 0}, "missing_lines": [19, 20, 21, 23, 24, 26], "excluded_lines": []}, "_validate_token_payload": {"executed_lines": [], "summary": {"covered_lines": 0, "num_statements": 11, "percent_covered": 0.0, "percent_covered_display": "0", "missing_lines": 11, "excluded_lines": 0}, "missing_lines": [35, 36, 38, 39, 40, 41, 43, 44, 45, 46, 48], "excluded_lines": []}, "_verify_active_session": {"executed_lines": [], "summary": {"covered_lines": 0, "num_statements": 3, "percent_covered": 0.0, "percent_covered_display": "0", "missing_lines": 3, "excluded_lines": 0}, "missing_lines": [55, 62, 63], "excluded_lines": []}, "_get_user_from_cache_or_db": {"executed_lines": [], "summary": {"covered_lines": 0, "num_statements": 11, "percent_covered": 0.0, "percent_covered_display": "0", "missing_lines": 11, "excluded_lines": 0}, "missing_lines": [68, 69, 70, 71, 72, 80, 81, 83, 84, 86, 96], "excluded_lines": []}, "get_current_user": {"executed_lines": [], "summary": {"covered_lines": 0, "num_statements": 9, "percent_covered": 0.0, "percent_covered_display": "0", "missing_lines": 9, "excluded_lines": 0}, "missing_lines": [106, 107, 110, 111, 112, 115, 118, 119, 120], "excluded_lines": []}, "": {"executed_lines": [1, 2, 4, 5, 6, 7, 8, 9, 10, 11, 12, 14, 17, 33, 51, 66, 99], "summary": {"covered_lines": 17, "num_statements": 17, "percent_covered": 100.0, "percent_covered_display": "100", "missing_lines": 0, "excluded_lines": 0}, "missing_lines": [], "excluded_lines": []}}, "classes": {"": {"executed_lines": [1, 2, 4, 5, 6, 7, 8, 9, 10, 11, 12, 14, 17, 33, 51, 66, 99], "summary": {"covered_lines": 17, "num_statements": 57, "percent_covered": 29.82456140350877, "percent_covered_display": "30", "missing_lines": 40, "excluded_lines": 0}, "missing_lines": [19, 20, 21, 23, 24, 26, 35, 36, 38, 39, 40, 41, 43, 44, 45, 46, 48, 55, 62, 63, 68, 69, 70, 71, 72, 80, 81, 83, 84, 86, 96, 106, 107, 110, 111, 112, 115, 118, 119, 120], "excluded_lines": []}}}, "app/middleware/csrf.py": {"executed_lines": [1, 2, 3, 5, 6, 8, 9, 10, 11, 13, 14, 25, 28, 35, 36, 37, 40, 41, 42, 43, 49, 50, 51, 56, 58, 61, 62, 65, 66, 72, 80, 85, 91, 92, 94, 95, 96, 100, 109, 110], "summary": {"covered_lines": 40, "num_statements": 58, "percent_covered": 68.96551724137932, "percent_covered_display": "69", "missing_lines": 18, "excluded_lines": 0}, "missing_lines": [44, 45, 46, 57, 81, 82, 101, 102, 103, 104, 107, 112, 113, 114, 116, 117, 122, 125], "excluded_lines": [], "functions": {"_normalize_path": {"executed_lines": [36, 37], "summary": {"covered_lines": 2, "num_statements": 2, "percent_covered": 100.0, "percent_covered_display": "100", "missing_lines": 0, "excluded_lines": 0}, "missing_lines": [], "excluded_lines": []}, "_is_exempt_path": {"executed_lines": [41, 42, 43], "summary": {"covered_lines": 3, "num_statements": 6, "percent_covered": 50.0, "percent_covered_display": "50", "missing_lines": 3, "excluded_lines": 0}, "missing_lines": [44, 45, 46], "excluded_lines": []}, "_cookie_params": {"executed_lines": [50, 51, 56, 58], "summary": {"covered_lines": 4, "num_statements": 5, "percent_covered": 80.0, "percent_covered_display": "80", "missing_lines": 1, "excluded_lines": 0}, "missing_lines": [57], "excluded_lines": []}, "generate_csrf_token": {"executed_lines": [62], "summary": {"covered_lines": 1, "num_statements": 1, "percent_covered": 100.0, "percent_covered_display": "100", "missing_lines": 0, "excluded_lines": 0}, "missing_lines": [], "excluded_lines": []}, "set_csrf_cookies": {"executed_lines": [66, 72], "summary": {"covered_lines": 2, "num_statements": 2, "percent_covered": 100.0, "percent_covered_display": "100", "missing_lines": 0, "excluded_lines": 0}, "missing_lines": [], "excluded_lines": []}, "clear_csrf_cookies": {"executed_lines": [], "summary": {"covered_lines": 0, "num_statements": 2, "percent_covered": 0.0, "percent_covered_display": "0", "missing_lines": 2, "excluded_lines": 0}, "missing_lines": [81, 82], "excluded_lines": []}, "validate_csrf": {"executed_lines": [91, 92, 94, 95, 96, 100, 109, 110], "summary": {"covered_lines": 8, "num_statements": 20, "percent_covered": 40.0, "percent_covered_display": "40", "missing_lines": 12, "excluded_lines": 0}, "missing_lines": [101, 102, 103, 104, 107, 112, 113, 114, 116, 117, 122, 125], "excluded_lines": []}, "": {"executed_lines": [1, 2, 3, 5, 6, 8, 9, 10, 11, 13, 14, 25, 28, 35, 40, 49, 61, 65, 80, 85], "summary": {"covered_lines": 20, "num_statements": 20, "percent_covered": 100.0, "percent_covered_display": "100", "missing_lines": 0, "excluded_lines": 0}, "missing_lines": [], "excluded_lines": []}}, "classes": {"": {"executed_lines": [1, 2, 3, 5, 6, 8, 9, 10, 11, 13, 14, 25, 28, 35, 36, 37, 40, 41, 42, 43, 49, 50, 51, 56, 58, 61, 62, 65, 66, 72, 80, 85, 91, 92, 94, 95, 96, 100, 109, 110], "summary": {"covered_lines": 40, "num_statements": 58, "percent_covered": 68.96551724137932, "percent_covered_display": "69", "missing_lines": 18, "excluded_lines": 0}, "missing_lines": [44, 45, 46, 57, 81, 82, 101, 102, 103, 104, 107, 112, 113, 114, 116, 117, 122, 125], "excluded_lines": []}}}, "app/middleware/rate_limit.py": {"executed_lines": [1, 3, 5, 6, 8, 9, 10, 11, 12, 13, 15, 18, 19, 22, 23, 28, 29, 30, 33, 34, 36, 39, 52, 80, 82, 85, 93, 94, 95, 96, 97, 98, 100, 102, 111], "summary": {"covered_lines": 33, "num_statements": 63, "percent_covered": 52.38095238095238, "percent_covered_display": "52", "missing_lines": 30, "excluded_lines": 0}, "missing_lines": [37, 40, 41, 42, 44, 45, 46, 47, 49, 53, 54, 55, 56, 57, 59, 60, 61, 62, 63, 69, 70, 72, 73, 74, 76, 77, 87, 88, 89, 90], "excluded_lines": [], "functions": {"_parse_ip_whitelist": {"executed_lines": [19], "summary": {"covered_lines": 1, "num_statements": 1, "percent_covered": 100.0, "percent_covered_display": "100", "missing_lines": 0, "excluded_lines": 0}, "missing_lines": [], "excluded_lines": []}, "_is_request_whitelisted": {"executed_lines": [29, 30], "summary": {"covered_lines": 2, "num_statements": 2, "percent_covered": 100.0, "percent_covered_display": "100", "missing_lines": 0, "excluded_lines": 0}, "missing_lines": [], "excluded_lines": []}, "RateLimitContextMiddleware.__init__": {"executed_lines": [], "summary": {"covered_lines": 0, "num_statements": 1, "percent_covered": 0.0, "percent_covered_display": "0", "missing_lines": 1, "excluded_lines": 0}, "missing_lines": [37], "excluded_lines": []}, "RateLimitContextMiddleware.__call__": {"executed_lines": [], "summary": {"covered_lines": 0, "num_statements": 8, "percent_covered": 0.0, "percent_covered_display": "0", "missing_lines": 8, "excluded_lines": 0}, "missing_lines": [40, 41, 42, 44, 45, 46, 47, 49], "excluded_lines": []}, "_extract_user_id": {"executed_lines": [], "summary": {"covered_lines": 0, "num_statements": 17, "percent_covered": 0.0, "percent_covered_display": "0", "missing_lines": 17, "excluded_lines": 0}, "missing_lines": [53, 54, 55, 56, 57, 59, 60, 61, 62, 63, 69, 70, 72, 73, 74, 76, 77], "excluded_lines": []}, "ip_rate_limit_key": {"executed_lines": [82], "summary": {"covered_lines": 1, "num_statements": 1, "percent_covered": 100.0, "percent_covered_display": "100", "missing_lines": 0, "excluded_lines": 0}, "missing_lines": [], "excluded_lines": []}, "user_rate_limit_key": {"executed_lines": [], "summary": {"covered_lines": 0, "num_statements": 4, "percent_covered": 0.0, "percent_covered_display": "0", "missing_lines": 4, "excluded_lines": 0}, "missing_lines": [87, 88, 89, 90], "excluded_lines": []}, "": {"executed_lines": [1, 3, 5, 6, 8, 9, 10, 11, 12, 13, 15, 18, 22, 23, 28, 33, 34, 36, 39, 52, 80, 85, 93, 94, 95, 96, 97, 98, 100, 102, 111], "summary": {"covered_lines": 29, "num_statements": 29, "percent_covered": 100.0, "percent_covered_display": "100", "missing_lines": 0, "excluded_lines": 0}, "missing_lines": [], "excluded_lines": []}}, "classes": {"RateLimitContextMiddleware": {"executed_lines": [], "summary": {"covered_lines": 0, "num_statements": 9, "percent_covered": 0.0, "percent_covered_display": "0", "missing_lines": 9, "excluded_lines": 0}, "missing_lines": [37, 40, 41, 42, 44, 45, 46, 47, 49], "excluded_lines": []}, "": {"executed_lines": [1, 3, 5, 6, 8, 9, 10, 11, 12, 13, 15, 18, 19, 22, 23, 28, 29, 30, 33, 34, 36, 39, 52, 80, 82, 85, 93, 94, 95, 96, 97, 98, 100, 102, 111], "summary": {"covered_lines": 33, "num_statements": 54, "percent_covered": 61.111111111111114, "percent_covered_display": "61", "missing_lines": 21, "excluded_lines": 0}, "missing_lines": [53, 54, 55, 56, 57, 59, 60, 61, 62, 63, 69, 70, 72, 73, 74, 76, 77, 87, 88, 89, 90], "excluded_lines": []}}}, "app/models/__init__.py": {"executed_lines": [1, 2, 3, 4, 5, 6, 7, 8, 9, 10, 11, 12, 14], "summary": {"covered_lines": 13, "num_statements": 13, "percent_covered": 100.0, "percent_covered_display": "100", "missing_lines": 0, "excluded_lines": 0}, "missing_lines": [], "excluded_lines": [], "functions": {"": {"executed_lines": [1, 2, 3, 4, 5, 6, 7, 8, 9, 10, 11, 12, 14], "summary": {"covered_lines": 13, "num_statements": 13, "percent_covered": 100.0, "percent_covered_display": "100", "missing_lines": 0, "excluded_lines": 0}, "missing_lines": [], "excluded_lines": []}}, "classes": {"": {"executed_lines": [1, 2, 3, 4, 5, 6, 7, 8, 9, 10, 11, 12, 14], "summary": {"covered_lines": 13, "num_statements": 13, "percent_covered": 100.0, "percent_covered_display": "100", "missing_lines": 0, "excluded_lines": 0}, "missing_lines": [], "excluded_lines": []}}}, "app/models/analytics_event.py": {"executed_lines": [1, 3, 4, 5, 6, 9, 10, 12, 14, 15, 20, 21, 22, 24], "summary": {"covered_lines": 13, "num_statements": 14, "percent_covered": 92.85714285714286, "percent_covered_display": "93", "missing_lines": 1, "excluded_lines": 0}, "missing_lines": [25], "excluded_lines": [], "functions": {"AnalyticsEvent.__repr__": {"executed_lines": [], "summary": {"covered_lines": 0, "num_statements": 1, "percent_covered": 0.0, "percent_covered_display": "0", "missing_lines": 1, "excluded_lines": 0}, "missing_lines": [25], "excluded_lines": []}, "": {"executed_lines": [1, 3, 4, 5, 6, 9, 10, 12, 14, 15, 20, 21, 22, 24], "summary": {"covered_lines": 13, "num_statements": 13, "percent_covered": 100.0, "percent_covered_display": "100", "missing_lines": 0, "excluded_lines": 0}, "missing_lines": [], "excluded_lines": []}}, "classes": {"AnalyticsEvent": {"executed_lines": [], "summary": {"covered_lines": 0, "num_statements": 1, "percent_covered": 0.0, "percent_covered_display": "0", "missing_lines": 1, "excluded_lines": 0}, "missing_lines": [25], "excluded_lines": []}, "": {"executed_lines": [1, 3, 4, 5, 6, 9, 10, 12, 14, 15, 20, 21, 22, 24], "summary": {"covered_lines": 13, "num_statements": 13, "percent_covered": 100.0, "percent_covered_display": "100", "missing_lines": 0, "excluded_lines": 0}, "missing_lines": [], "excluded_lines": []}}}, "app/models/device.py": {"executed_lines": [1, 3, 4, 5, 6, 7, 10, 11, 13, 15, 16, 19, 20, 21, 22, 23, 24, 25, 28, 29, 33], "summary": {"covered_lines": 20, "num_statements": 21, "percent_covered": 95.23809523809524, "percent_covered_display": "95", "missing_lines": 1, "excluded_lines": 0}, "missing_lines": [34], "excluded_lines": [], "functions": {"Device.__repr__": {"executed_lines": [], "summary": {"covered_lines": 0, "num_statements": 1, "percent_covered": 0.0, "percent_covered_display": "0", "missing_lines": 1, "excluded_lines": 0}, "missing_lines": [34], "excluded_lines": []}, "": {"executed_lines": [1, 3, 4, 5, 6, 7, 10, 11, 13, 15, 16, 19, 20, 21, 22, 23, 24, 25, 28, 29, 33], "summary": {"covered_lines": 20, "num_statements": 20, "percent_covered": 100.0, "percent_covered_display": "100", "missing_lines": 0, "excluded_lines": 0}, "missing_lines": [], "excluded_lines": []}}, "classes": {"Device": {"executed_lines": [], "summary": {"covered_lines": 0, "num_statements": 1, "percent_covered": 0.0, "percent_covered_display": "0", "missing_lines": 1, "excluded_lines": 0}, "missing_lines": [34], "excluded_lines": []}, "": {"executed_lines": [1, 3, 4, 5, 6, 7, 10, 11, 13, 15, 16, 19, 20, 21, 22, 23, 24, 25, 28, 29, 33], "summary": {"covered_lines": 20, "num_statements": 20, "percent_covered": 100.0, "percent_covered_display": "100", "missing_lines": 0, "excluded_lines": 0}, "missing_lines": [], "excluded_lines": []}}}, "app/models/learn_message.py": {"executed_lines": [1, 3, 4, 6, 7, 8, 9, 10, 13, 14, 16, 17, 20, 21, 23, 25, 26, 32, 33, 34, 35, 38, 40], "summary": {"covered_lines": 20, "num_statements": 21, "percent_covered": 95.23809523809524, "percent_covered_display": "95", "missing_lines": 1, "excluded_lines": 0}, "missing_lines": [41], "excluded_lines": [], "functions": {"LearnMessage.__repr__": {"executed_lines": [], "summary": {"covered_lines": 0, "num_statements": 1, "percent_covered": 0.0, "percent_covered_display": "0", "missing_lines": 1, "excluded_lines": 0}, "missing_lines": [41], "excluded_lines": []}, "": {"executed_lines": [1, 3, 4, 6, 7, 8, 9, 10, 13, 14, 16, 17, 20, 21, 23, 25, 26, 32, 33, 34, 35, 38, 40], "summary": {"covered_lines": 20, "num_statements": 20, "percent_covered": 100.0, "percent_covered_display": "100", "missing_lines": 0, "excluded_lines": 0}, "missing_lines": [], "excluded_lines": []}}, "classes": {"LearnMessageRole": {"executed_lines": [], "summary": {"covered_lines": 0, "num_statements": 0, "percent_covered": 100.0, "percent_covered_display": "100", "missing_lines": 0, "excluded_lines": 0}, "missing_lines": [], "excluded_lines": []}, "LearnMessage": {"executed_lines": [], "summary": {"covered_lines": 0, "num_statements": 1, "percent_covered": 0.0, "percent_covered_display": "0", "missing_lines": 1, "excluded_lines": 0}, "missing_lines": [41], "excluded_lines": []}, "": {"executed_lines": [1, 3, 4, 6, 7, 8, 9, 10, 13, 14, 16, 17, 20, 21, 23, 25, 26, 32, 33, 34, 35, 38, 40], "summary": {"covered_lines": 20, "num_statements": 20, "percent_covered": 100.0, "percent_covered_display": "100", "missing_lines": 0, "excluded_lines": 0}, "missing_lines": [], "excluded_lines": []}}}, "app/models/learn_session.py": {"executed_lines": [1, 3, 4, 6, 7, 8, 9, 10, 13, 14, 16, 17, 18, 19, 22, 23, 32, 34, 35, 38, 41, 42, 43, 46, 47, 48, 49, 51, 52, 55, 56, 57, 65], "summary": {"covered_lines": 30, "num_statements": 31, "percent_covered": 96.7741935483871, "percent_covered_display": "97", "missing_lines": 1, "excluded_lines": 0}, "missing_lines": [66], "excluded_lines": [], "functions": {"LearnSession.__repr__": {"executed_lines": [], "summary": {"covered_lines": 0, "num_statements": 1, "percent_covered": 0.0, "percent_covered_display": "0", "missing_lines": 1, "excluded_lines": 0}, "missing_lines": [66], "excluded_lines": []}, "": {"executed_lines": [1, 3, 4, 6, 7, 8, 9, 10, 13, 14, 16, 17, 18, 19, 22, 23, 32, 34, 35, 38, 41, 42, 43, 46, 47, 48, 49, 51, 52, 55, 56, 57, 65], "summary": {"covered_lines": 30, "num_statements": 30, "percent_covered": 100.0, "percent_covered_display": "100", "missing_lines": 0, "excluded_lines": 0}, "missing_lines": [], "excluded_lines": []}}, "classes": {"LearnStep": {"executed_lines": [], "summary": {"covered_lines": 0, "num_statements": 0, "percent_covered": 100.0, "percent_covered_display": "100", "missing_lines": 0, "excluded_lines": 0}, "missing_lines": [], "excluded_lines": []}, "LearnSession": {"executed_lines": [], "summary": {"covered_lines": 0, "num_statements": 1, "percent_covered": 0.0, "percent_covered_display": "0", "missing_lines": 1, "excluded_lines": 0}, "missing_lines": [66], "excluded_lines": []}, "": {"executed_lines": [1, 3, 4, 6, 7, 8, 9, 10, 13, 14, 16, 17, 18, 19, 22, 23, 32, 34, 35, 38, 41, 42, 43, 46, 47, 48, 49, 51, 52, 55, 56, 57, 65], "summary": {"covered_lines": 30, "num_statements": 30, "percent_covered": 100.0, "percent_covered_display": "100", "missing_lines": 0, "excluded_lines": 0}, "missing_lines": [], "excluded_lines": []}}}, "app/models/message.py": {"executed_lines": [1, 3, 4, 6, 7, 8, 9, 10, 13, 14, 16, 17, 20, 21, 23, 25, 26, 32, 33, 34, 35, 38, 40], "summary": {"covered_lines": 20, "num_statements": 21, "percent_covered": 95.23809523809524, "percent_covered_display": "95", "missing_lines": 1, "excluded_lines": 0}, "missing_lines": [41], "excluded_lines": [], "functions": {"Message.__repr__": {"executed_lines": [], "summary": {"covered_lines": 0, "num_statements": 1, "percent_covered": 0.0, "percent_covered_display": "0", "missing_lines": 1, "excluded_lines": 0}, "missing_lines": [41], "excluded_lines": []}, "": {"executed_lines": [1, 3, 4, 6, 7, 8, 9, 10, 13, 14, 16, 17, 20, 21, 23, 25, 26, 32, 33, 34, 35, 38, 40], "summary": {"covered_lines": 20, "num_statements": 20, "percent_covered": 100.0, "percent_covered_display": "100", "missing_lines": 0, "excluded_lines": 0}, "missing_lines": [], "excluded_lines": []}}, "classes": {"MessageRole": {"executed_lines": [], "summary": {"covered_lines": 0, "num_statements": 0, "percent_covered": 100.0, "percent_covered_display": "100", "missing_lines": 0, "excluded_lines": 0}, "missing_lines": [], "excluded_lines": []}, "Message": {"executed_lines": [], "summary": {"covered_lines": 0, "num_statements": 1, "percent_covered": 0.0, "percent_covered_display": "0", "missing_lines": 1, "excluded_lines": 0}, "missing_lines": [41], "excluded_lines": []}, "": {"executed_lines": [1, 3, 4, 6, 7, 8, 9, 10, 13, 14, 16, 17, 20, 21, 23, 25, 26, 32, 33, 34, 35, 38, 40], "summary": {"covered_lines": 20, "num_statements": 20, "percent_covered": 100.0, "percent_covered_display": "100", "missing_lines": 0, "excluded_lines": 0}, "missing_lines": [], "excluded_lines": []}}}, "app/models/password_reset.py": {"executed_lines": [1, 3, 4, 5, 6, 7, 10, 11, 13, 14, 15, 16, 17, 18, 20], "summary": {"covered_lines": 15, "num_statements": 15, "percent_covered": 100.0, "percent_covered_display": "100", "missing_lines": 0, "excluded_lines": 0}, "missing_lines": [], "excluded_lines": [], "functions": {"": {"executed_lines": [1, 3, 4, 5, 6, 7, 10, 11, 13, 14, 15, 16, 17, 18, 20], "summary": {"covered_lines": 15, "num_statements": 15, "percent_covered": 100.0, "percent_covered_display": "100", "missing_lines": 0, "excluded_lines": 0}, "missing_lines": [], "excluded_lines": []}}, "classes": {"PasswordResetToken": {"executed_lines": [], "summary": {"covered_lines": 0, "num_statements": 0, "percent_covered": 100.0, "percent_covered_display": "100", "missing_lines": 0, "excluded_lines": 0}, "missing_lines": [], "excluded_lines": []}, "": {"executed_lines": [1, 3, 4, 5, 6, 7, 10, 11, 13, 14, 15, 16, 17, 18, 20], "summary": {"covered_lines": 15, "num_statements": 15, "percent_covered": 100.0, "percent_covered_display": "100", "missing_lines": 0, "excluded_lines": 0}, "missing_lines": [], "excluded_lines": []}}}, "app/models/session.py": {"executed_lines": [1, 3, 4, 5, 6, 7, 10, 11, 13, 15, 16, 19, 22, 23, 24, 27, 28, 30], "summary": {"covered_lines": 17, "num_statements": 18, "percent_covered": 94.44444444444444, "percent_covered_display": "94", "missing_lines": 1, "excluded_lines": 0}, "missing_lines": [31], "excluded_lines": [], "functions": {"ActiveSession.__repr__": {"executed_lines": [], "summary": {"covered_lines": 0, "num_statements": 1, "percent_covered": 0.0, "percent_covered_display": "0", "missing_lines": 1, "excluded_lines": 0}, "missing_lines": [31], "excluded_lines": []}, "": {"executed_lines": [1, 3, 4, 5, 6, 7, 10, 11, 13, 15, 16, 19, 22, 23, 24, 27, 28, 30], "summary": {"covered_lines": 17, "num_statements": 17, "percent_covered": 100.0, "percent_covered_display": "100", "missing_lines": 0, "excluded_lines": 0}, "missing_lines": [], "excluded_lines": []}}, "classes": {"ActiveSession": {"executed_lines": [], "summary": {"covered_lines": 0, "num_statements": 1, "percent_covered": 0.0, "percent_covered_display": "0", "missing_lines": 1, "excluded_lines": 0}, "missing_lines": [31], "excluded_lines": []}, "": {"executed_lines": [1, 3, 4, 5, 6, 7, 10, 11, 13, 15, 16, 19, 22, 23, 24, 27, 28, 30], "summary": {"covered_lines": 17, "num_statements": 17, "percent_covered": 100.0, "percent_covered_display": "100", "missing_lines": 0, "excluded_lines": 0}, "missing_lines": [], "excluded_lines": []}}}, "app/models/solve_session.py": {"executed_lines": [1, 2, 4, 5, 6, 7, 8, 11, 12, 13, 14, 17, 18, 19, 20, 21, 22, 25, 26, 28, 30, 31, 34, 37, 38, 39, 40, 41, 42, 43, 46, 47, 48, 51, 58], "summary": {"covered_lines": 34, "num_statements": 35, "percent_covered": 97.14285714285714, "percent_covered_display": "97", "missing_lines": 1, "excluded_lines": 0}, "missing_lines": [59], "excluded_lines": [], "functions": {"SolveSession.__repr__": {"executed_lines": [], "summary": {"covered_lines": 0, "num_statements": 1, "percent_covered": 0.0, "percent_covered_display": "0", "missing_lines": 1, "excluded_lines": 0}, "missing_lines": [59], "excluded_lines": []}, "": {"executed_lines": [1, 2, 4, 5, 6, 7, 8, 11, 12, 13, 14, 17, 18, 19, 20, 21, 22, 25, 26, 28, 30, 31, 34, 37, 38, 39, 40, 41, 42, 43, 46, 47, 48, 51, 58], "summary": {"covered_lines": 34, "num_statements": 34, "percent_covered": 100.0, "percent_covered_display": "100", "missing_lines": 0, "excluded_lines": 0}, "missing_lines": [], "excluded_lines": []}}, "classes": {"SessionStatus": {"executed_lines": [], "summary": {"covered_lines": 0, "num_statements": 0, "percent_covered": 100.0, "percent_covered_display": "100", "missing_lines": 0, "excluded_lines": 0}, "missing_lines": [], "excluded_lines": []}, "SolveStep": {"executed_lines": [], "summary": {"covered_lines": 0, "num_statements": 0, "percent_covered": 100.0, "percent_covered_display": "100", "missing_lines": 0, "excluded_lines": 0}, "missing_lines": [], "excluded_lines": []}, "SolveSession": {"executed_lines": [], "summary": {"covered_lines": 0, "num_statements": 1, "percent_covered": 0.0, "percent_covered_display": "0", "missing_lines": 1, "excluded_lines": 0}, "missing_lines": [59], "excluded_lines": []}, "": {"executed_lines": [1, 2, 4, 5, 6, 7, 8, 11, 12, 13, 14, 17, 18, 19, 20, 21, 22, 25, 26, 28, 30, 31, 34, 37, 38, 39, 40, 41, 42, 43, 46, 47, 48, 51, 58], "summary": {"covered_lines": 34, "num_statements": 34, "percent_covered": 100.0, "percent_covered_display": "100", "missing_lines": 0, "excluded_lines": 0}, "missing_lines": [], "excluded_lines": []}}}, "app/models/step_history.py": {"executed_lines": [1, 3, 4, 5, 6, 7, 10, 11, 13, 14, 24, 25, 30, 31, 32, 33, 36, 38], "summary": {"covered_lines": 17, "num_statements": 18, "percent_covered": 94.44444444444444, "percent_covered_display": "94", "missing_lines": 1, "excluded_lines": 0}, "missing_lines": [39], "excluded_lines": [], "functions": {"StepHistory.__repr__": {"executed_lines": [], "summary": {"covered_lines": 0, "num_statements": 1, "percent_covered": 0.0, "percent_covered_display": "0", "missing_lines": 1, "excluded_lines": 0}, "missing_lines": [39], "excluded_lines": []}, "": {"executed_lines": [1, 3, 4, 5, 6, 7, 10, 11, 13, 14, 24, 25, 30, 31, 32, 33, 36, 38], "summary": {"covered_lines": 17, "num_statements": 17, "percent_covered": 100.0, "percent_covered_display": "100", "missing_lines": 0, "excluded_lines": 0}, "missing_lines": [], "excluded_lines": []}}, "classes": {"StepHistory": {"executed_lines": [], "summary": {"covered_lines": 0, "num_statements": 1, "percent_covered": 0.0, "percent_covered_display": "0", "missing_lines": 1, "excluded_lines": 0}, "missing_lines": [39], "excluded_lines": []}, "": {"executed_lines": [1, 3, 4, 5, 6, 7, 10, 11, 13, 14, 24, 25, 30, 31, 32, 33, 36, 38], "summary": {"covered_lines": 17, "num_statements": 17, "percent_covered": 100.0, "percent_covered_display": "100", "missing_lines": 0, "excluded_lines": 0}, "missing_lines": [], "excluded_lines": []}}}, "app/models/subscription.py": {"executed_lines": [1, 3, 4, 5, 14, 15, 18, 19, 21, 23, 24, 30, 31, 32, 33, 34, 35, 36, 37, 38, 45, 47, 51, 52, 54, 55, 60, 61, 67, 68, 69, 70], "summary": {"covered_lines": 30, "num_statements": 31, "percent_covered": 96.7741935483871, "percent_covered_display": "97", "missing_lines": 1, "excluded_lines": 0}, "missing_lines": [48], "excluded_lines": [], "functions": {"Subscription.__repr__": {"executed_lines": [], "summary": {"covered_lines": 0, "num_statements": 1, "percent_covered": 0.0, "percent_covered_display": "0", "missing_lines": 1, "excluded_lines": 0}, "missing_lines": [48], "excluded_lines": []}, "": {"executed_lines": [1, 3, 4, 5, 14, 15, 18, 19, 21, 23, 24, 30, 31, 32, 33, 34, 35, 36, 37, 38, 45, 47, 51, 52, 54, 55, 60, 61, 67, 68, 69, 70], "summary": {"covered_lines": 30, "num_statements": 30, "percent_covered": 100.0, "percent_covered_display": "100", "missing_lines": 0, "excluded_lines": 0}, "missing_lines": [], "excluded_lines": []}}, "classes": {"Subscription": {"executed_lines": [], "summary": {"covered_lines": 0, "num_statements": 1, "percent_covered": 0.0, "percent_covered_display": "0", "missing_lines": 1, "excluded_lines": 0}, "missing_lines": [48], "excluded_lines": []}, "Usage": {"executed_lines": [], "summary": {"covered_lines": 0, "num_statements": 0, "percent_covered": 100.0, "percent_covered_display": "100", "missing_lines": 0, "excluded_lines": 0}, "missing_lines": [], "excluded_lines": []}, "": {"executed_lines": [1, 3, 4, 5, 14, 15, 18, 19, 21, 23, 24, 30, 31, 32, 33, 34, 35, 36, 37, 38, 45, 47, 51, 52, 54, 55, 60, 61, 67, 68, 69, 70], "summary": {"covered_lines": 30, "num_statements": 30, "percent_covered": 100.0, "percent_covered_display": "100", "missing_lines": 0, "excluded_lines": 0}, "missing_lines": [], "excluded_lines": []}}}, "app/models/user.py": {"executed_lines": [1, 3, 4, 5, 6, 7, 10, 11, 13, 15, 16, 17, 18, 19, 20, 21, 22, 23, 30, 33, 36, 39, 42, 43, 47], "summary": {"covered_lines": 24, "num_statements": 25, "percent_covered": 96.0, "percent_covered_display": "96", "missing_lines": 1, "excluded_lines": 0}, "missing_lines": [48], "excluded_lines": [], "functions": {"User.__repr__": {"executed_lines": [], "summary": {"covered_lines": 0, "num_statements": 1, "percent_covered": 0.0, "percent_covered_display": "0", "missing_lines": 1, "excluded_lines": 0}, "missing_lines": [48], "excluded_lines": []}, "": {"executed_lines": [1, 3, 4, 5, 6, 7, 10, 11, 13, 15, 16, 17, 18, 19, 20, 21, 22, 23, 30, 33, 36, 39, 42, 43, 47], "summary": {"covered_lines": 24, "num_statements": 24, "percent_covered": 100.0, "percent_covered_display": "100", "missing_lines": 0, "excluded_lines": 0}, "missing_lines": [], "excluded_lines": []}}, "classes": {"User": {"executed_lines": [], "summary": {"covered_lines": 0, "num_statements": 1, "percent_covered": 0.0, "percent_covered_display": "0", "missing_lines": 1, "excluded_lines": 0}, "missing_lines": [48], "excluded_lines": []}, "": {"executed_lines": [1, 3, 4, 5, 6, 7, 10, 11, 13, 15, 16, 17, 18, 19, 20, 21, 22, 23, 30, 33, 36, 39, 42, 43, 47], "summary": {"covered_lines": 24, "num_statements": 24, "percent_covered": 100.0, "percent_covered_display": "100", "missing_lines": 0, "excluded_lines": 0}, "missing_lines": [], "excluded_lines": []}}}, "app/models/webhook_event.py": {"executed_lines": [1, 3, 4, 5, 6, 9, 10, 12, 14, 15, 16, 17, 18, 19, 20], "summary": {"covered_lines": 14, "num_statements": 14, "percent_covered": 100.0, "percent_covered_display": "100", "missing_lines": 0, "excluded_lines": 0}, "missing_lines": [], "excluded_lines": [], "functions": {"": {"executed_lines": [1, 3, 4, 5, 6, 9, 10, 12, 14, 15, 16, 17, 18, 19, 20], "summary": {"covered_lines": 14, "num_statements": 14, "percent_covered": 100.0, "percent_covered_display": "100", "missing_lines": 0, "excluded_lines": 0}, "missing_lines": [], "excluded_lines": []}}, "classes": {"ProcessedWebhookEvent": {"executed_lines": [], "summary": {"covered_lines": 0, "num_statements": 0, "percent_covered": 100.0, "percent_covered_display": "100", "missing_lines": 0, "excluded_lines": 0}, "missing_lines": [], "excluded_lines": []}, "": {"executed_lines": [1, 3, 4, 5, 6, 9, 10, 12, 14, 15, 16, 17, 18, 19, 20], "summary": {"covered_lines": 14, "num_statements": 14, "percent_covered": 100.0, "percent_covered_display": "100", "missing_lines": 0, "excluded_lines": 0}, "missing_lines": [], "excluded_lines": []}}}, "app/routers/__init__.py": {"executed_lines": [3, 14], "summary": {"covered_lines": 2, "num_statements": 2, "percent_covered": 100.0, "percent_covered_display": "100", "missing_lines": 0, "excluded_lines": 0}, "missing_lines": [], "excluded_lines": [], "functions": {"": {"executed_lines": [3, 14], "summary": {"covered_lines": 2, "num_statements": 2, "percent_covered": 100.0, "percent_covered_display": "100", "missing_lines": 0, "excluded_lines": 0}, "missing_lines": [], "excluded_lines": []}}, "classes": {"": {"executed_lines": [3, 14], "summary": {"covered_lines": 2, "num_statements": 2, "percent_covered": 100.0, "percent_covered_display": "100", "missing_lines": 0, "excluded_lines": 0}, "missing_lines": [], "excluded_lines": []}}}, "app/routers/account.py": {"executed_lines": [1, 2, 3, 5, 6, 7, 8, 9, 10, 11, 12, 13, 14, 15, 16, 17, 18, 19, 20, 22, 23, 26, 32, 75, 76, 219, 229, 230], "summary": {"covered_lines": 28, "num_statements": 51, "percent_covered": 54.90196078431372, "percent_covered_display": "55", "missing_lines": 23, "excluded_lines": 0}, "missing_lines": [27, 28, 29, 83, 88, 89, 90, 92, 97, 106, 111, 122, 133, 135, 237, 240, 241, 242, 243, 244, 245, 246, 247], "excluded_lines": [], "functions": {"_dt": {"executed_lines": [], "summary": {"covered_lines": 0, "num_statements": 3, "percent_covered": 0.0, "percent_covered_display": "0", "missing_lines": 3, "excluded_lines": 0}, "missing_lines": [27, 28, 29], "excluded_lines": []}, "export_account": {"executed_lines": [], "summary": {"covered_lines": 0, "num_statements": 11, "percent_covered": 0.0, "percent_covered_display": "0", "missing_lines": 11, "excluded_lines": 0}, "missing_lines": [83, 88, 89, 90, 92, 97, 106, 111, 122, 133, 135], "excluded_lines": []}, "delete_account": {"executed_lines": [], "summary": {"covered_lines": 0, "num_statements": 9, "percent_covered": 0.0, "percent_covered_display": "0", "missing_lines": 9, "excluded_lines": 0}, "missing_lines": [237, 240, 241, 242, 243, 244, 245, 246, 247], "excluded_lines": []}, "": {"executed_lines": [1, 2, 3, 5, 6, 7, 8, 9, 10, 11, 12, 13, 14, 15, 16, 17, 18, 19, 20, 22, 23, 26, 32, 75, 76, 219, 229, 230], "summary": {"covered_lines": 28, "num_statements": 28, "percent_covered": 100.0, "percent_covered_display": "100", "missing_lines": 0, "excluded_lines": 0}, "missing_lines": [], "excluded_lines": []}}, "classes": {"": {"executed_lines": [1, 2, 3, 5, 6, 7, 8, 9, 10, 11, 12, 13, 14, 15, 16, 17, 18, 19, 20, 22, 23, 26, 32, 75, 76, 219, 229, 230], "summary": {"covered_lines": 28, "num_statements": 51, "percent_covered": 54.90196078431372, "percent_covered_display": "55", "missing_lines": 23, "excluded_lines": 0}, "missing_lines": [27, 28, 29, 83, 88, 89, 90, 92, 97, 106, 111, 122, 133, 135, 237, 240, 241, 242, 243, 244, 245, 246, 247], "excluded_lines": []}}}, "app/routers/auth/__init__.py": {"executed_lines": [1, 15, 17, 20, 23, 24, 25, 26, 27, 28, 29, 30, 32], "summary": {"covered_lines": 12, "num_statements": 12, "percent_covered": 100.0, "percent_covered_display": "100", "missing_lines": 0, "excluded_lines": 0}, "missing_lines": [], "excluded_lines": [], "functions": {"": {"executed_lines": [1, 15, 17, 20, 23, 24, 25, 26, 27, 28, 29, 30, 32], "summary": {"covered_lines": 12, "num_statements": 12, "percent_covered": 100.0, "percent_covered_display": "100", "missing_lines": 0, "excluded_lines": 0}, "missing_lines": [], "excluded_lines": []}}, "classes": {"": {"executed_lines": [1, 15, 17, 20, 23, 24, 25, 26, 27, 28, 29, 30, 32], "summary": {"covered_lines": 12, "num_statements": 12, "percent_covered": 100.0, "percent_covered_display": "100", "missing_lines": 0, "excluded_lines": 0}, "missing_lines": [], "excluded_lines": []}}}, "app/routers/auth/config.py": {"executed_lines": [1, 6, 7, 8, 9, 11, 13, 16, 23], "summary": {"covered_lines": 8, "num_statements": 9, "percent_covered": 88.88888888888889, "percent_covered_display": "89", "missing_lines": 1, "excluded_lines": 0}, "missing_lines": [25], "excluded_lines": [], "functions": {"get_features": {"executed_lines": [], "summary": {"covered_lines": 0, "num_statements": 1, "percent_covered": 0.0, "percent_covered_display": "0", "missing_lines": 1, "excluded_lines": 0}, "missing_lines": [25], "excluded_lines": []}, "": {"executed_lines": [1, 6, 7, 8, 9, 11, 13, 16, 23], "summary": {"covered_lines": 8, "num_statements": 8, "percent_covered": 100.0, "percent_covered_display": "100", "missing_lines": 0, "excluded_lines": 0}, "missing_lines": [], "excluded_lines": []}}, "classes": {"": {"executed_lines": [1, 6, 7, 8, 9, 11, 13, 16, 23], "summary": {"covered_lines": 8, "num_statements": 9, "percent_covered": 88.88888888888889, "percent_covered_display": "89", "missing_lines": 1, "excluded_lines": 0}, "missing_lines": [25], "excluded_lines": []}}}, "app/routers/auth/csrf.py": {"executed_lines": [1, 6, 7, 8, 9, 11, 14, 24, 26, 27, 28], "summary": {"covered_lines": 10, "num_statements": 10, "percent_covered": 100.0, "percent_covered_display": "100", "missing_lines": 0, "excluded_lines": 0}, "missing_lines": [], "excluded_lines": [], "functions": {"get_csrf_token": {"executed_lines": [26, 27, 28], "summary": {"covered_lines": 3, "num_statements": 3, "percent_covered": 100.0, "percent_covered_display": "100", "missing_lines": 0, "excluded_lines": 0}, "missing_lines": [], "excluded_lines": []}, "": {"executed_lines": [1, 6, 7, 8, 9, 11, 14, 24], "summary": {"covered_lines": 7, "num_statements": 7, "percent_covered": 100.0, "percent_covered_display": "100", "missing_lines": 0, "excluded_lines": 0}, "missing_lines": [], "excluded_lines": []}}, "classes": {"": {"executed_lines": [1, 6, 7, 8, 9, 11, 14, 24, 26, 27, 28], "summary": {"covered_lines": 10, "num_statements": 10, "percent_covered": 100.0, "percent_covered_display": "100", "missing_lines": 0, "excluded_lines": 0}, "missing_lines": [], "excluded_lines": []}}}, "app/routers/auth/login.py": {"executed_lines": [1, 6, 8, 9, 10, 11, 12, 13, 14, 15, 16, 17, 18, 19, 20, 21, 22, 24, 26, 27, 29, 32, 39, 40, 65, 72, 73], "summary": {"covered_lines": 26, "num_statements": 68, "percent_covered": 38.23529411764706, "percent_covered_display": "38", "missing_lines": 42, "excluded_lines": 0}, "missing_lines": [47, 52, 53, 54, 56, 57, 58, 59, 60, 61, 62, 80, 81, 83, 84, 89, 91, 92, 93, 94, 99, 100, 102, 103, 104, 105, 106, 107, 108, 109, 110, 112, 117, 118, 120, 121, 122, 125, 126, 127, 129, 130], "excluded_lines": [], "functions": {"login": {"executed_lines": [], "summary": {"covered_lines": 0, "num_statements": 11, "percent_covered": 0.0, "percent_covered_display": "0", "missing_lines": 11, "excluded_lines": 0}, "missing_lines": [47, 52, 53, 54, 56, 57, 58, 59, 60, 61, 62], "excluded_lines": []}, "beta_login": {"executed_lines": [], "summary": {"covered_lines": 0, "num_statements": 31, "percent_covered": 0.0, "percent_covered_display": "0", "missing_lines": 31, "excluded_lines": 0}, "missing_lines": [80, 81, 83, 84, 89, 91, 92, 93, 94, 99, 100, 102, 103, 104, 105, 106, 107, 108, 109, 110, 112, 117, 118, 120, 121, 122, 125, 126, 127, 129, 130], "excluded_lines": []}, "": {"executed_lines": [1, 6, 8, 9, 10, 11, 12, 13, 14, 15, 16, 17, 18, 19, 20, 21, 22, 24, 26, 27, 29, 32, 39, 40, 65, 72, 73], "summary": {"covered_lines": 26, "num_statements": 26, "percent_covered": 100.0, "percent_covered_display": "100", "missing_lines": 0, "excluded_lines": 0}, "missing_lines": [], "excluded_lines": []}}, "classes": {"": {"executed_lines": [1, 6, 8, 9, 10, 11, 12, 13, 14, 15, 16, 17, 18, 19, 20, 21, 22, 24, 26, 27, 29, 32, 39, 40, 65, 72, 73], "summary": {"covered_lines": 26, "num_statements": 68, "percent_covered": 38.23529411764706, "percent_covered_display": "38", "missing_lines": 42, "excluded_lines": 0}, "missing_lines": [47, 52, 53, 54, 56, 57, 58, 59, 60, 61, 62, 80, 81, 83, 84, 89, 91, 92, 93, 94, 99, 100, 102, 103, 104, 105, 106, 107, 108, 109, 110, 112, 117, 118, 120, 121, 122, 125, 126, 127, 129, 130], "excluded_lines": []}}}, "app/routers/auth/oauth.py": {"executed_lines": [1, 6, 7, 8, 9, 10, 11, 12, 13, 15, 17, 20, 27, 28, 61, 68, 69, 84, 91, 92], "summary": {"covered_lines": 19, "num_statements": 37, "percent_covered": 51.351351351351354, "percent_covered_display": "51", "missing_lines": 18, "excluded_lines": 0}, "missing_lines": [49, 50, 51, 56, 57, 58, 76, 77, 78, 79, 80, 81, 99, 100, 101, 102, 103, 104], "excluded_lines": [], "functions": {"google_oauth_code": {"executed_lines": [], "summary": {"covered_lines": 0, "num_statements": 6, "percent_covered": 0.0, "percent_covered_display": "0", "missing_lines": 6, "excluded_lines": 0}, "missing_lines": [49, 50, 51, 56, 57, 58], "excluded_lines": []}, "google_oauth": {"executed_lines": [], "summary": {"covered_lines": 0, "num_statements": 6, "percent_covered": 0.0, "percent_covered_display": "0", "missing_lines": 6, "excluded_lines": 0}, "missing_lines": [76, 77, 78, 79, 80, 81], "excluded_lines": []}, "apple_oauth": {"executed_lines": [], "summary": {"covered_lines": 0, "num_statements": 6, "percent_covered": 0.0, "percent_covered_display": "0", "missing_lines": 6, "excluded_lines": 0}, "missing_lines": [99, 100, 101, 102, 103, 104], "excluded_lines": []}, "": {"executed_lines": [1, 6, 7, 8, 9, 10, 11, 12, 13, 15, 17, 20, 27, 28, 61, 68, 69, 84, 91, 92], "summary": {"covered_lines": 19, "num_statements": 19, "percent_covered": 100.0, "percent_covered_display": "100", "missing_lines": 0, "excluded_lines": 0}, "missing_lines": [], "excluded_lines": []}}, "classes": {"": {"executed_lines": [1, 6, 7, 8, 9, 10, 11, 12, 13, 15, 17, 20, 27, 28, 61, 68, 69, 84, 91, 92], "summary": {"covered_lines": 19, "num_statements": 37, "percent_covered": 51.351351351351354, "percent_covered_display": "51", "missing_lines": 18, "excluded_lines": 0}, "missing_lines": [49, 50, 51, 56, 57, 58, 76, 77, 78, 79, 80, 81, 99, 100, 101, 102, 103, 104], "excluded_lines": []}}}, "app/routers/auth/password_reset.py": {"executed_lines": [1, 6, 7, 8, 10, 11, 12, 13, 19, 20, 21, 22, 27, 28, 29, 30, 31, 32, 33, 34, 35, 37, 38, 39, 41, 44, 66, 71, 78, 110, 127, 128, 135, 136, 153, 155, 161], "summary": {"covered_lines": 36, "num_statements": 56, "percent_covered": 64.28571428571429, "percent_covered_display": "64", "missing_lines": 20, "excluded_lines": 0}, "missing_lines": [79, 81, 82, 84, 85, 90, 91, 94, 95, 96, 97, 100, 101, 107, 145, 147, 148, 152, 159, 160], "excluded_lines": [], "functions": {"forgot_password": {"executed_lines": [78], "summary": {"covered_lines": 1, "num_statements": 15, "percent_covered": 6.666666666666667, "percent_covered_display": "7", "missing_lines": 14, "excluded_lines": 0}, "missing_lines": [79, 81, 82, 84, 85, 90, 91, 94, 95, 96, 97, 100, 101, 107], "excluded_lines": []}, "reset_password": {"executed_lines": [135, 136, 153, 155, 161], "summary": {"covered_lines": 5, "num_statements": 11, "percent_covered": 45.45454545454545, "percent_covered_display": "45", "missing_lines": 6, "excluded_lines": 0}, "missing_lines": [145, 147, 148, 152, 159, 160], "excluded_lines": []}, "": {"executed_lines": [1, 6, 7, 8, 10, 11, 12, 13, 19, 20, 21, 22, 27, 28, 29, 30, 31, 32, 33, 34, 35, 37, 38, 39, 41, 44, 66, 71, 110, 127, 128], "summary": {"covered_lines": 30, "num_statements": 30, "percent_covered": 100.0, "percent_covered_display": "100", "missing_lines": 0, "excluded_lines": 0}, "missing_lines": [], "excluded_lines": []}}, "classes": {"": {"executed_lines": [1, 6, 7, 8, 10, 11, 12, 13, 19, 20, 21, 22, 27, 28, 29, 30, 31, 32, 33, 34, 35, 37, 38, 39, 41, 44, 66, 71, 78, 110, 127, 128, 135, 136, 153, 155, 161], "summary": {"covered_lines": 36, "num_statements": 56, "percent_covered": 64.28571428571429, "percent_covered_display": "64", "missing_lines": 20, "excluded_lines": 0}, "missing_lines": [79, 81, 82, 84, 85, 90, 91, 94, 95, 96, 97, 100, 101, 107, 145, 147, 148, 152, 159, 160], "excluded_lines": []}}}, "app/routers/auth/register.py": {"executed_lines": [1, 6, 7, 8, 9, 10, 11, 12, 13, 15, 17, 20, 31, 32, 39, 40, 41], "summary": {"covered_lines": 16, "num_statements": 19, "percent_covered": 84.21052631578948, "percent_covered_display": "84", "missing_lines": 3, "excluded_lines": 0}, "missing_lines": [42, 43, 44], "excluded_lines": [], "functions": {"register": {"executed_lines": [39, 40, 41], "summary": {"covered_lines": 3, "num_statements": 6, "percent_covered": 50.0, "percent_covered_display": "50", "missing_lines": 3, "excluded_lines": 0}, "missing_lines": [42, 43, 44], "excluded_lines": []}, "": {"executed_lines": [1, 6, 7, 8, 9, 10, 11, 12, 13, 15, 17, 20, 31, 32], "summary": {"covered_lines": 13, "num_statements": 13, "percent_covered": 100.0, "percent_covered_display": "100", "missing_lines": 0, "excluded_lines": 0}, "missing_lines": [], "excluded_lines": []}}, "classes": {"": {"executed_lines": [1, 6, 7, 8, 9, 10, 11, 12, 13, 15, 17, 20, 31, 32, 39, 40, 41], "summary": {"covered_lines": 16, "num_statements": 19, "percent_covered": 84.21052631578948, "percent_covered_display": "84", "missing_lines": 3, "excluded_lines": 0}, "missing_lines": [42, 43, 44], "excluded_lines": []}}}, "app/routers/auth/tokens.py": {"executed_lines": [1, 6, 8, 9, 10, 11, 12, 13, 14, 15, 16, 17, 18, 19, 20, 21, 22, 23, 25, 27, 28, 30, 33, 40, 41, 71, 81, 82], "summary": {"covered_lines": 27, "num_statements": 70, "percent_covered": 38.57142857142857, "percent_covered_display": "39", "missing_lines": 43, "excluded_lines": 0}, "missing_lines": [48, 49, 50, 52, 53, 54, 56, 57, 58, 60, 61, 62, 63, 64, 66, 67, 68, 90, 93, 94, 95, 96, 97, 98, 100, 102, 103, 104, 106, 107, 108, 109, 110, 113, 119, 120, 124, 125, 126, 128, 129, 130, 131], "excluded_lines": [], "functions": {"refresh": {"executed_lines": [], "summary": {"covered_lines": 0, "num_statements": 17, "percent_covered": 0.0, "percent_covered_display": "0", "missing_lines": 17, "excluded_lines": 0}, "missing_lines": [48, 49, 50, 52, 53, 54, 56, 57, 58, 60, 61, 62, 63, 64, 66, 67, 68], "excluded_lines": []}, "logout": {"executed_lines": [], "summary": {"covered_lines": 0, "num_statements": 26, "percent_covered": 0.0, "percent_covered_display": "0", "missing_lines": 26, "excluded_lines": 0}, "missing_lines": [90, 93, 94, 95, 96, 97, 98, 100, 102, 103, 104, 106, 107, 108, 109, 110, 113, 119, 120, 124, 125, 126, 128, 129, 130, 131], "excluded_lines": []}, "": {"executed_lines": [1, 6, 8, 9, 10, 11, 12, 13, 14, 15, 16, 17, 18, 19, 20, 21, 22, 23, 25, 27, 28, 30, 33, 40, 41, 71, 81, 82], "summary": {"covered_lines": 27, "num_statements": 27, "percent_covered": 100.0, "percent_covered_display": "100", "missing_lines": 0, "excluded_lines": 0}, "missing_lines": [], "excluded_lines": []}}, "classes": {"": {"executed_lines": [1, 6, 8, 9, 10, 11, 12, 13, 14, 15, 16, 17, 18, 19, 20, 21, 22, 23, 25, 27, 28, 30, 33, 40, 41, 71, 81, 82], "summary": {"covered_lines": 27, "num_statements": 70, "percent_covered": 38.57142857142857, "percent_covered_display": "39", "missing_lines": 43, "excluded_lines": 0}, "missing_lines": [48, 49, 50, 52, 53, 54, 56, 57, 58, 60, 61, 62, 63, 64, 66, 67, 68, 90, 93, 94, 95, 96, 97, 98, 100, 102, 103, 104, 106, 107, 108, 109, 110, 113, 119, 120, 124, 125, 126, 128, 129, 130, 131], "excluded_lines": []}}}, "app/routers/auth/user.py": {"executed_lines": [1, 6, 8, 9, 10, 11, 12, 13, 14, 15, 16, 17, 18, 19, 20, 21, 23, 25, 28, 35, 36, 52, 59, 60, 94, 104, 105, 160, 167, 168, 205, 215, 216], "summary": {"covered_lines": 32, "num_statements": 78, "percent_covered": 41.02564102564103, "percent_covered_display": "41", "missing_lines": 46, "excluded_lines": 0}, "missing_lines": [42, 68, 73, 74, 75, 76, 77, 78, 79, 80, 89, 90, 91, 123, 126, 127, 128, 130, 131, 136, 137, 145, 146, 148, 149, 152, 154, 155, 156, 157, 175, 176, 177, 179, 187, 188, 201, 202, 228, 233, 234, 235, 237, 238, 239, 240], "excluded_lines": [], "functions": {"get_current_user_info": {"executed_lines": [], "summary": {"covered_lines": 0, "num_statements": 1, "percent_covered": 0.0, "percent_covered_display": "0", "missing_lines": 1, "excluded_lines": 0}, "missing_lines": [42], "excluded_lines": []}, "list_devices": {"executed_lines": [], "summary": {"covered_lines": 0, "num_statements": 12, "percent_covered": 0.0, "percent_covered_display": "0", "missing_lines": 12, "excluded_lines": 0}, "missing_lines": [68, 73, 74, 75, 76, 77, 78, 79, 80, 89, 90, 91], "excluded_lines": []}, "revoke_device": {"executed_lines": [], "summary": {"covered_lines": 0, "num_statements": 17, "percent_covered": 0.0, "percent_covered_display": "0", "missing_lines": 17, "excluded_lines": 0}, "missing_lines": [123, 126, 127, 128, 130, 131, 136, 137, 145, 146, 148, 149, 152, 154, 155, 156, 157], "excluded_lines": []}, "list_sessions": {"executed_lines": [], "summary": {"covered_lines": 0, "num_statements": 8, "percent_covered": 0.0, "percent_covered_display": "0", "missing_lines": 8, "excluded_lines": 0}, "missing_lines": [175, 176, 177, 179, 187, 188, 201, 202], "excluded_lines": []}, "revoke_session": {"executed_lines": [], "summary": {"covered_lines": 0, "num_statements": 8, "percent_covered": 0.0, "percent_covered_display": "0", "missing_lines": 8, "excluded_lines": 0}, "missing_lines": [228, 233, 234, 235, 237, 238, 239, 240], "excluded_lines": []}, "": {"executed_lines": [1, 6, 8, 9, 10, 11, 12, 13, 14, 15, 16, 17, 18, 19, 20, 21, 23, 25, 28, 35, 36, 52, 59, 60, 94, 104, 105, 160, 167, 168, 205, 215, 216], "summary": {"covered_lines": 32, "num_statements": 32, "percent_covered": 100.0, "percent_covered_display": "100", "missing_lines": 0, "excluded_lines": 0}, "missing_lines": [], "excluded_lines": []}}, "classes": {"": {"executed_lines": [1, 6, 8, 9, 10, 11, 12, 13, 14, 15, 16, 17, 18, 19, 20, 21, 23, 25, 28, 35, 36, 52, 59, 60, 94, 104, 105, 160, 167, 168, 205, 215, 216], "summary": {"covered_lines": 32, "num_statements": 78, "percent_covered": 41.02564102564103, "percent_covered_display": "41", "missing_lines": 46, "excluded_lines": 0}, "missing_lines": [42, 68, 73, 74, 75, 76, 77, 78, 79, 80, 89, 90, 91, 123, 126, 127, 128, 130, 131, 136, 137, 145, 146, 148, 149, 152, 154, 155, 156, 157, 175, 176, 177, 179, 187, 188, 201, 202, 228, 233, 234, 235, 237, 238, 239, 240], "excluded_lines": []}}}, "app/routers/auth/utils.py": {"executed_lines": [1, 6, 7, 8, 9, 10, 11, 12, 14, 15, 18, 20, 28, 32, 40, 48, 52, 53, 56, 80, 83, 86], "summary": {"covered_lines": 21, "num_statements": 22, "percent_covered": 95.45454545454545, "percent_covered_display": "95", "missing_lines": 1, "excluded_lines": 0}, "missing_lines": [29], "excluded_lines": [], "functions": {"set_auth_cookies": {"executed_lines": [20, 28, 32, 40], "summary": {"covered_lines": 4, "num_statements": 5, "percent_covered": 80.0, "percent_covered_display": "80", "missing_lines": 1, "excluded_lines": 0}, "missing_lines": [29], "excluded_lines": []}, "set_session_cookies": {"executed_lines": [52, 53], "summary": {"covered_lines": 2, "num_statements": 2, "percent_covered": 100.0, "percent_covered_display": "100", "missing_lines": 0, "excluded_lines": 0}, "missing_lines": [], "excluded_lines": []}, "create_auth_response": {"executed_lines": [80, 83, 86], "summary": {"covered_lines": 3, "num_statements": 3, "percent_covered": 100.0, "percent_covered_display": "100", "missing_lines": 0, "excluded_lines": 0}, "missing_lines": [], "excluded_lines": []}, "": {"executed_lines": [1, 6, 7, 8, 9, 10, 11, 12, 14, 15, 18, 48, 56], "summary": {"covered_lines": 12, "num_statements": 12, "percent_covered": 100.0, "percent_covered_display": "100", "missing_lines": 0, "excluded_lines": 0}, "missing_lines": [], "excluded_lines": []}}, "classes": {"": {"executed_lines": [1, 6, 7, 8, 9, 10, 11, 12, 14, 15, 18, 20, 28, 32, 40, 48, 52, 53, 56, 80, 83, 86], "summary": {"covered_lines": 21, "num_statements": 22, "percent_covered": 95.45454545454545, "percent_covered_display": "95", "missing_lines": 1, "excluded_lines": 0}, "missing_lines": [29], "excluded_lines": []}}}, "app/routers/config.py": {"executed_lines": [1, 3, 4, 5, 6, 8, 9, 12, 13, 14], "summary": {"covered_lines": 9, "num_statements": 10, "percent_covered": 90.0, "percent_covered_display": "90", "missing_lines": 1, "excluded_lines": 0}, "missing_lines": [16], "excluded_lines": [], "functions": {"get_features": {"executed_lines": [], "summary": {"covered_lines": 0, "num_statements": 1, "percent_covered": 0.0, "percent_covered_display": "0", "missing_lines": 1, "excluded_lines": 0}, "missing_lines": [16], "excluded_lines": []}, "": {"executed_lines": [1, 3, 4, 5, 6, 8, 9, 12, 13, 14], "summary": {"covered_lines": 9, "num_statements": 9, "percent_covered": 100.0, "percent_covered_display": "100", "missing_lines": 0, "excluded_lines": 0}, "missing_lines": [], "excluded_lines": []}}, "classes": {"": {"executed_lines": [1, 3, 4, 5, 6, 8, 9, 12, 13, 14], "summary": {"covered_lines": 9, "num_statements": 10, "percent_covered": 90.0, "percent_covered_display": "90", "missing_lines": 1, "excluded_lines": 0}, "missing_lines": [16], "excluded_lines": []}}}, "app/routers/learn/__init__.py": {"executed_lines": [1, 13, 14, 15, 17, 18, 19, 20, 21, 22, 23, 24, 25, 26, 27, 28, 29, 31, 32, 36, 137, 145, 156, 164, 165, 167, 168, 169, 170, 173, 174, 176, 177, 180, 181, 183, 184, 185, 186, 187, 190, 191, 193, 194, 195, 196, 197, 198, 199, 200, 201, 204, 205, 207, 208, 209, 210, 211, 212, 215, 216, 218, 219, 220, 221, 227, 234, 235, 309, 315, 316, 364, 371, 372, 401, 403], "summary": {"covered_lines": 69, "num_statements": 117, "percent_covered": 58.97435897435897, "percent_covered_display": "59", "missing_lines": 48, "excluded_lines": 0}, "missing_lines": [147, 148, 149, 150, 151, 152, 153, 158, 244, 256, 268, 269, 272, 277, 279, 280, 282, 283, 284, 288, 299, 325, 331, 333, 334, 336, 338, 339, 340, 341, 342, 344, 345, 346, 347, 348, 349, 351, 352, 354, 379, 385, 387, 388, 390, 391, 393, 398], "excluded_lines": [], "functions": {"get_next_learn_step": {"executed_lines": [], "summary": {"covered_lines": 0, "num_statements": 7, "percent_covered": 0.0, "percent_covered_display": "0", "missing_lines": 7, "excluded_lines": 0}, "missing_lines": [147, 148, 149, 150, 151, 152, 153], "excluded_lines": []}, "is_final_learn_step": {"executed_lines": [], "summary": {"covered_lines": 0, "num_statements": 1, "percent_covered": 0.0, "percent_covered_display": "0", "missing_lines": 1, "excluded_lines": 0}, "missing_lines": [158], "excluded_lines": []}, "list_learn_sessions": {"executed_lines": [], "summary": {"covered_lines": 0, "num_statements": 13, "percent_covered": 0.0, "percent_covered_display": "0", "missing_lines": 13, "excluded_lines": 0}, "missing_lines": [244, 256, 268, 269, 272, 277, 279, 280, 282, 283, 284, 288, 299], "excluded_lines": []}, "update_learn_session": {"executed_lines": [], "summary": {"covered_lines": 0, "num_statements": 19, "percent_covered": 0.0, "percent_covered_display": "0", "missing_lines": 19, "excluded_lines": 0}, "missing_lines": [325, 331, 333, 334, 336, 338, 339, 340, 341, 342, 344, 345, 346, 347, 348, 349, 351, 352, 354], "excluded_lines": []}, "delete_learn_session": {"executed_lines": [], "summary": {"covered_lines": 0, "num_statements": 8, "percent_covered": 0.0, "percent_covered_display": "0", "missing_lines": 8, "excluded_lines": 0}, "missing_lines": [379, 385, 387, 388, 390, 391, 393, 398], "excluded_lines": []}, "": {"executed_lines": [1, 13, 14, 15, 17, 18, 19, 20, 21, 22, 23, 24, 25, 26, 27, 28, 29, 31, 32, 36, 137, 145, 156, 164, 165, 167, 168, 169, 170, 173, 174, 176, 177, 180, 181, 183, 184, 185, 186, 187, 190, 191, 193, 194, 195, 196, 197, 198, 199, 200, 201, 204, 205, 207, 208, 209, 210, 211, 212, 215, 216, 218, 219, 220, 221, 227, 234, 235, 309, 315, 316, 364, 371, 372, 401, 403], "summary": {"covered_lines": 69, "num_statements": 69, "percent_covered": 100.0, "percent_covered_display": "100", "missing_lines": 0, "excluded_lines": 0}, "missing_lines": [], "excluded_lines": []}}, "classes": {"LearnSessionCreateResponse": {"executed_lines": [], "summary": {"covered_lines": 0, "num_statements": 0, "percent_covered": 100.0, "percent_covered_display": "100", "missing_lines": 0, "excluded_lines": 0}, "missing_lines": [], "excluded_lines": []}, "LearnMessageRequest": {"executed_lines": [], "summary": {"covered_lines": 0, "num_statements": 0, "percent_covered": 100.0, "percent_covered_display": "100", "missing_lines": 0, "excluded_lines": 0}, "missing_lines": [], "excluded_lines": []}, "LearnMessageResponse": {"executed_lines": [], "summary": {"covered_lines": 0, "num_statements": 0, "percent_covered": 100.0, "percent_covered_display": "100", "missing_lines": 0, "excluded_lines": 0}, "missing_lines": [], "excluded_lines": []}, "LearnSessionResponse": {"executed_lines": [], "summary": {"covered_lines": 0, "num_statements": 0, "percent_covered": 100.0, "percent_covered_display": "100", "missing_lines": 0, "excluded_lines": 0}, "missing_lines": [], "excluded_lines": []}, "LearnSessionListItem": {"executed_lines": [], "summary": {"covered_lines": 0, "num_statements": 0, "percent_covered": 100.0, "percent_covered_display": "100", "missing_lines": 0, "excluded_lines": 0}, "missing_lines": [], "excluded_lines": []}, "LearnSessionListResponse": {"executed_lines": [], "summary": {"covered_lines": 0, "num_statements": 0, "percent_covered": 100.0, "percent_covered_display": "100", "missing_lines": 0, "excluded_lines": 0}, "missing_lines": [], "excluded_lines": []}, "": {"executed_lines": [1, 13, 14, 15, 17, 18, 19, 20, 21, 22, 23, 24, 25, 26, 27, 28, 29, 31, 32, 36, 137, 145, 156, 164, 165, 167, 168, 169, 170, 173, 174, 176, 177, 180, 181, 183, 184, 185, 186, 187, 190, 191, 193, 194, 195, 196, 197, 198, 199, 200, 201, 204, 205, 207, 208, 209, 210, 211, 212, 215, 216, 218, 219, 220, 221, 227, 234, 235, 309, 315, 316, 364, 371, 372, 401, 403], "summary": {"covered_lines": 69, "num_statements": 117, "percent_covered": 58.97435897435897, "percent_covered_display": "59", "missing_lines": 48, "excluded_lines": 0}, "missing_lines": [147, 148, 149, 150, 151, 152, 153, 158, 244, 256, 268, 269, 272, 277, 279, 280, 282, 283, 284, 288, 299, 325, 331, 333, 334, 336, 338, 339, 340, 341, 342, 344, 345, 346, 347, 348, 349, 351, 352, 354, 379, 385, 387, 388, 390, 391, 393, 398], "excluded_lines": []}}}, "app/routers/learn/create.py": {"executed_lines": [1, 3, 5, 6, 7, 8, 9, 10, 11, 12, 13, 14, 15, 17, 19, 22, 30, 31], "summary": {"covered_lines": 17, "num_statements": 27, "percent_covered": 62.96296296296296, "percent_covered_display": "63", "missing_lines": 10, "excluded_lines": 0}, "missing_lines": [39, 40, 41, 47, 50, 57, 58, 59, 61, 66], "excluded_lines": [], "functions": {"create_learn_session": {"executed_lines": [], "summary": {"covered_lines": 0, "num_statements": 10, "percent_covered": 0.0, "percent_covered_display": "0", "missing_lines": 10, "excluded_lines": 0}, "missing_lines": [39, 40, 41, 47, 50, 57, 58, 59, 61, 66], "excluded_lines": []}, "": {"executed_lines": [1, 3, 5, 6, 7, 8, 9, 10, 11, 12, 13, 14, 15, 17, 19, 22, 30, 31], "summary": {"covered_lines": 17, "num_statements": 17, "percent_covered": 100.0, "percent_covered_display": "100", "missing_lines": 0, "excluded_lines": 0}, "missing_lines": [], "excluded_lines": []}}, "classes": {"": {"executed_lines": [1, 3, 5, 6, 7, 8, 9, 10, 11, 12, 13, 14, 15, 17, 19, 22, 30, 31], "summary": {"covered_lines": 17, "num_statements": 27, "percent_covered": 62.96296296296296, "percent_covered_display": "63", "missing_lines": 10, "excluded_lines": 0}, "missing_lines": [39, 40, 41, 47, 50, 57, 58, 59, 61, 66], "excluded_lines": []}}}, "app/routers/learn/history.py": {"executed_lines": [1, 3, 5, 6, 7, 8, 9, 10, 11, 12, 13, 14, 16, 19, 26, 27], "summary": {"covered_lines": 15, "num_statements": 23, "percent_covered": 65.21739130434783, "percent_covered_display": "65", "missing_lines": 8, "excluded_lines": 0}, "missing_lines": [35, 41, 43, 44, 46, 60, 61, 72], "excluded_lines": [], "functions": {"get_learn_session": {"executed_lines": [], "summary": {"covered_lines": 0, "num_statements": 8, "percent_covered": 0.0, "percent_covered_display": "0", "missing_lines": 8, "excluded_lines": 0}, "missing_lines": [35, 41, 43, 44, 46, 60, 61, 72], "excluded_lines": []}, "": {"executed_lines": [1, 3, 5, 6, 7, 8, 9, 10, 11, 12, 13, 14, 16, 19, 26, 27], "summary": {"covered_lines": 15, "num_statements": 15, "percent_covered": 100.0, "percent_covered_display": "100", "missing_lines": 0, "excluded_lines": 0}, "missing_lines": [], "excluded_lines": []}}, "classes": {"": {"executed_lines": [1, 3, 5, 6, 7, 8, 9, 10, 11, 12, 13, 14, 16, 19, 26, 27], "summary": {"covered_lines": 15, "num_statements": 23, "percent_covered": 65.21739130434783, "percent_covered_display": "65", "missing_lines": 8, "excluded_lines": 0}, "missing_lines": [35, 41, 43, 44, 46, 60, 61, 72], "excluded_lines": []}}}, "app/routers/learn/message.py": {"executed_lines": [1, 3, 4, 5, 7, 8, 9, 10, 11, 12, 13, 14, 15, 16, 17, 18, 19, 20, 21, 23, 30, 33, 39, 40], "summary": {"covered_lines": 23, "num_statements": 59, "percent_covered": 38.983050847457626, "percent_covered_display": "39", "missing_lines": 36, "excluded_lines": 0}, "missing_lines": [50, 56, 59, 60, 63, 69, 72, 73, 77, 80, 85, 90, 91, 94, 96, 98, 100, 102, 105, 106, 109, 115, 118, 119, 122, 123, 124, 125, 127, 128, 131, 139, 141, 143, 152, 154], "excluded_lines": [], "functions": {"send_learn_message": {"executed_lines": [], "summary": {"covered_lines": 0, "num_statements": 16, "percent_covered": 0.0, "percent_covered_display": "0", "missing_lines": 16, "excluded_lines": 0}, "missing_lines": [50, 56, 59, 60, 63, 69, 72, 73, 77, 80, 85, 90, 91, 94, 96, 154], "excluded_lines": []}, "send_learn_message.event_generator": {"executed_lines": [], "summary": {"covered_lines": 0, "num_statements": 20, "percent_covered": 0.0, "percent_covered_display": "0", "missing_lines": 20, "excluded_lines": 0}, "missing_lines": [98, 100, 102, 105, 106, 109, 115, 118, 119, 122, 123, 124, 125, 127, 128, 131, 139, 141, 143, 152], "excluded_lines": []}, "": {"executed_lines": [1, 3, 4, 5, 7, 8, 9, 10, 11, 12, 13, 14, 15, 16, 17, 18, 19, 20, 21, 23, 30, 33, 39, 40], "summary": {"covered_lines": 23, "num_statements": 23, "percent_covered": 100.0, "percent_covered_display": "100", "missing_lines": 0, "excluded_lines": 0}, "missing_lines": [], "excluded_lines": []}}, "classes": {"": {"executed_lines": [1, 3, 4, 5, 7, 8, 9, 10, 11, 12, 13, 14, 15, 16, 17, 18, 19, 20, 21, 23, 30, 33, 39, 40], "summary": {"covered_lines": 23, "num_statements": 59, "percent_covered": 38.983050847457626, "percent_covered_display": "39", "missing_lines": 36, "excluded_lines": 0}, "missing_lines": [50, 56, 59, 60, 63, 69, 72, 73, 77, 80, 85, 90, 91, 94, 96, 98, 100, 102, 105, 106, 109, 115, 118, 119, 122, 123, 124, 125, 127, 128, 131, 139, 141, 143, 152, 154], "excluded_lines": []}}}, "app/routers/learn/utils.py": {"executed_lines": [1, 3, 5, 6, 7, 10, 19, 33], "summary": {"covered_lines": 7, "num_statements": 21, "percent_covered": 33.333333333333336, "percent_covered_display": "33", "missing_lines": 14, "excluded_lines": 0}, "missing_lines": [12, 13, 14, 15, 16, 23, 24, 26, 27, 28, 29, 30, 35, 36], "excluded_lines": [], "functions": {"_validate_session": {"executed_lines": [], "summary": {"covered_lines": 0, "num_statements": 5, "percent_covered": 0.0, "percent_covered_display": "0", "missing_lines": 5, "excluded_lines": 0}, "missing_lines": [12, 13, 14, 15, 16], "excluded_lines": []}, "_build_context_prompt": {"executed_lines": [], "summary": {"covered_lines": 0, "num_statements": 7, "percent_covered": 0.0, "percent_covered_display": "0", "missing_lines": 7, "excluded_lines": 0}, "missing_lines": [23, 24, 26, 27, 28, 29, 30], "excluded_lines": []}, "_generate_review_schedule": {"executed_lines": [], "summary": {"covered_lines": 0, "num_statements": 2, "percent_covered": 0.0, "percent_covered_display": "0", "missing_lines": 2, "excluded_lines": 0}, "missing_lines": [35, 36], "excluded_lines": []}, "": {"executed_lines": [1, 3, 5, 6, 7, 10, 19, 33], "summary": {"covered_lines": 7, "num_statements": 7, "percent_covered": 100.0, "percent_covered_display": "100", "missing_lines": 0, "excluded_lines": 0}, "missing_lines": [], "excluded_lines": []}}, "classes": {"": {"executed_lines": [1, 3, 5, 6, 7, 10, 19, 33], "summary": {"covered_lines": 7, "num_statements": 21, "percent_covered": 33.333333333333336, "percent_covered_display": "33", "missing_lines": 14, "excluded_lines": 0}, "missing_lines": [12, 13, 14, 15, 16, 23, 24, 26, 27, 28, 29, 30, 35, 36], "excluded_lines": []}}}, "app/routers/revenuecat_webhooks.py": {"executed_lines": [1, 2, 3, 4, 5, 6, 8, 9, 10, 11, 12, 13, 14, 15, 16, 17, 19, 21, 22, 25, 34, 53, 63, 68, 96, 137, 173, 174], "summary": {"covered_lines": 28, "num_statements": 133, "percent_covered": 21.05263157894737, "percent_covered_display": "21", "missing_lines": 105, "excluded_lines": 0}, "missing_lines": [26, 27, 28, 29, 30, 31, 35, 36, 37, 38, 39, 40, 41, 42, 43, 48, 49, 50, 54, 55, 56, 57, 58, 59, 60, 65, 76, 77, 79, 91, 93, 104, 105, 106, 107, 112, 113, 114, 115, 116, 117, 118, 119, 120, 121, 122, 123, 124, 125, 126, 127, 129, 148, 154, 155, 157, 158, 163, 164, 166, 170, 179, 180, 181, 183, 184, 185, 186, 187, 189, 190, 191, 192, 193, 196, 197, 198, 199, 201, 202, 203, 204, 205, 207, 208, 209, 210, 213, 214, 216, 217, 218, 219, 222, 223, 226, 229, 231, 232, 240, 245, 250, 252, 253, 256], "excluded_lines": [], "functions": {"_entitlement_to_tier": {"executed_lines": [], "summary": {"covered_lines": 0, "num_statements": 6, "percent_covered": 0.0, "percent_covered_display": "0", "missing_lines": 6, "excluded_lines": 0}, "missing_lines": [26, 27, 28, 29, 30, 31], "excluded_lines": []}, "_parse_timestamp": {"executed_lines": [], "summary": {"covered_lines": 0, "num_statements": 12, "percent_covered": 0.0, "percent_covered_display": "0", "missing_lines": 12, "excluded_lines": 0}, "missing_lines": [35, 36, 37, 38, 39, 40, 41, 42, 43, 48, 49, 50], "excluded_lines": []}, "_extract_entitlement_ids": {"executed_lines": [], "summary": {"covered_lines": 0, "num_statements": 7, "percent_covered": 0.0, "percent_covered_display": "0", "missing_lines": 7, "excluded_lines": 0}, "missing_lines": [54, 55, 56, 57, 58, 59, 60], "excluded_lines": []}, "_compute_payload_hash": {"executed_lines": [], "summary": {"covered_lines": 0, "num_statements": 1, "percent_covered": 0.0, "percent_covered_display": "0", "missing_lines": 1, "excluded_lines": 0}, "missing_lines": [65], "excluded_lines": []}, "_check_and_record_event": {"executed_lines": [], "summary": {"covered_lines": 0, "num_statements": 5, "percent_covered": 0.0, "percent_covered_display": "0", "missing_lines": 5, "excluded_lines": 0}, "missing_lines": [76, 77, 79, 91, 93], "excluded_lines": []}, "_compute_subscription_updates": {"executed_lines": [], "summary": {"covered_lines": 0, "num_statements": 21, "percent_covered": 0.0, "percent_covered_display": "0", "missing_lines": 21, "excluded_lines": 0}, "missing_lines": [104, 105, 106, 107, 112, 113, 114, 115, 116, 117, 118, 119, 120, 121, 122, 123, 124, 125, 126, 127, 129], "excluded_lines": []}, "_upsert_subscription": {"executed_lines": [], "summary": {"covered_lines": 0, "num_statements": 9, "percent_covered": 0.0, "percent_covered_display": "0", "missing_lines": 9, "excluded_lines": 0}, "missing_lines": [148, 154, 155, 157, 158, 163, 164, 166, 170], "excluded_lines": []}, "revenuecat_webhook": {"executed_lines": [], "summary": {"covered_lines": 0, "num_statements": 44, "percent_covered": 0.0, "percent_covered_display": "0", "missing_lines": 44, "excluded_lines": 0}, "missing_lines": [179, 180, 181, 183, 184, 185, 186, 187, 189, 190, 191, 192, 193, 196, 197, 198, 199, 201, 202, 203, 204, 205, 207, 208, 209, 210, 213, 214, 216, 217, 218, 219, 222, 223, 226, 229, 231, 232, 240, 245, 250, 252, 253, 256], "excluded_lines": []}, "": {"executed_lines": [1, 2, 3, 4, 5, 6, 8, 9, 10, 11, 12, 13, 14, 15, 16, 17, 19, 21, 22, 25, 34, 53, 63, 68, 96, 137, 173, 174], "summary": {"covered_lines": 28, "num_statements": 28, "percent_covered": 100.0, "percent_covered_display": "100", "missing_lines": 0, "excluded_lines": 0}, "missing_lines": [], "excluded_lines": []}}, "classes": {"": {"executed_lines": [1, 2, 3, 4, 5, 6, 8, 9, 10, 11, 12, 13, 14, 15, 16, 17, 19, 21, 22, 25, 34, 53, 63, 68, 96, 137, 173, 174], "summary": {"covered_lines": 28, "num_statements": 133, "percent_covered": 21.05263157894737, "percent_covered_display": "21", "missing_lines": 105, "excluded_lines": 0}, "missing_lines": [26, 27, 28, 29, 30, 31, 35, 36, 37, 38, 39, 40, 41, 42, 43, 48, 49, 50, 54, 55, 56, 57, 58, 59, 60, 65, 76, 77, 79, 91, 93, 104, 105, 106, 107, 112, 113, 114, 115, 116, 117, 118, 119, 120, 121, 122, 123, 124, 125, 126, 127, 129, 148, 154, 155, 157, 158, 163, 164, 166, 170, 179, 180, 181, 183, 184, 185, 186, 187, 189, 190, 191, 192, 193, 196, 197, 198, 199, 201, 202, 203, 204, 205, 207, 208, 209, 210, 213, 214, 216, 217, 218, 219, 222, 223, 226, 229, 231, 232, 240, 245, 250, 252, 253, 256], "excluded_lines": []}}}, "app/routers/sessions/__init__.py": {"executed_lines": [3, 5, 6, 7, 8, 9, 10, 11, 12, 13, 14, 16, 17, 18, 19, 20, 21, 24, 31, 39], "summary": {"covered_lines": 20, "num_statements": 20, "percent_covered": 100.0, "percent_covered_display": "100", "missing_lines": 0, "excluded_lines": 0}, "missing_lines": [], "excluded_lines": [], "functions": {"": {"executed_lines": [3, 5, 6, 7, 8, 9, 10, 11, 12, 13, 14, 16, 17, 18, 19, 20, 21, 24, 31, 39], "summary": {"covered_lines": 20, "num_statements": 20, "percent_covered": 100.0, "percent_covered_display": "100", "missing_lines": 0, "excluded_lines": 0}, "missing_lines": [], "excluded_lines": []}}, "classes": {"": {"executed_lines": [3, 5, 6, 7, 8, 9, 10, 11, 12, 13, 14, 16, 17, 18, 19, 20, 21, 24, 31, 39], "summary": {"covered_lines": 20, "num_statements": 20, "percent_covered": 100.0, "percent_covered_display": "100", "missing_lines": 0, "excluded_lines": 0}, "missing_lines": [], "excluded_lines": []}}}, "app/routers/sessions/create.py": {"executed_lines": [3, 4, 5, 6, 7, 8, 9, 10, 11, 12, 13, 14, 15, 16, 17, 18, 19, 21, 23, 26, 43, 44], "summary": {"covered_lines": 22, "num_statements": 57, "percent_covered": 38.59649122807018, "percent_covered_display": "39", "missing_lines": 35, "excluded_lines": 0}, "missing_lines": [56, 63, 64, 65, 67, 70, 71, 72, 73, 74, 76, 77, 80, 81, 82, 84, 87, 88, 93, 94, 99, 102, 104, 109, 110, 123, 125, 131, 132, 135, 140, 143, 144, 150, 152], "excluded_lines": [], "functions": {"create_session": {"executed_lines": [], "summary": {"covered_lines": 0, "num_statements": 35, "percent_covered": 0.0, "percent_covered_display": "0", "missing_lines": 35, "excluded_lines": 0}, "missing_lines": [56, 63, 64, 65, 67, 70, 71, 72, 73, 74, 76, 77, 80, 81, 82, 84, 87, 88, 93, 94, 99, 102, 104, 109, 110, 123, 125, 131, 132, 135, 140, 143, 144, 150, 152], "excluded_lines": []}, "": {"executed_lines": [3, 4, 5, 6, 7, 8, 9, 10, 11, 12, 13, 14, 15, 16, 17, 18, 19, 21, 23, 26, 43, 44], "summary": {"covered_lines": 22, "num_statements": 22, "percent_covered": 100.0, "percent_covered_display": "100", "missing_lines": 0, "excluded_lines": 0}, "missing_lines": [], "excluded_lines": []}}, "classes": {"": {"executed_lines": [3, 4, 5, 6, 7, 8, 9, 10, 11, 12, 13, 14, 15, 16, 17, 18, 19, 21, 23, 26, 43, 44], "summary": {"covered_lines": 22, "num_statements": 57, "percent_covered": 38.59649122807018, "percent_covered_display": "39", "missing_lines": 35, "excluded_lines": 0}, "missing_lines": [56, 63, 64, 65, 67, 70, 71, 72, 73, 74, 76, 77, 80, 81, 82, 84, 87, 88, 93, 94, 99, 102, 104, 109, 110, 123, 125, 131, 132, 135, 140, 143, 144, 150, 152], "excluded_lines": []}}}, "app/routers/sessions/delete.py": {"executed_lines": [3, 4, 6, 7, 8, 9, 10, 11, 12, 13, 14, 15, 17, 18, 21, 39, 40], "summary": {"covered_lines": 17, "num_statements": 25, "percent_covered": 68.0, "percent_covered_display": "68", "missing_lines": 8, "excluded_lines": 0}, "missing_lines": [52, 57, 58, 59, 62, 63, 65, 71], "excluded_lines": [], "functions": {"delete_sess
[...]
g_lines": [54, 55, 56, 59, 60, 61, 64, 66], "excluded_lines": []}, "raise_auth_error": {"executed_lines": [], "summary": {"covered_lines": 0, "num_statements": 1, "percent_covered": 0.0, "percent_covered_display": "0", "missing_lines": 1, "excluded_lines": 0}, "missing_lines": [70], "excluded_lines": []}, "": {"executed_lines": [1, 4, 5, 15, 38, 51, 69], "summary": {"covered_lines": 7, "num_statements": 7, "percent_covered": 100.0, "percent_covered_display": "100", "missing_lines": 0, "excluded_lines": 0}, "missing_lines": [], "excluded_lines": []}}, "classes": {"AuthError": {"executed_lines": [], "summary": {"covered_lines": 0, "num_statements": 4, "percent_covered": 0.0, "percent_covered_display": "0", "missing_lines": 4, "excluded_lines": 0}, "missing_lines": [6, 7, 8, 9], "excluded_lines": []}, "": {"executed_lines": [1, 4, 5, 15, 38, 51, 69], "summary": {"covered_lines": 7, "num_statements": 23, "percent_covered": 30.434782608695652, "percent_covered_display": "30", "missing_lines": 16, "excluded_lines": 0}, "missing_lines": [42, 43, 44, 45, 46, 47, 48, 54, 55, 56, 59, 60, 61, 64, 66, 70], "excluded_lines": []}}}, "app/utils/health.py": {"executed_lines": [1, 3, 4, 5, 6, 7, 8, 9, 11, 12, 13, 14, 15, 16, 17, 19, 20, 21, 22, 24, 25, 28, 32, 36, 48, 67, 98, 106, 133, 142, 203, 212, 220, 259, 277, 298], "summary": {"covered_lines": 36, "num_statements": 189, "percent_covered": 19.047619047619047, "percent_covered_display": "19", "missing_lines": 153, "excluded_lines": 0}, "missing_lines": [29, 33, 39, 40, 41, 42, 43, 44, 45, 49, 50, 51, 52, 53, 54, 55, 57, 58, 64, 68, 69, 70, 71, 72, 79, 80, 81, 82, 83, 85, 86, 92, 94, 95, 99, 100, 101, 102, 103, 107, 108, 109, 110, 112, 113, 115, 116, 118, 119, 120, 121, 122, 123, 125, 126, 127, 128, 129, 130, 134, 135, 136, 137, 138, 139, 143, 144, 145, 146, 148, 149, 150, 155, 156, 157, 158, 159, 164, 165, 166, 167, 168, 169, 170, 171, 172, 173, 174, 176, 178, 179, 180, 181, 182, 183, 189, 190, 195, 204, 205, 206, 207, 208, 209, 213, 221, 227, 228, 230, 233, 235, 236, 240, 241, 242, 243, 245, 246, 247, 248, 250, 252, 260, 261, 262, 263, 265, 266, 267, 268, 269, 271, 272, 273, 274, 278, 279, 280, 285, 286, 287, 289, 290, 295, 299, 300, 301, 306, 307, 308, 310, 311, 316], "excluded_lines": [], "functions": {"_iso_timestamp": {"executed_lines": [], "summary": {"covered_lines": 0, "num_statements": 1, "percent_covered": 0.0, "percent_covered_display": "0", "missing_lines": 1, "excluded_lines": 0}, "missing_lines": [29], "excluded_lines": []}, "_latency_ms": {"executed_lines": [], "summary": {"covered_lines": 0, "num_statements": 1, "percent_covered": 0.0, "percent_covered_display": "0", "missing_lines": 1, "excluded_lines": 0}, "missing_lines": [33], "excluded_lines": []}, "_run_check": {"executed_lines": [], "summary": {"covered_lines": 0, "num_statements": 7, "percent_covered": 0.0, "percent_covered_display": "0", "missing_lines": 7, "excluded_lines": 0}, "missing_lines": [39, 40, 41, 42, 43, 44, 45], "excluded_lines": []}, "_check_database": {"executed_lines": [], "summary": {"covered_lines": 0, "num_statements": 10, "percent_covered": 0.0, "percent_covered_display": "0", "missing_lines": 10, "excluded_lines": 0}, "missing_lines": [49, 50, 51, 52, 53, 54, 55, 57, 58, 64], "excluded_lines": []}, "_check_redis": {"executed_lines": [], "summary": {"covered_lines": 0, "num_statements": 15, "percent_covered": 0.0, "percent_covered_display": "0", "missing_lines": 15, "excluded_lines": 0}, "missing_lines": [68, 69, 70, 71, 72, 79, 80, 81, 82, 83, 85, 86, 92, 94, 95], "excluded_lines": []}, "_check_disk": {"executed_lines": [], "summary": {"covered_lines": 0, "num_statements": 5, "percent_covered": 0.0, "percent_covered_display": "0", "missing_lines": 5, "excluded_lines": 0}, "missing_lines": [99, 100, 101, 102, 103], "excluded_lines": []}, "_memory_usage_percent": {"executed_lines": [], "summary": {"covered_lines": 0, "num_statements": 20, "percent_covered": 0.0, "percent_covered_display": "0", "missing_lines": 20, "excluded_lines": 0}, "missing_lines": [107, 108, 109, 110, 112, 113, 115, 116, 118, 119, 120, 121, 122, 123, 125, 126, 127, 128, 129, 130], "excluded_lines": []}, "_check_memory": {"executed_lines": [], "summary": {"covered_lines": 0, "num_statements": 6, "percent_covered": 0.0, "percent_covered_display": "0", "missing_lines": 6, "excluded_lines": 0}, "missing_lines": [134, 135, 136, 137, 138, 139], "excluded_lines": []}, "_check_external_api": {"executed_lines": [], "summary": {"covered_lines": 0, "num_statements": 33, "percent_covered": 0.0, "percent_covered_display": "0", "missing_lines": 33, "excluded_lines": 0}, "missing_lines": [143, 144, 145, 146, 148, 149, 150, 155, 156, 157, 158, 159, 164, 165, 166, 167, 168, 169, 170, 171, 172, 173, 174, 176, 178, 179, 180, 181, 182, 183, 189, 190, 195], "excluded_lines": []}, "_should_check_external_api": {"executed_lines": [], "summary": {"covered_lines": 0, "num_statements": 6, "percent_covered": 0.0, "percent_covered_display": "0", "missing_lines": 6, "excluded_lines": 0}, "missing_lines": [204, 205, 206, 207, 208, 209], "excluded_lines": []}, "get_liveness_report": {"executed_lines": [], "summary": {"covered_lines": 0, "num_statements": 1, "percent_covered": 0.0, "percent_covered_display": "0", "missing_lines": 1, "excluded_lines": 0}, "missing_lines": [213], "excluded_lines": []}, "_build_readiness_report": {"executed_lines": [], "summary": {"covered_lines": 0, "num_statements": 17, "percent_covered": 0.0, "percent_covered_display": "0", "missing_lines": 17, "excluded_lines": 0}, "missing_lines": [221, 227, 228, 230, 233, 235, 236, 240, 241, 242, 243, 245, 246, 247, 248, 250, 252], "excluded_lines": []}, "get_readiness_report": {"executed_lines": [], "summary": {"covered_lines": 0, "num_statements": 13, "percent_covered": 0.0, "percent_covered_display": "0", "missing_lines": 13, "excluded_lines": 0}, "missing_lines": [260, 261, 262, 263, 265, 266, 267, 268, 269, 271, 272, 273, 274], "excluded_lines": []}, "get_active_sessions_count": {"executed_lines": [], "summary": {"covered_lines": 0, "num_statements": 9, "percent_covered": 0.0, "percent_covered_display": "0", "missing_lines": 9, "excluded_lines": 0}, "missing_lines": [278, 279, 280, 285, 286, 287, 289, 290, 295], "excluded_lines": []}, "get_active_users_count": {"executed_lines": [], "summary": {"covered_lines": 0, "num_statements": 9, "percent_covered": 0.0, "percent_covered_display": "0", "missing_lines": 9, "excluded_lines": 0}, "missing_lines": [299, 300, 301, 306, 307, 308, 310, 311, 316], "excluded_lines": []}, "": {"executed_lines": [1, 3, 4, 5, 6, 7, 8, 9, 11, 12, 13, 14, 15, 16, 17, 19, 20, 21, 22, 24, 25, 28, 32, 36, 48, 67, 98, 106, 133, 142, 203, 212, 220, 259, 277, 298], "summary": {"covered_lines": 36, "num_statements": 36, "percent_covered": 100.0, "percent_covered_display": "100", "missing_lines": 0, "excluded_lines": 0}, "missing_lines": [], "excluded_lines": []}}, "classes": {"": {"executed_lines": [1, 3, 4, 5, 6, 7, 8, 9, 11, 12, 13, 14, 15, 16, 17, 19, 20, 21, 22, 24, 25, 28, 32, 36, 48, 67, 98, 106, 133, 142, 203, 212, 220, 259, 277, 298], "summary": {"covered_lines": 36, "num_statements": 189, "percent_covered": 19.047619047619047, "percent_covered_display": "19", "missing_lines": 153, "excluded_lines": 0}, "missing_lines": [29, 33, 39, 40, 41, 42, 43, 44, 45, 49, 50, 51, 52, 53, 54, 55, 57, 58, 64, 68, 69, 70, 71, 72, 79, 80, 81, 82, 83, 85, 86, 92, 94, 95, 99, 100, 101, 102, 103, 107, 108, 109, 110, 112, 113, 115, 116, 118, 119, 120, 121, 122, 123, 125, 126, 127, 128, 129, 130, 134, 135, 136, 137, 138, 139, 143, 144, 145, 146, 148, 149, 150, 155, 156, 157, 158, 159, 164, 165, 166, 167, 168, 169, 170, 171, 172, 173, 174, 176, 178, 179, 180, 181, 182, 183, 189, 190, 195, 204, 205, 206, 207, 208, 209, 213, 221, 227, 228, 230, 233, 235, 236, 240, 241, 242, 243, 245, 246, 247, 248, 250, 252, 260, 261, 262, 263, 265, 266, 267, 268, 269, 271, 272, 273, 274, 278, 279, 280, 285, 286, 287, 289, 290, 295, 299, 300, 301, 306, 307, 308, 310, 311, 316], "excluded_lines": []}}}, "app/utils/metrics.py": {"executed_lines": [1, 3, 4, 5, 8, 9, 10, 11, 12, 15, 16, 17, 18, 19, 20, 21, 23, 26, 27, 28, 29, 30, 32, 36, 40, 45, 46, 47, 48, 50, 80, 217, 230], "summary": {"covered_lines": 33, "num_statements": 99, "percent_covered": 33.333333333333336, "percent_covered_display": "33", "missing_lines": 66, "excluded_lines": 0}, "missing_lines": [33, 34, 37, 38, 41, 42, 43, 51, 52, 53, 54, 55, 56, 57, 62, 87, 88, 89, 90, 91, 92, 93, 96, 99, 100, 101, 104, 108, 113, 114, 115, 117, 123, 124, 125, 127, 133, 134, 135, 137, 171, 172, 173, 175, 181, 182, 183, 185, 186, 187, 188, 189, 190, 197, 198, 205, 206, 214, 218, 219, 220, 221, 222, 223, 226, 227], "excluded_lines": [], "functions": {"MetricsRegistry.__init__": {"executed_lines": [10, 11, 12, 15, 16, 17, 18, 19, 20, 21], "summary": {"covered_lines": 10, "num_statements": 10, "percent_covered": 100.0, "percent_covered_display": "100", "missing_lines": 0, "excluded_lines": 0}, "missing_lines": [], "excluded_lines": []}, "MetricsRegistry.record_request": {"executed_lines": [26, 27, 28, 29, 30], "summary": {"covered_lines": 5, "num_statements": 5, "percent_covered": 100.0, "percent_covered_display": "100", "missing_lines": 0, "excluded_lines": 0}, "missing_lines": [], "excluded_lines": []}, "MetricsRegistry.record_cache_hit": {"executed_lines": [], "summary": {"covered_lines": 0, "num_statements": 2, "percent_covered": 0.0, "percent_covered_display": "0", "missing_lines": 2, "excluded_lines": 0}, "missing_lines": [33, 34], "excluded_lines": []}, "MetricsRegistry.record_cache_miss": {"executed_lines": [], "summary": {"covered_lines": 0, "num_statements": 2, "percent_covered": 0.0, "percent_covered_display": "0", "missing_lines": 2, "excluded_lines": 0}, "missing_lines": [37, 38], "excluded_lines": []}, "MetricsRegistry.record_db_query": {"executed_lines": [], "summary": {"covered_lines": 0, "num_statements": 3, "percent_covered": 0.0, "percent_covered_display": "0", "missing_lines": 3, "excluded_lines": 0}, "missing_lines": [41, 42, 43], "excluded_lines": []}, "MetricsRegistry.record_redis_command": {"executed_lines": [46, 47, 48], "summary": {"covered_lines": 3, "num_statements": 3, "percent_covered": 100.0, "percent_covered_display": "100", "missing_lines": 0, "excluded_lines": 0}, "missing_lines": [], "excluded_lines": []}, "MetricsRegistry.snapshot": {"executed_lines": [], "summary": {"covered_lines": 0, "num_statements": 8, "percent_covered": 0.0, "percent_covered_display": "0", "missing_lines": 8, "excluded_lines": 0}, "missing_lines": [51, 52, 53, 54, 55, 56, 57, 62], "excluded_lines": []}, "format_prometheus_metrics": {"executed_lines": [], "summary": {"covered_lines": 0, "num_statements": 43, "percent_covered": 0.0, "percent_covered_display": "0", "missing_lines": 43, "excluded_lines": 0}, "missing_lines": [87, 88, 89, 90, 91, 92, 93, 96, 99, 100, 101, 104, 108, 113, 114, 115, 117, 123, 124, 125, 127, 133, 134, 135, 137, 171, 172, 173, 175, 181, 182, 183, 185, 186, 187, 188, 189, 190, 197, 198, 205, 206, 214], "excluded_lines": []}, "_format_labels": {"executed_lines": [], "summary": {"covered_lines": 0, "num_statements": 8, "percent_covered": 0.0, "percent_covered_display": "0", "missing_lines": 8, "excluded_lines": 0}, "missing_lines": [218, 219, 220, 221, 222, 223, 226, 227], "excluded_lines": []}, "": {"executed_lines": [1, 3, 4, 5, 8, 9, 23, 32, 36, 40, 45, 50, 80, 217, 230], "summary": {"covered_lines": 15, "num_statements": 15, "percent_covered": 100.0, "percent_covered_display": "100", "missing_lines": 0, "excluded_lines": 0}, "missing_lines": [], "excluded_lines": []}}, "classes": {"MetricsRegistry": {"executed_lines": [10, 11, 12, 15, 16, 17, 18, 19, 20, 21, 26, 27, 28, 29, 30, 46, 47, 48], "summary": {"covered_lines": 18, "num_statements": 33, "percent_covered": 54.54545454545455, "percent_covered_display": "55", "missing_lines": 15, "excluded_lines": 0}, "missing_lines": [33, 34, 37, 38, 41, 42, 43, 51, 52, 53, 54, 55, 56, 57, 62], "excluded_lines": []}, "": {"executed_lines": [1, 3, 4, 5, 8, 9, 23, 32, 36, 40, 45, 50, 80, 217, 230], "summary": {"covered_lines": 15, "num_statements": 66, "percent_covered": 22.727272727272727, "percent_covered_display": "23", "missing_lines": 51, "excluded_lines": 0}, "missing_lines": [87, 88, 89, 90, 91, 92, 93, 96, 99, 100, 101, 104, 108, 113, 114, 115, 117, 123, 124, 125, 127, 133, 134, 135, 137, 171, 172, 173, 175, 181, 182, 183, 185, 186, 187, 188, 189, 190, 197, 198, 205, 206, 214, 218, 219, 220, 221, 222, 223, 226, 227], "excluded_lines": []}}}, "app/utils/security.py": {"executed_lines": [1, 2, 3, 5, 6, 7, 8, 9, 11, 13, 16, 21, 23, 26, 28, 31, 38, 45, 48, 55, 58, 62, 63, 69, 72, 83, 85, 87], "summary": {"covered_lines": 28, "num_statements": 35, "percent_covered": 80.0, "percent_covered_display": "80", "missing_lines": 7, "excluded_lines": 0}, "missing_lines": [18, 33, 74, 75, 78, 79, 80], "excluded_lines": [], "functions": {"hash_password": {"executed_lines": [], "summary": {"covered_lines": 0, "num_statements": 1, "percent_covered": 0.0, "percent_covered_display": "0", "missing_lines": 1, "excluded_lines": 0}, "missing_lines": [18], "excluded_lines": []}, "verify_password": {"executed_lines": [23], "summary": {"covered_lines": 1, "num_statements": 1, "percent_covered": 100.0, "percent_covered_display": "100", "missing_lines": 0, "excluded_lines": 0}, "missing_lines": [], "excluded_lines": []}, "hash_password_async": {"executed_lines": [28], "summary": {"covered_lines": 1, "num_statements": 1, "percent_covered": 100.0, "percent_covered_display": "100", "missing_lines": 0, "excluded_lines": 0}, "missing_lines": [], "excluded_lines": []}, "verify_password_async": {"executed_lines": [], "summary": {"covered_lines": 0, "num_statements": 1, "percent_covered": 0.0, "percent_covered_display": "0", "missing_lines": 1, "excluded_lines": 0}, "missing_lines": [33], "excluded_lines": []}, "create_access_token": {"executed_lines": [45, 48, 55], "summary": {"covered_lines": 3, "num_statements": 3, "percent_covered": 100.0, "percent_covered_display": "100", "missing_lines": 0, "excluded_lines": 0}, "missing_lines": [], "excluded_lines": []}, "create_refresh_token": {"executed_lines": [62, 63, 69], "summary": {"covered_lines": 3, "num_statements": 3, "percent_covered": 100.0, "percent_covered_display": "100", "missing_lines": 0, "excluded_lines": 0}, "missing_lines": [], "excluded_lines": []}, "decode_token": {"executed_lines": [], "summary": {"covered_lines": 0, "num_statements": 5, "percent_covered": 0.0, "percent_covered_display": "0", "missing_lines": 5, "excluded_lines": 0}, "missing_lines": [74, 75, 78, 79, 80], "excluded_lines": []}, "hash_token": {"executed_lines": [85, 87], "summary": {"covered_lines": 2, "num_statements": 2, "percent_covered": 100.0, "percent_covered_display": "100", "missing_lines": 0, "excluded_lines": 0}, "missing_lines": [], "excluded_lines": []}, "": {"executed_lines": [1, 2, 3, 5, 6, 7, 8, 9, 11, 13, 16, 21, 26, 31, 38, 58, 72, 83], "summary": {"covered_lines": 18, "num_statements": 18, "percent_covered": 100.0, "percent_covered_display": "100", "missing_lines": 0, "excluded_lines": 0}, "missing_lines": [], "excluded_lines": []}}, "classes": {"": {"executed_lines": [1, 2, 3, 5, 6, 7, 8, 9, 11, 13, 16, 21, 23, 26, 28, 31, 38, 45, 48, 55, 58, 62, 63, 69, 72, 83, 85, 87], "summary": {"covered_lines": 28, "num_statements": 35, "percent_covered": 80.0, "percent_covered_display": "80", "missing_lines": 7, "excluded_lines": 0}, "missing_lines": [18, 33, 74, 75, 78, 79, 80], "excluded_lines": []}}}, "app/utils/sentry.py": {"executed_lines": [1, 3, 4, 5, 7, 8, 9, 10, 11, 12, 13, 15, 16, 28, 29, 32, 37, 53, 63, 75, 79, 87, 111, 112, 115, 116, 117], "summary": {"covered_lines": 27, "num_statements": 82, "percent_covered": 32.926829268292686, "percent_covered_display": "33", "missing_lines": 55, "excluded_lines": 0}, "missing_lines": [33, 34, 38, 39, 40, 45, 46, 47, 48, 49, 50, 54, 55, 56, 57, 59, 60, 64, 65, 66, 67, 68, 69, 70, 71, 72, 76, 82, 83, 84, 88, 89, 90, 93, 94, 100, 101, 103, 104, 105, 107, 108, 119, 123, 135, 136, 138, 139, 140, 141, 142, 143, 144, 145, 147], "excluded_lines": [], "functions": {"_scrub_string": {"executed_lines": [], "summary": {"covered_lines": 0, "num_statements": 2, "percent_covered": 0.0, "percent_covered_display": "0", "missing_lines": 2, "excluded_lines": 0}, "missing_lines": [33, 34], "excluded_lines": []}, "_scrub_sequence": {"executed_lines": [], "summary": {"covered_lines": 0, "num_statements": 9, "percent_covered": 0.0, "percent_covered_display": "0", "missing_lines": 9, "excluded_lines": 0}, "missing_lines": [38, 39, 40, 45, 46, 47, 48, 49, 50], "excluded_lines": []}, "_scrub_mapping": {"executed_lines": [], "summary": {"covered_lines": 0, "num_statements": 6, "percent_covered": 0.0, "percent_covered_display": "0", "missing_lines": 6, "excluded_lines": 0}, "missing_lines": [54, 55, 56, 57, 59, 60], "excluded_lines": []}, "_scrub_value": {"executed_lines": [], "summary": {"covered_lines": 0, "num_statements": 9, "percent_covered": 0.0, "percent_covered_display": "0", "missing_lines": 9, "excluded_lines": 0}, "missing_lines": [64, 65, 66, 67, 68, 69, 70, 71, 72], "excluded_lines": []}, "_before_send": {"executed_lines": [], "summary": {"covered_lines": 0, "num_statements": 1, "percent_covered": 0.0, "percent_covered_display": "0", "missing_lines": 1, "excluded_lines": 0}, "missing_lines": [76], "excluded_lines": []}, "_before_breadcrumb": {"executed_lines": [], "summary": {"covered_lines": 0, "num_statements": 3, "percent_covered": 0.0, "percent_covered_display": "0", "missing_lines": 3, "excluded_lines": 0}, "missing_lines": [82, 83, 84], "excluded_lines": []}, "_extract_user_id": {"executed_lines": [], "summary": {"covered_lines": 0, "num_statements": 12, "percent_covered": 0.0, "percent_covered_display": "0", "missing_lines": 12, "excluded_lines": 0}, "missing_lines": [88, 89, 90, 93, 94, 100, 101, 103, 104, 105, 107, 108], "excluded_lines": []}, "_sentry_enabled": {"executed_lines": [112], "summary": {"covered_lines": 1, "num_statements": 1, "percent_covered": 100.0, "percent_covered_display": "100", "missing_lines": 0, "excluded_lines": 0}, "missing_lines": [], "excluded_lines": []}, "setup_sentry": {"executed_lines": [116, 117], "summary": {"covered_lines": 2, "num_statements": 9, "percent_covered": 22.22222222222222, "percent_covered_display": "22", "missing_lines": 7, "excluded_lines": 0}, "missing_lines": [119, 123, 135, 136, 138, 139, 147], "excluded_lines": []}, "setup_sentry.sentry_context_middleware": {"executed_lines": [], "summary": {"covered_lines": 0, "num_statements": 6, "percent_covered": 0.0, "percent_covered_display": "0", "missing_lines": 6, "excluded_lines": 0}, "missing_lines": [140, 141, 142, 143, 144, 145], "excluded_lines": []}, "": {"executed_lines": [1, 3, 4, 5, 7, 8, 9, 10, 11, 12, 13, 15, 16, 28, 29, 32, 37, 53, 63, 75, 79, 87, 111, 115], "summary": {"covered_lines": 24, "num_statements": 24, "percent_covered": 100.0, "percent_covered_display": "100", "missing_lines": 0, "excluded_lines": 0}, "missing_lines": [], "excluded_lines": []}}, "classes": {"": {"executed_lines": [1, 3, 4, 5, 7, 8, 9, 10, 11, 12, 13, 15, 16, 28, 29, 32, 37, 53, 63, 75, 79, 87, 111, 112, 115, 116, 117], "summary": {"covered_lines": 27, "num_statements": 82, "percent_covered": 32.926829268292686, "percent_covered_display": "33", "missing_lines": 55, "excluded_lines": 0}, "missing_lines": [33, 34, 38, 39, 40, 45, 46, 47, 48, 49, 50, 54, 55, 56, 57, 59, 60, 64, 65, 66, 67, 68, 69, 70, 71, 72, 76, 82, 83, 84, 88, 89, 90, 93, 94, 100, 101, 103, 104, 105, 107, 108, 119, 123, 135, 136, 138, 139, 140, 141, 142, 143, 144, 145, 147], "excluded_lines": []}}}}, "totals": {"covered_lines": 1804, "num_statements": 3574, "percent_covered": 50.47565752658086, "percent_covered_display": "50", "missing_lines": 1770, "excluded_lines": 0}}
