{"meta": {"format": 3, "version": "7.13.0", "timestamp": "2025-12-31T09:20:32.709564", "branch_coverage": false, "show_contexts": false}, "files": {"app/__init__.py": {"executed_lines": [0], "summary": {"covered_lines": 0, "num_statements": 0, "percent_covered": 100.0, "percent_covered_display": "100", "missing_lines": 0, "excluded_lines": 0, "percent_statements_covered": 100.0, "percent_statements_covered_display": "100"}, "missing_lines": [], "excluded_lines": [], "functions": {"": {"executed_lines": [], "summary": {"covered_lines": 0, "num_statements": 0, "percent_covered": 100.0, "percent_covered_display": "100", "missing_lines": 0, "excluded_lines": 0, "percent_statements_covered": 100.0, "percent_statements_covered_display": "100"}, "missing_lines": [], "excluded_lines": []}}, "classes": {"": {"executed_lines": [], "summary": {"covered_lines": 0, "num_statements": 0, "percent_covered": 100.0, "percent_covered_display": "100", "missing_lines": 0, "excluded_lines": 0, "percent_statements_covered": 100.0, "percent_statements_covered_display": "100"}, "missing_lines": [], "excluded_lines": []}}}, "app/config.py": {"executed_lines": [1, 3, 5, 8, 9, 11, 13, 14, 15, 16, 17, 18, 19, 20, 23, 24, 25, 26, 27, 28, 29, 30, 33, 34, 35, 38, 39, 40, 41, 44, 47, 50, 53, 54, 55, 58, 59, 62, 63, 64, 65, 66, 67, 68, 69, 70, 71, 72, 75, 76, 77, 78, 79, 80, 83, 84, 85, 88, 89, 90, 91, 92, 93, 94, 97, 98, 99, 102, 104, 106, 107, 109, 112, 113, 116, 117, 120, 121, 123, 130, 131, 132, 134, 135, 139, 140, 145, 146, 149, 150, 153, 158, 159, 162], "summary": {"covered_lines": 93, "num_statements": 95, "percent_covered": 97.89473684210526, "percent_covered_display": "98", "missing_lines": 2, "excluded_lines": 0, "percent_statements_covered": 97.89473684210526, "percent_statements_covered_display": "98"}, "missing_lines": [127, 154], "excluded_lines": [], "functions": {"get_settings": {"executed_lines": [99], "summary": {"covered_lines": 1, "num_statements": 1, "percent_covered": 100.0, "percent_covered_display": "100", "missing_lines": 0, "excluded_lines": 0, "percent_statements_covered": 100.0, "percent_statements_covered_display": "100"}, "missing_lines": [], "excluded_lines": []}, "validate_production_config": {"executed_lines": [104, 106, 107, 109, 112, 113, 116, 117, 120, 121, 123, 130, 131, 132, 134, 135, 139, 140, 145, 146, 149, 150, 153, 158, 159, 162], "summary": {"covered_lines": 26, "num_statements": 28, "percent_covered": 92.85714285714286, "percent_covered_display": "93", "missing_lines": 2, "excluded_lines": 0, "percent_statements_covered": 92.85714285714286, "percent_statements_covered_display": "93"}, "missing_lines": [127, 154], "excluded_lines": []}, "": {"executed_lines": [1, 3, 5, 8, 9, 11, 13, 14, 15, 16, 17, 18, 19, 20, 23, 24, 25, 26, 27, 28, 29, 30, 33, 34, 35, 38, 39, 40, 41, 44, 47, 50, 53, 54, 55, 58, 59, 62, 63, 64, 65, 66, 67, 68, 69, 70, 71, 72, 75, 76, 77, 78, 79, 80, 83, 84, 85, 88, 89, 90, 91, 92, 93, 94, 97, 98, 102], "summary": {"covered_lines": 66, "num_statements": 66, "percent_covered": 100.0, "percent_covered_display": "100", "missing_lines": 0, "excluded_lines": 0, "percent_statements_covered": 100.0, "percent_statements_covered_display": "100"}, "missing_lines": [], "excluded_lines": []}}, "classes": {"Settings": {"executed_lines": [], "summary": {"covered_lines": 0, "num_statements": 0, "percent_covered": 100.0, "percent_covered_display": "100", "missing_lines": 0, "excluded_lines": 0, "percent_statements_covered": 100.0, "percent_statements_covered_display": "100"}, "missing_lines": [], "excluded_lines": []}, "": {"executed_lines": [1, 3, 5, 8, 9, 11, 13, 14, 15, 16, 17, 18, 19, 20, 23, 24, 25, 26, 27, 28, 29, 30, 33, 34, 35, 38, 39, 40, 41, 44, 47, 50, 53, 54, 55, 58, 59, 62, 63, 64, 65, 66, 67, 68, 69, 70, 71, 72, 75, 76, 77, 78, 79, 80, 83, 84, 85, 88, 89, 90, 91, 92, 93, 94, 97, 98, 99, 102, 104, 106, 107, 109, 112, 113, 116, 117, 120, 121, 123, 130, 131, 132, 134, 135, 139, 140, 145, 146, 149, 150, 153, 158, 159, 162], "summary": {"covered_lines": 93, "num_statements": 95, "percent_covered": 97.89473684210526, "percent_covered_display": "98", "missing_lines": 2, "excluded_lines": 0, "percent_statements_covered": 97.89473684210526, "percent_statements_covered_display": "98"}, "missing_lines": [127, 154], "excluded_lines": []}}}, "app/database.py": {"executed_lines": [1, 3, 4, 5, 6, 7, 9, 11, 19, 20, 26, 27, 37, 38, 49, 55, 58, 67], "summary": {"covered_lines": 18, "num_statements": 38, "percent_covered": 47.36842105263158, "percent_covered_display": "47", "missing_lines": 20, "excluded_lines": 0, "percent_statements_covered": 47.36842105263158, "percent_statements_covered_display": "47"}, "missing_lines": [23, 30, 31, 32, 33, 34, 39, 40, 41, 42, 43, 44, 45, 46, 60, 61, 62, 64, 68, 69], "excluded_lines": [], "functions": {"before_cursor_execute": {"executed_lines": [], "summary": {"covered_lines": 0, "num_statements": 1, "percent_covered": 0.0, "percent_covered_display": "0", "missing_lines": 1, "excluded_lines": 0, "percent_statements_covered": 0.0, "percent_statements_covered_display": "0"}, "missing_lines": [23], "excluded_lines": []}, "after_cursor_execute": {"executed_lines": [], "summary": {"covered_lines": 0, "num_statements": 5, "percent_covered": 0.0, "percent_covered_display": "0", "missing_lines": 5, "excluded_lines": 0, "percent_statements_covered": 0.0, "percent_statements_covered_display": "0"}, "missing_lines": [30, 31, 32, 33, 34], "excluded_lines": []}, "handle_error": {"executed_lines": [], "summary": {"covered_lines": 0, "num_statements": 8, "percent_covered": 0.0, "percent_covered_display": "0", "missing_lines": 8, "excluded_lines": 0, "percent_statements_covered": 0.0, "percent_statements_covered_display": "0"}, "missing_lines": [39, 40, 41, 42, 43, 44, 45, 46], "excluded_lines": []}, "get_db": {"executed_lines": [], "summary": {"covered_lines": 0, "num_statements": 4, "percent_covered": 0.0, "percent_covered_display": "0", "missing_lines": 4, "excluded_lines": 0, "percent_statements_covered": 0.0, "percent_statements_covered_display": "0"}, "missing_lines": [60, 61, 62, 64], "excluded_lines": []}, "get_db_pool_stats": {"executed_lines": [], "summary": {"covered_lines": 0, "num_statements": 2, "percent_covered": 0.0, "percent_covered_display": "0", "missing_lines": 2, "excluded_lines": 0, "percent_statements_covered": 0.0, "percent_statements_covered_display": "0"}, "missing_lines": [68, 69], "excluded_lines": []}, "": {"executed_lines": [1, 3, 4, 5, 6, 7, 9, 11, 19, 20, 26, 27, 37, 38, 49, 55, 58, 67], "summary": {"covered_lines": 18, "num_statements": 18, "percent_covered": 100.0, "percent_covered_display": "100", "missing_lines": 0, "excluded_lines": 0, "percent_statements_covered": 100.0, "percent_statements_covered_display": "100"}, "missing_lines": [], "excluded_lines": []}}, "classes": {"": {"executed_lines": [1, 3, 4, 5, 6, 7, 9, 11, 19, 20, 26, 27, 37, 38, 49, 55, 58, 67], "summary": {"covered_lines": 18, "num_statements": 38, "percent_covered": 47.36842105263158, "percent_covered_display": "47", "missing_lines": 20, "excluded_lines": 0, "percent_statements_covered": 47.36842105263158, "percent_statements_covered_display": "47"}, "missing_lines": [23, 30, 31, 32, 33, 34, 39, 40, 41, 42, 43, 44, 45, 46, 60, 61, 62, 64, 68, 69], "excluded_lines": []}}}, "app/logging_config.py": {"executed_lines": [1, 3, 4, 5, 6, 8, 11, 58, 61, 71, 72, 76, 84, 91, 93], "summary": {"covered_lines": 14, "num_statements": 26, "percent_covered": 53.84615384615385, "percent_covered_display": "54", "missing_lines": 12, "excluded_lines": 0, "percent_statements_covered": 53.84615384615385, "percent_statements_covered_display": "54"}, "missing_lines": [16, 34, 35, 36, 39, 40, 42, 48, 52, 53, 55, 74], "excluded_lines": [], "functions": {"redact_sensitive_data": {"executed_lines": [], "summary": {"covered_lines": 0, "num_statements": 11, "percent_covered": 0.0, "percent_covered_display": "0", "missing_lines": 11, "excluded_lines": 0, "percent_statements_covered": 0.0, "percent_statements_covered_display": "0"}, "missing_lines": [16, 34, 35, 36, 39, 40, 42, 48, 52, 53, 55], "excluded_lines": []}, "setup_logging": {"executed_lines": [61, 71, 72, 76, 84], "summary": {"covered_lines": 5, "num_statements": 6, "percent_covered": 83.33333333333333, "percent_covered_display": "83", "missing_lines": 1, "excluded_lines": 0, "percent_statements_covered": 83.33333333333333, "percent_statements_covered_display": "83"}, "missing_lines": [74], "excluded_lines": []}, "get_logger": {"executed_lines": [93], "summary": {"covered_lines": 1, "num_statements": 1, "percent_covered": 100.0, "percent_covered_display": "100", "missing_lines": 0, "excluded_lines": 0, "percent_statements_covered": 100.0, "percent_statements_covered_display": "100"}, "missing_lines": [], "excluded_lines": []}, "": {"executed_lines": [1, 3, 4, 5, 6, 8, 11, 58, 91], "summary": {"covered_lines": 8, "num_statements": 8, "percent_covered": 100.0, "percent_covered_display": "100", "missing_lines": 0, "excluded_lines": 0, "percent_statements_covered": 100.0, "percent_statements_covered_display": "100"}, "missing_lines": [], "excluded_lines": []}}, "classes": {"": {"executed_lines": [1, 3, 4, 5, 6, 8, 11, 58, 61, 71, 72, 76, 84, 91, 93], "summary": {"covered_lines": 14, "num_statements": 26, "percent_covered": 53.84615384615385, "percent_covered_display": "54", "missing_lines": 12, "excluded_lines": 0, "percent_statements_covered": 53.84615384615385, "percent_statements_covered_display": "54"}, "missing_lines": [16, 34, 35, 36, 39, 40, 42, 48, 52, 53, 55, 74], "excluded_lines": []}}}, "app/main.py": {"executed_lines": [1, 2, 3, 5, 6, 7, 8, 9, 10, 20, 21, 22, 28, 29, 30, 31, 32, 33, 34, 35, 36, 37, 39, 42, 43, 45, 68, 80, 86, 89, 90, 96, 98, 101, 102, 112, 113, 116, 122, 125, 126, 127, 128, 129, 130, 131, 133, 136, 149, 185, 188, 189, 207, 208, 225, 234, 235, 237, 240, 241, 261, 262, 263, 264, 265, 266, 267, 268, 271, 307, 366, 409, 420, 441, 446, 459, 473, 474], "summary": {"covered_lines": 78, "num_statements": 142, "percent_covered": 54.929577464788736, "percent_covered_display": "55", "missing_lines": 64, "excluded_lines": 0, "percent_statements_covered": 54.929577464788736, "percent_statements_covered_display": "55"}, "missing_lines": [92, 93, 117, 123, 150, 151, 153, 162, 163, 164, 180, 181, 182, 190, 191, 192, 193, 194, 195, 197, 198, 199, 209, 210, 211, 213, 217, 242, 243, 254, 310, 311, 312, 313, 314, 315, 318, 323, 326, 327, 333, 340, 341, 342, 343, 344, 345, 347, 349, 350, 354, 356, 358, 411, 412, 417, 443, 460, 461, 462, 463, 464, 470, 476], "excluded_lines": [], "functions": {"lifespan": {"executed_lines": [], "summary": {"covered_lines": 0, "num_statements": 2, "percent_covered": 0.0, "percent_covered_display": "0", "missing_lines": 2, "excluded_lines": 0, "percent_statements_covered": 0.0, "percent_statements_covered_display": "0"}, "missing_lines": [92, 93], "excluded_lines": []}, "get_cors_origins": {"executed_lines": [98, 101, 102, 112, 113, 116, 122, 125, 126, 127, 128, 129, 130, 131, 133], "summary": {"covered_lines": 15, "num_statements": 17, "percent_covered": 88.23529411764706, "percent_covered_display": "88", "missing_lines": 2, "excluded_lines": 0, "percent_statements_covered": 88.23529411764706, "percent_statements_covered_display": "88"}, "missing_lines": [117, 123], "excluded_lines": []}, "custom_openapi": {"executed_lines": [], "summary": {"covered_lines": 0, "num_statements": 9, "percent_covered": 0.0, "percent_covered_display": "0", "missing_lines": 9, "excluded_lines": 0, "percent_statements_covered": 0.0, "percent_statements_covered_display": "0"}, "missing_lines": [150, 151, 153, 162, 163, 164, 180, 181, 182], "excluded_lines": []}, "metrics_middleware": {"executed_lines": [], "summary": {"covered_lines": 0, "num_statements": 9, "percent_covered": 0.0, "percent_covered_display": "0", "missing_lines": 9, "excluded_lines": 0, "percent_statements_covered": 0.0, "percent_statements_covered_display": "0"}, "missing_lines": [190, 191, 192, 193, 194, 195, 197, 198, 199], "excluded_lines": []}, "csrf_middleware": {"executed_lines": [], "summary": {"covered_lines": 0, "num_statements": 5, "percent_covered": 0.0, "percent_covered_display": "0", "missing_lines": 5, "excluded_lines": 0, "percent_statements_covered": 0.0, "percent_statements_covered_display": "0"}, "missing_lines": [209, 210, 211, 213, 217], "excluded_lines": []}, "auth_error_handler": {"executed_lines": [], "summary": {"covered_lines": 0, "num_statements": 3, "percent_covered": 0.0, "percent_covered_display": "0", "missing_lines": 3, "excluded_lines": 0, "percent_statements_covered": 0.0, "percent_statements_covered_display": "0"}, "missing_lines": [242, 243, 254], "excluded_lines": []}, "health_check": {"executed_lines": [], "summary": {"covered_lines": 0, "num_statements": 23, "percent_covered": 0.0, "percent_covered_display": "0", "missing_lines": 23, "excluded_lines": 0, "percent_statements_covered": 0.0, "percent_statements_covered_display": "0"}, "missing_lines": [310, 311, 312, 313, 314, 315, 318, 323, 326, 327, 333, 340, 341, 342, 343, 344, 345, 347, 349, 350, 354, 356, 358], "excluded_lines": []}, "readiness_check": {"executed_lines": [], "summary": {"covered_lines": 0, "num_statements": 3, "percent_covered": 0.0, "percent_covered_display": "0", "missing_lines": 3, "excluded_lines": 0, "percent_statements_covered": 0.0, "percent_statements_covered_display": "0"}, "missing_lines": [411, 412, 417], "excluded_lines": []}, "liveness_check": {"executed_lines": [], "summary": {"covered_lines": 0, "num_statements": 1, "percent_covered": 0.0, "percent_covered_display": "0", "missing_lines": 1, "excluded_lines": 0, "percent_statements_covered": 0.0, "percent_statements_covered_display": "0"}, "missing_lines": [443], "excluded_lines": []}, "metrics_endpoint": {"executed_lines": [], "summary": {"covered_lines": 0, "num_statements": 6, "percent_covered": 0.0, "percent_covered_display": "0", "missing_lines": 6, "excluded_lines": 0, "percent_statements_covered": 0.0, "percent_statements_covered_display": "0"}, "missing_lines": [460, 461, 462, 463, 464, 470], "excluded_lines": []}, "root": {"executed_lines": [], "summary": {"covered_lines": 0, "num_statements": 1, "percent_covered": 0.0, "percent_covered_display": "0", "missing_lines": 1, "excluded_lines": 0, "percent_statements_covered": 0.0, "percent_statements_covered_display": "0"}, "missing_lines": [476], "excluded_lines": []}, "": {"executed_lines": [1, 2, 3, 5, 6, 7, 8, 9, 10, 20, 21, 22, 28, 29, 30, 31, 32, 33, 34, 35, 36, 37, 39, 42, 43, 45, 68, 80, 86, 89, 90, 96, 136, 149, 185, 188, 189, 207, 208, 225, 234, 235, 237, 240, 241, 261, 262, 263, 264, 265, 266, 267, 268, 271, 307, 366, 409, 420, 441, 446, 459, 473, 474], "summary": {"covered_lines": 63, "num_statements": 63, "percent_covered": 100.0, "percent_covered_display": "100", "missing_lines": 0, "excluded_lines": 0, "percent_statements_covered": 100.0, "percent_statements_covered_display": "100"}, "missing_lines": [], "excluded_lines": []}}, "classes": {"": {"executed_lines": [1, 2, 3, 5, 6, 7, 8, 9, 10, 20, 21, 22, 28, 29, 30, 31, 32, 33, 34, 35, 36, 37, 39, 42, 43, 45, 68, 80, 86, 89, 90, 96, 98, 101, 102, 112, 113, 116, 122, 125, 126, 127, 128, 129, 130, 131, 133, 136, 149, 185, 188, 189, 207, 208, 225, 234, 235, 237, 240, 241, 261, 262, 263, 264, 265, 266, 267, 268, 271, 307, 366, 409, 420, 441, 446, 459, 473, 474], "summary": {"covered_lines": 78, "num_statements": 142, "percent_covered": 54.929577464788736, "percent_covered_display": "55", "missing_lines": 64, "excluded_lines": 0, "percent_statements_covered": 54.929577464788736, "percent_statements_covered_display": "55"}, "missing_lines": [92, 93, 117, 123, 150, 151, 153, 162, 163, 164, 180, 181, 182, 190, 191, 192, 193, 194, 195, 197, 198, 199, 209, 210, 211, 213, 217, 242, 243, 254, 310, 311, 312, 313, 314, 315, 318, 323, 326, 327, 333, 340, 341, 342, 343, 344, 345, 347, 349, 350, 354, 356, 358, 411, 412, 417, 443, 460, 461, 462, 463, 464, 470, 476], "excluded_lines": []}}}, "app/middleware/__init__.py": {"executed_lines": [0], "summary": {"covered_lines": 0, "num_statements": 0, "percent_covered": 100.0, "percent_covered_display": "100", "missing_lines": 0, "excluded_lines": 0, "percent_statements_covered": 100.0, "percent_statements_covered_display": "100"}, "missing_lines": [], "excluded_lines": [], "functions": {"": {"executed_lines": [], "summary": {"covered_lines": 0, "num_statements": 0, "percent_covered": 100.0, "percent_covered_display": "100", "missing_lines": 0, "excluded_lines": 0, "percent_statements_covered": 100.0, "percent_statements_covered_display": "100"}, "missing_lines": [], "excluded_lines": []}}, "classes": {"": {"executed_lines": [], "summary": {"covered_lines": 0, "num_statements": 0, "percent_covered": 100.0, "percent_covered_display": "100", "missing_lines": 0, "excluded_lines": 0, "percent_statements_covered": 100.0, "percent_statements_covered_display": "100"}, "missing_lines": [], "excluded_lines": []}}}, "app/middleware/auth.py": {"executed_lines": [1, 2, 4, 5, 6, 7, 8, 9, 10, 11, 12, 14, 17], "summary": {"covered_lines": 13, "num_statements": 54, "percent_covered": 24.074074074074073, "percent_covered_display": "24", "missing_lines": 41, "excluded_lines": 0, "percent_statements_covered": 24.074074074074073, "percent_statements_covered_display": "24"}, "missing_lines": [24, 25, 28, 31, 32, 33, 34, 35, 37, 39, 41, 42, 43, 45, 46, 47, 48, 49, 50, 52, 53, 54, 55, 57, 64, 65, 66, 68, 69, 70, 71, 73, 80, 81, 83, 84, 86, 87, 89, 99, 100], "excluded_lines": [], "functions": {"get_current_user": {"executed_lines": [], "summary": {"covered_lines": 0, "num_statements": 41, "percent_covered": 0.0, "percent_covered_display": "0", "missing_lines": 41, "excluded_lines": 0, "percent_statements_covered": 0.0, "percent_statements_covered_display": "0"}, "missing_lines": [24, 25, 28, 31, 32, 33, 34, 35, 37, 39, 41, 42, 43, 45, 46, 47, 48, 49, 50, 52, 53, 54, 55, 57, 64, 65, 66, 68, 69, 70, 71, 73, 80, 81, 83, 84, 86, 87, 89, 99, 100], "excluded_lines": []}, "": {"executed_lines": [1, 2, 4, 5, 6, 7, 8, 9, 10, 11, 12, 14, 17], "summary": {"covered_lines": 13, "num_statements": 13, "percent_covered": 100.0, "percent_covered_display": "100", "missing_lines": 0, "excluded_lines": 0, "percent_statements_covered": 100.0, "percent_statements_covered_display": "100"}, "missing_lines": [], "excluded_lines": []}}, "classes": {"": {"executed_lines": [1, 2, 4, 5, 6, 7, 8, 9, 10, 11, 12, 14, 17], "summary": {"covered_lines": 13, "num_statements": 54, "percent_covered": 24.074074074074073, "percent_covered_display": "24", "missing_lines": 41, "excluded_lines": 0, "percent_statements_covered": 24.074074074074073, "percent_statements_covered_display": "24"}, "missing_lines": [24, 25, 28, 31, 32, 33, 34, 35, 37, 39, 41, 42, 43, 45, 46, 47, 48, 49, 50, 52, 53, 54, 55, 57, 64, 65, 66, 68, 69, 70, 71, 73, 80, 81, 83, 84, 86, 87, 89, 99, 100], "excluded_lines": []}}}, "app/middleware/csrf.py": {"executed_lines": [1, 2, 4, 5, 7, 8, 9, 10, 12, 13, 23, 29, 34, 41, 53, 57, 72, 77], "summary": {"covered_lines": 18, "num_statements": 54, "percent_covered": 33.333333333333336, "percent_covered_display": "33", "missing_lines": 36, "excluded_lines": 0, "percent_statements_covered": 33.333333333333336, "percent_statements_covered_display": "33"}, "missing_lines": [30, 31, 35, 36, 37, 38, 42, 43, 48, 49, 50, 54, 58, 64, 73, 74, 83, 84, 86, 87, 88, 92, 93, 94, 95, 96, 99, 101, 102, 104, 105, 106, 108, 109, 114, 117], "excluded_lines": [], "functions": {"_normalize_path": {"executed_lines": [], "summary": {"covered_lines": 0, "num_statements": 2, "percent_covered": 0.0, "percent_covered_display": "0", "missing_lines": 2, "excluded_lines": 0, "percent_statements_covered": 0.0, "percent_statements_covered_display": "0"}, "missing_lines": [30, 31], "excluded_lines": []}, "_is_exempt_path": {"executed_lines": [], "summary": {"covered_lines": 0, "num_statements": 4, "percent_covered": 0.0, "percent_covered_display": "0", "missing_lines": 4, "excluded_lines": 0, "percent_statements_covered": 0.0, "percent_statements_covered_display": "0"}, "missing_lines": [35, 36, 37, 38], "excluded_lines": []}, "_cookie_params": {"executed_lines": [], "summary": {"covered_lines": 0, "num_statements": 5, "percent_covered": 0.0, "percent_covered_display": "0", "missing_lines": 5, "excluded_lines": 0, "percent_statements_covered": 0.0, "percent_statements_covered_display": "0"}, "missing_lines": [42, 43, 48, 49, 50], "excluded_lines": []}, "generate_csrf_token": {"executed_lines": [], "summary": {"covered_lines": 0, "num_statements": 1, "percent_covered": 0.0, "percent_covered_display": "0", "missing_lines": 1, "excluded_lines": 0, "percent_statements_covered": 0.0, "percent_statements_covered_display": "0"}, "missing_lines": [54], "excluded_lines": []}, "set_csrf_cookies": {"executed_lines": [], "summary": {"covered_lines": 0, "num_statements": 2, "percent_covered": 0.0, "percent_covered_display": "0", "missing_lines": 2, "excluded_lines": 0, "percent_statements_covered": 0.0, "percent_statements_covered_display": "0"}, "missing_lines": [58, 64], "excluded_lines": []}, "clear_csrf_cookies": {"executed_lines": [], "summary": {"covered_lines": 0, "num_statements": 2, "percent_covered": 0.0, "percent_covered_display": "0", "missing_lines": 2, "excluded_lines": 0, "percent_statements_covered": 0.0, "percent_statements_covered_display": "0"}, "missing_lines": [73, 74], "excluded_lines": []}, "validate_csrf": {"executed_lines": [], "summary": {"covered_lines": 0, "num_statements": 20, "percent_covered": 0.0, "percent_covered_display": "0", "missing_lines": 20, "excluded_lines": 0, "percent_statements_covered": 0.0, "percent_statements_covered_display": "0"}, "missing_lines": [83, 84, 86, 87, 88, 92, 93, 94, 95, 96, 99, 101, 102, 104, 105, 106, 108, 109, 114, 117], "excluded_lines": []}, "": {"executed_lines": [1, 2, 4, 5, 7, 8, 9, 10, 12, 13, 23, 29, 34, 41, 53, 57, 72, 77], "summary": {"covered_lines": 18, "num_statements": 18, "percent_covered": 100.0, "percent_covered_display": "100", "missing_lines": 0, "excluded_lines": 0, "percent_statements_covered": 100.0, "percent_statements_covered_display": "100"}, "missing_lines": [], "excluded_lines": []}}, "classes": {"": {"executed_lines": [1, 2, 4, 5, 7, 8, 9, 10, 12, 13, 23, 29, 34, 41, 53, 57, 72, 77], "summary": {"covered_lines": 18, "num_statements": 54, "percent_covered": 33.333333333333336, "percent_covered_display": "33", "missing_lines": 36, "excluded_lines": 0, "percent_statements_covered": 33.333333333333336, "percent_statements_covered_display": "33"}, "missing_lines": [30, 31, 35, 36, 37, 38, 42, 43, 48, 49, 50, 54, 58, 64, 73, 74, 83, 84, 86, 87, 88, 92, 93, 94, 95, 96, 99, 101, 102, 104, 105, 106, 108, 109, 114, 117], "excluded_lines": []}}}, "app/middleware/rate_limit.py": {"executed_lines": [1, 3, 5, 6, 8, 9, 10, 11, 12, 13, 15, 18, 19, 22, 23, 28, 29, 30, 33, 34, 36, 37, 39, 40, 41, 42, 44, 45, 46, 47, 49, 52, 53, 54, 55, 56, 57, 59, 60, 61, 62, 63, 69, 72, 73, 74, 76, 77, 80, 82, 85, 87, 88, 89, 90, 93, 94, 95, 96, 97, 98, 100, 102, 111], "summary": {"covered_lines": 62, "num_statements": 63, "percent_covered": 98.41269841269842, "percent_covered_display": "98", "missing_lines": 1, "excluded_lines": 0, "percent_statements_covered": 98.41269841269842, "percent_statements_covered_display": "98"}, "missing_lines": [70], "excluded_lines": [], "functions": {"_parse_ip_whitelist": {"executed_lines": [19], "summary": {"covered_lines": 1, "num_statements": 1, "percent_covered": 100.0, "percent_covered_display": "100", "missing_lines": 0, "excluded_lines": 0, "percent_statements_covered": 100.0, "percent_statements_covered_display": "100"}, "missing_lines": [], "excluded_lines": []}, "_is_request_whitelisted": {"executed_lines": [29, 30], "summary": {"covered_lines": 2, "num_statements": 2, "percent_covered": 100.0, "percent_covered_display": "100", "missing_lines": 0, "excluded_lines": 0, "percent_statements_covered": 100.0, "percent_statements_covered_display": "100"}, "missing_lines": [], "excluded_lines": []}, "RateLimitContextMiddleware.__init__": {"executed_lines": [37], "summary": {"covered_lines": 1, "num_statements": 1, "percent_covered": 100.0, "percent_covered_display": "100", "missing_lines": 0, "excluded_lines": 0, "percent_statements_covered": 100.0, "percent_statements_covered_display": "100"}, "missing_lines": [], "excluded_lines": []}, "RateLimitContextMiddleware.__call__": {"executed_lines": [40, 41, 42, 44, 45, 46, 47, 49], "summary": {"covered_lines": 8, "num_statements": 8, "percent_covered": 100.0, "percent_covered_display": "100", "missing_lines": 0, "excluded_lines": 0, "percent_statements_covered": 100.0, "percent_statements_covered_display": "100"}, "missing_lines": [], "excluded_lines": []}, "_extract_user_id": {"executed_lines": [53, 54, 55, 56, 57, 59, 60, 61, 62, 63, 69, 72, 73, 74, 76, 77], "summary": {"covered_lines": 16, "num_statements": 17, "percent_covered": 94.11764705882354, "percent_covered_display": "94", "missing_lines": 1, "excluded_lines": 0, "percent_statements_covered": 94.11764705882354, "percent_statements_covered_display": "94"}, "missing_lines": [70], "excluded_lines": []}, "ip_rate_limit_key": {"executed_lines": [82], "summary": {"covered_lines": 1, "num_statements": 1, "percent_covered": 100.0, "percent_covered_display": "100", "missing_lines": 0, "excluded_lines": 0, "percent_statements_covered": 100.0, "percent_statements_covered_display": "100"}, "missing_lines": [], "excluded_lines": []}, "user_rate_limit_key": {"executed_lines": [87, 88, 89, 90], "summary": {"covered_lines": 4, "num_statements": 4, "percent_covered": 100.0, "percent_covered_display": "100", "missing_lines": 0, "excluded_lines": 0, "percent_statements_covered": 100.0, "percent_statements_covered_display": "100"}, "missing_lines": [], "excluded_lines": []}, "": {"executed_lines": [1, 3, 5, 6, 8, 9, 10, 11, 12, 13, 15, 18, 22, 23, 28, 33, 34, 36, 39, 52, 80, 85, 93, 94, 95, 96, 97, 98, 100, 102, 111], "summary": {"covered_lines": 29, "num_statements": 29, "percent_covered": 100.0, "percent_covered_display": "100", "missing_lines": 0, "excluded_lines": 0, "percent_statements_covered": 100.0, "percent_statements_covered_display": "100"}, "missing_lines": [], "excluded_lines": []}}, "classes": {"RateLimitContextMiddleware": {"executed_lines": [37, 40, 41, 42, 44, 45, 46, 47, 49], "summary": {"covered_lines": 9, "num_statements": 9, "percent_covered": 100.0, "percent_covered_display": "100", "missing_lines": 0, "excluded_lines": 0, "percent_statements_covered": 100.0, "percent_statements_covered_display": "100"}, "missing_lines": [], "excluded_lines": []}, "": {"executed_lines": [1, 3, 5, 6, 8, 9, 10, 11, 12, 13, 15, 18, 19, 22, 23, 28, 29, 30, 33, 34, 36, 39, 52, 53, 54, 55, 56, 57, 59, 60, 61, 62, 63, 69, 72, 73, 74, 76, 77, 80, 82, 85, 87, 88, 89, 90, 93, 94, 95, 96, 97, 98, 100, 102, 111], "summary": {"covered_lines": 53, "num_statements": 54, "percent_covered": 98.14814814814815, "percent_covered_display": "98", "missing_lines": 1, "excluded_lines": 0, "percent_statements_covered": 98.14814814814815, "percent_statements_covered_display": "98"}, "missing_lines": [70], "excluded_lines": []}}}, "app/models/__init__.py": {"executed_lines": [1, 2, 3, 4, 5, 6, 7, 8, 9, 10, 11, 12, 14], "summary": {"covered_lines": 13, "num_statements": 13, "percent_covered": 100.0, "percent_covered_display": "100", "missing_lines": 0, "excluded_lines": 0, "percent_statements_covered": 100.0, "percent_statements_covered_display": "100"}, "missing_lines": [], "excluded_lines": [], "functions": {"": {"executed_lines": [1, 2, 3, 4, 5, 6, 7, 8, 9, 10, 11, 12, 14], "summary": {"covered_lines": 13, "num_statements": 13, "percent_covered": 100.0, "percent_covered_display": "100", "missing_lines": 0, "excluded_lines": 0, "percent_statements_covered": 100.0, "percent_statements_covered_display": "100"}, "missing_lines": [], "excluded_lines": []}}, "classes": {"": {"executed_lines": [1, 2, 3, 4, 5, 6, 7, 8, 9, 10, 11, 12, 14], "summary": {"covered_lines": 13, "num_statements": 13, "percent_covered": 100.0, "percent_covered_display": "100", "missing_lines": 0, "excluded_lines": 0, "percent_statements_covered": 100.0, "percent_statements_covered_display": "100"}, "missing_lines": [], "excluded_lines": []}}}, "app/models/analytics_event.py": {"executed_lines": [1, 3, 4, 5, 6, 9, 10, 12, 14, 15, 20, 21, 22, 24], "summary": {"covered_lines": 13, "num_statements": 14, "percent_covered": 92.85714285714286, "percent_covered_display": "93", "missing_lines": 1, "excluded_lines": 0, "percent_statements_covered": 92.85714285714286, "percent_statements_covered_display": "93"}, "missing_lines": [25], "excluded_lines": [], "functions": {"AnalyticsEvent.__repr__": {"executed_lines": [], "summary": {"covered_lines": 0, "num_statements": 1, "percent_covered": 0.0, "percent_covered_display": "0", "missing_lines": 1, "excluded_lines": 0, "percent_statements_covered": 0.0, "percent_statements_covered_display": "0"}, "missing_lines": [25], "excluded_lines": []}, "": {"executed_lines": [1, 3, 4, 5, 6, 9, 10, 12, 14, 15, 20, 21, 22, 24], "summary": {"covered_lines": 13, "num_statements": 13, "percent_covered": 100.0, "percent_covered_display": "100", "missing_lines": 0, "excluded_lines": 0, "percent_statements_covered": 100.0, "percent_statements_covered_display": "100"}, "missing_lines": [], "excluded_lines": []}}, "classes": {"AnalyticsEvent": {"executed_lines": [], "summary": {"covered_lines": 0, "num_statements": 1, "percent_covered": 0.0, "percent_covered_display": "0", "missing_lines": 1, "excluded_lines": 0, "percent_statements_covered": 0.0, "percent_statements_covered_display": "0"}, "missing_lines": [25], "excluded_lines": []}, "": {"executed_lines": [1, 3, 4, 5, 6, 9, 10, 12, 14, 15, 20, 21, 22, 24], "summary": {"covered_lines": 13, "num_statements": 13, "percent_covered": 100.0, "percent_covered_display": "100", "missing_lines": 0, "excluded_lines": 0, "percent_statements_covered": 100.0, "percent_statements_covered_display": "100"}, "missing_lines": [], "excluded_lines": []}}}, "app/models/device.py": {"executed_lines": [1, 3, 4, 5, 6, 7, 10, 11, 13, 15, 16, 19, 20, 21, 22, 23, 24, 25, 28, 29, 33], "summary": {"covered_lines": 20, "num_statements": 21, "percent_covered": 95.23809523809524, "percent_covered_display": "95", "missing_lines": 1, "excluded_lines": 0, "percent_statements_covered": 95.23809523809524, "percent_statements_covered_display": "95"}, "missing_lines": [34], "excluded_lines": [], "functions": {"Device.__repr__": {"executed_lines": [], "summary": {"covered_lines": 0, "num_statements": 1, "percent_covered": 0.0, "percent_covered_display": "0", "missing_lines": 1, "excluded_lines": 0, "percent_statements_covered": 0.0, "percent_statements_covered_display": "0"}, "missing_lines": [34], "excluded_lines": []}, "": {"executed_lines": [1, 3, 4, 5, 6, 7, 10, 11, 13, 15, 16, 19, 20, 21, 22, 23, 24, 25, 28, 29, 33], "summary": {"covered_lines": 20, "num_statements": 20, "percent_covered": 100.0, "percent_covered_display": "100", "missing_lines": 0, "excluded_lines": 0, "percent_statements_covered": 100.0, "percent_statements_covered_display": "100"}, "missing_lines": [], "excluded_lines": []}}, "classes": {"Device": {"executed_lines": [], "summary": {"covered_lines": 0, "num_statements": 1, "percent_covered": 0.0, "percent_covered_display": "0", "missing_lines": 1, "excluded_lines": 0, "percent_statements_covered": 0.0, "percent_statements_covered_display": "0"}, "missing_lines": [34], "excluded_lines": []}, "": {"executed_lines": [1, 3, 4, 5, 6, 7, 10, 11, 13, 15, 16, 19, 20, 21, 22, 23, 24, 25, 28, 29, 33], "summary": {"covered_lines": 20, "num_statements": 20, "percent_covered": 100.0, "percent_covered_display": "100", "missing_lines": 0, "excluded_lines": 0, "percent_statements_covered": 100.0, "percent_statements_covered_display": "100"}, "missing_lines": [], "excluded_lines": []}}}, "app/models/learn_message.py": {"executed_lines": [1, 3, 4, 6, 7, 8, 9, 10, 13, 14, 16, 17, 20, 21, 23, 25, 26, 32, 33, 34, 35, 38, 40], "summary": {"covered_lines": 20, "num_statements": 21, "percent_covered": 95.23809523809524, "percent_covered_display": "95", "missing_lines": 1, "excluded_lines": 0, "percent_statements_covered": 95.23809523809524, "percent_statements_covered_display": "95"}, "missing_lines": [41], "excluded_lines": [], "functions": {"LearnMessage.__repr__": {"executed_lines": [], "summary": {"covered_lines": 0, "num_statements": 1, "percent_covered": 0.0, "percent_covered_display": "0", "missing_lines": 1, "excluded_lines": 0, "percent_statements_covered": 0.0, "percent_statements_covered_display": "0"}, "missing_lines": [41], "excluded_lines": []}, "": {"executed_lines": [1, 3, 4, 6, 7, 8, 9, 10, 13, 14, 16, 17, 20, 21, 23, 25, 26, 32, 33, 34, 35, 38, 40], "summary": {"covered_lines": 20, "num_statements": 20, "percent_covered": 100.0, "percent_covered_display": "100", "missing_lines": 0, "excluded_lines": 0, "percent_statements_covered": 100.0, "percent_statements_covered_display": "100"}, "missing_lines": [], "excluded_lines": []}}, "classes": {"LearnMessageRole": {"executed_lines": [], "summary": {"covered_lines": 0, "num_statements": 0, "percent_covered": 100.0, "percent_covered_display": "100", "missing_lines": 0, "excluded_lines": 0, "percent_statements_covered": 100.0, "percent_statements_covered_display": "100"}, "missing_lines": [], "excluded_lines": []}, "LearnMessage": {"executed_lines": [], "summary": {"covered_lines": 0, "num_statements": 1, "percent_covered": 0.0, "percent_covered_display": "0", "missing_lines": 1, "excluded_lines": 0, "percent_statements_covered": 0.0, "percent_statements_covered_display": "0"}, "missing_lines": [41], "excluded_lines": []}, "": {"executed_lines": [1, 3, 4, 6, 7, 8, 9, 10, 13, 14, 16, 17, 20, 21, 23, 25, 26, 32, 33, 34, 35, 38, 40], "summary": {"covered_lines": 20, "num_statements": 20, "percent_covered": 100.0, "percent_covered_display": "100", "missing_lines": 0, "excluded_lines": 0, "percent_statements_covered": 100.0, "percent_statements_covered_display": "100"}, "missing_lines": [], "excluded_lines": []}}}, "app/models/learn_session.py": {"executed_lines": [1, 3, 4, 6, 7, 8, 9, 10, 13, 14, 16, 17, 18, 19, 22, 23, 32, 34, 35, 38, 41, 42, 43, 46, 47, 48, 49, 51, 52, 55, 56, 57, 65], "summary": {"covered_lines": 30, "num_statements": 31, "percent_covered": 96.7741935483871, "percent_covered_display": "97", "missing_lines": 1, "excluded_lines": 0, "percent_statements_covered": 96.7741935483871, "percent_statements_covered_display": "97"}, "missing_lines": [66], "excluded_lines": [], "functions": {"LearnSession.__repr__": {"executed_lines": [], "summary": {"covered_lines": 0, "num_statements": 1, "percent_covered": 0.0, "percent_covered_display": "0", "missing_lines": 1, "excluded_lines": 0, "percent_statements_covered": 0.0, "percent_statements_covered_display": "0"}, "missing_lines": [66], "excluded_lines": []}, "": {"executed_lines": [1, 3, 4, 6, 7, 8, 9, 10, 13, 14, 16, 17, 18, 19, 22, 23, 32, 34, 35, 38, 41, 42, 43, 46, 47, 48, 49, 51, 52, 55, 56, 57, 65], "summary": {"covered_lines": 30, "num_statements": 30, "percent_covered": 100.0, "percent_covered_display": "100", "missing_lines": 0, "excluded_lines": 0, "percent_statements_covered": 100.0, "percent_statements_covered_display": "100"}, "missing_lines": [], "excluded_lines": []}}, "classes": {"LearnStep": {"executed_lines": [], "summary": {"covered_lines": 0, "num_statements": 0, "percent_covered": 100.0, "percent_covered_display": "100", "missing_lines": 0, "excluded_lines": 0, "percent_statements_covered": 100.0, "percent_statements_covered_display": "100"}, "missing_lines": [], "excluded_lines": []}, "LearnSession": {"executed_lines": [], "summary": {"covered_lines": 0, "num_statements": 1, "percent_covered": 0.0, "percent_covered_display": "0", "missing_lines": 1, "excluded_lines": 0, "percent_statements_covered": 0.0, "percent_statements_covered_display": "0"}, "missing_lines": [66], "excluded_lines": []}, "": {"executed_lines": [1, 3, 4, 6, 7, 8, 9, 10, 13, 14, 16, 17, 18, 19, 22, 23, 32, 34, 35, 38, 41, 42, 43, 46, 47, 48, 49, 51, 52, 55, 56, 57, 65], "summary": {"covered_lines": 30, "num_statements": 30, "percent_covered": 100.0, "percent_covered_display": "100", "missing_lines": 0, "excluded_lines": 0, "percent_statements_covered": 100.0, "percent_statements_covered_display": "100"}, "missing_lines": [], "excluded_lines": []}}}, "app/models/message.py": {"executed_lines": [1, 3, 4, 6, 7, 8, 9, 10, 13, 14, 16, 17, 20, 21, 23, 25, 26, 32, 33, 34, 35, 38, 40], "summary": {"covered_lines": 20, "num_statements": 21, "percent_covered": 95.23809523809524, "percent_covered_display": "95", "missing_lines": 1, "excluded_lines": 0, "percent_statements_covered": 95.23809523809524, "percent_statements_covered_display": "95"}, "missing_lines": [41], "excluded_lines": [], "functions": {"Message.__repr__": {"executed_lines": [], "summary": {"covered_lines": 0, "num_statements": 1, "percent_covered": 0.0, "percent_covered_display": "0", "missing_lines": 1, "excluded_lines": 0, "percent_statements_covered": 0.0, "percent_statements_covered_display": "0"}, "missing_lines": [41], "excluded_lines": []}, "": {"executed_lines": [1, 3, 4, 6, 7, 8, 9, 10, 13, 14, 16, 17, 20, 21, 23, 25, 26, 32, 33, 34, 35, 38, 40], "summary": {"covered_lines": 20, "num_statements": 20, "percent_covered": 100.0, "percent_covered_display": "100", "missing_lines": 0, "excluded_lines": 0, "percent_statements_covered": 100.0, "percent_statements_covered_display": "100"}, "missing_lines": [], "excluded_lines": []}}, "classes": {"MessageRole": {"executed_lines": [], "summary": {"covered_lines": 0, "num_statements": 0, "percent_covered": 100.0, "percent_covered_display": "100", "missing_lines": 0, "excluded_lines": 0, "percent_statements_covered": 100.0, "percent_statements_covered_display": "100"}, "missing_lines": [], "excluded_lines": []}, "Message": {"executed_lines": [], "summary": {"covered_lines": 0, "num_statements": 1, "percent_covered": 0.0, "percent_covered_display": "0", "missing_lines": 1, "excluded_lines": 0, "percent_statements_covered": 0.0, "percent_statements_covered_display": "0"}, "missing_lines": [41], "excluded_lines": []}, "": {"executed_lines": [1, 3, 4, 6, 7, 8, 9, 10, 13, 14, 16, 17, 20, 21, 23, 25, 26, 32, 33, 34, 35, 38, 40], "summary": {"covered_lines": 20, "num_statements": 20, "percent_covered": 100.0, "percent_covered_display": "100", "missing_lines": 0, "excluded_lines": 0, "percent_statements_covered": 100.0, "percent_statements_covered_display": "100"}, "missing_lines": [], "excluded_lines": []}}}, "app/models/password_reset.py": {"executed_lines": [1, 3, 4, 5, 6, 7, 10, 11, 13, 14, 15, 16, 17, 18, 20], "summary": {"covered_lines": 15, "num_statements": 15, "percent_covered": 100.0, "percent_covered_display": "100", "missing_lines": 0, "excluded_lines": 0, "percent_statements_covered": 100.0, "percent_statements_covered_display": "100"}, "missing_lines": [], "excluded_lines": [], "functions": {"": {"executed_lines": [1, 3, 4, 5, 6, 7, 10, 11, 13, 14, 15, 16, 17, 18, 20], "summary": {"covered_lines": 15, "num_statements": 15, "percent_covered": 100.0, "percent_covered_display": "100", "missing_lines": 0, "excluded_lines": 0, "percent_statements_covered": 100.0, "percent_statements_covered_display": "100"}, "missing_lines": [], "excluded_lines": []}}, "classes": {"PasswordResetToken": {"executed_lines": [], "summary": {"covered_lines": 0, "num_statements": 0, "percent_covered": 100.0, "percent_covered_display": "100", "missing_lines": 0, "excluded_lines": 0, "percent_statements_covered": 100.0, "percent_statements_covered_display": "100"}, "missing_lines": [], "excluded_lines": []}, "": {"executed_lines": [1, 3, 4, 5, 6, 7, 10, 11, 13, 14, 15, 16, 17, 18, 20], "summary": {"covered_lines": 15, "num_statements": 15, "percent_covered": 100.0, "percent_covered_display": "100", "missing_lines": 0, "excluded_lines": 0, "percent_statements_covered": 100.0, "percent_statements_covered_display": "100"}, "missing_lines": [], "excluded_lines": []}}}, "app/models/session.py": {"executed_lines": [1, 3, 4, 5, 6, 7, 10, 11, 13, 15, 16, 19, 22, 23, 24, 27, 28, 30], "summary": {"covered_lines": 17, "num_statements": 18, "percent_covered": 94.44444444444444, "percent_covered_display": "94", "missing_lines": 1, "excluded_lines": 0, "percent_statements_covered": 94.44444444444444, "percent_statements_covered_display": "94"}, "missing_lines": [31], "excluded_lines": [], "functions": {"ActiveSession.__repr__": {"executed_lines": [], "summary": {"covered_lines": 0, "num_statements": 1, "percent_covered": 0.0, "percent_covered_display": "0", "missing_lines": 1, "excluded_lines": 0, "percent_statements_covered": 0.0, "percent_statements_covered_display": "0"}, "missing_lines": [31], "excluded_lines": []}, "": {"executed_lines": [1, 3, 4, 5, 6, 7, 10, 11, 13, 15, 16, 19, 22, 23, 24, 27, 28, 30], "summary": {"covered_lines": 17, "num_statements": 17, "percent_covered": 100.0, "percent_covered_display": "100", "missing_lines": 0, "excluded_lines": 0, "percent_statements_covered": 100.0, "percent_statements_covered_display": "100"}, "missing_lines": [], "excluded_lines": []}}, "classes": {"ActiveSession": {"executed_lines": [], "summary": {"covered_lines": 0, "num_statements": 1, "percent_covered": 0.0, "percent_covered_display": "0", "missing_lines": 1, "excluded_lines": 0, "percent_statements_covered": 0.0, "percent_statements_covered_display": "0"}, "missing_lines": [31], "excluded_lines": []}, "": {"executed_lines": [1, 3, 4, 5, 6, 7, 10, 11, 13, 15, 16, 19, 22, 23, 24, 27, 28, 30], "summary": {"covered_lines": 17, "num_statements": 17, "percent_covered": 100.0, "percent_covered_display": "100", "missing_lines": 0, "excluded_lines": 0, "percent_statements_covered": 100.0, "percent_statements_covered_display": "100"}, "missing_lines": [], "excluded_lines": []}}}, "app/models/solve_session.py": {"executed_lines": [1, 2, 4, 5, 6, 7, 8, 11, 12, 13, 14, 17, 18, 19, 20, 21, 22, 25, 26, 28, 30, 31, 34, 37, 38, 39, 40, 41, 42, 43, 46, 47, 48, 51, 58], "summary": {"covered_lines": 34, "num_statements": 35, "percent_covered": 97.14285714285714, "percent_covered_display": "97", "missing_lines": 1, "excluded_lines": 0, "percent_statements_covered": 97.14285714285714, "percent_statements_covered_display": "97"}, "missing_lines": [59], "excluded_lines": [], "functions": {"SolveSession.__repr__": {"executed_lines": [], "summary": {"covered_lines": 0, "num_statements": 1, "percent_covered": 0.0, "percent_covered_display": "0", "missing_lines": 1, "excluded_lines": 0, "percent_statements_covered": 0.0, "percent_statements_covered_display": "0"}, "missing_lines": [59], "excluded_lines": []}, "": {"executed_lines": [1, 2, 4, 5, 6, 7, 8, 11, 12, 13, 14, 17, 18, 19, 20, 21, 22, 25, 26, 28, 30, 31, 34, 37, 38, 39, 40, 41, 42, 43, 46, 47, 48, 51, 58], "summary": {"covered_lines": 34, "num_statements": 34, "percent_covered": 100.0, "percent_covered_display": "100", "missing_lines": 0, "excluded_lines": 0, "percent_statements_covered": 100.0, "percent_statements_covered_display": "100"}, "missing_lines": [], "excluded_lines": []}}, "classes": {"SessionStatus": {"executed_lines": [], "summary": {"covered_lines": 0, "num_statements": 0, "percent_covered": 100.0, "percent_covered_display": "100", "missing_lines": 0, "excluded_lines": 0, "percent_statements_covered": 100.0, "percent_statements_covered_display": "100"}, "missing_lines": [], "excluded_lines": []}, "SolveStep": {"executed_lines": [], "summary": {"covered_lines": 0, "num_statements": 0, "percent_covered": 100.0, "percent_covered_display": "100", "missing_lines": 0, "excluded_lines": 0, "percent_statements_covered": 100.0, "percent_statements_covered_display": "100"}, "missing_lines": [], "excluded_lines": []}, "SolveSession": {"executed_lines": [], "summary": {"covered_lines": 0, "num_statements": 1, "percent_covered": 0.0, "percent_covered_display": "0", "missing_lines": 1, "excluded_lines": 0, "percent_statements_covered": 0.0, "percent_statements_covered_display": "0"}, "missing_lines": [59], "excluded_lines": []}, "": {"executed_lines": [1, 2, 4, 5, 6, 7, 8, 11, 12, 13, 14, 17, 18, 19, 20, 21, 22, 25, 26, 28, 30, 31, 34, 37, 38, 39, 40, 41, 42, 43, 46, 47, 48, 51, 58], "summary": {"covered_lines": 34, "num_statements": 34, "percent_covered": 100.0, "percent_covered_display": "100", "missing_lines": 0, "excluded_lines": 0, "percent_statements_covered": 100.0, "percent_statements_covered_display": "100"}, "missing_lines": [], "excluded_lines": []}}}, "app/models/step_history.py": {"executed_lines": [1, 3, 4, 5, 6, 7, 10, 11, 13, 14, 24, 25, 30, 31, 32, 33, 36, 38], "summary": {"covered_lines": 17, "num_statements": 18, "percent_covered": 94.44444444444444, "percent_covered_display": "94", "missing_lines": 1, "excluded_lines": 0, "percent_statements_covered": 94.44444444444444, "percent_statements_covered_display": "94"}, "missing_lines": [39], "excluded_lines": [], "functions": {"StepHistory.__repr__": {"executed_lines": [], "summary": {"covered_lines": 0, "num_statements": 1, "percent_covered": 0.0, "percent_covered_display": "0", "missing_lines": 1, "excluded_lines": 0, "percent_statements_covered": 0.0, "percent_statements_covered_display": "0"}, "missing_lines": [39], "excluded_lines": []}, "": {"executed_lines": [1, 3, 4, 5, 6, 7, 10, 11, 13, 14, 24, 25, 30, 31, 32, 33, 36, 38], "summary": {"covered_lines": 17, "num_statements": 17, "percent_covered": 100.0, "percent_covered_display": "100", "missing_lines": 0, "excluded_lines": 0, "percent_statements_covered": 100.0, "percent_statements_covered_display": "100"}, "missing_lines": [], "excluded_lines": []}}, "classes": {"StepHistory": {"executed_lines": [], "summary": {"covered_lines": 0, "num_statements": 1, "percent_covered": 0.0, "percent_covered_display": "0", "missing_lines": 1, "excluded_lines": 0, "percent_statements_covered": 0.0, "percent_statements_covered_display": "0"}, "missing_lines": [39], "excluded_lines": []}, "": {"executed_lines": [1, 3, 4, 5, 6, 7, 10, 11, 13, 14, 24, 25, 30, 31, 32, 33, 36, 38], "summary": {"covered_lines": 17, "num_statements": 17, "percent_covered": 100.0, "percent_covered_display": "100", "missing_lines": 0, "excluded_lines": 0, "percent_statements_covered": 100.0, "percent_statements_covered_display": "100"}, "missing_lines": [], "excluded_lines": []}}}, "app/models/subscription.py": {"executed_lines": [1, 3, 4, 5, 14, 15, 18, 19, 21, 23, 24, 30, 31, 32, 33, 34, 35, 36, 37, 38, 45, 47, 51, 52, 54, 55, 60, 61, 67, 68, 69, 70], "summary": {"covered_lines": 30, "num_statements": 31, "percent_covered": 96.7741935483871, "percent_covered_display": "97", "missing_lines": 1, "excluded_lines": 0, "percent_statements_covered": 96.7741935483871, "percent_statements_covered_display": "97"}, "missing_lines": [48], "excluded_lines": [], "functions": {"Subscription.__repr__": {"executed_lines": [], "summary": {"covered_lines": 0, "num_statements": 1, "percent_covered": 0.0, "percent_covered_display": "0", "missing_lines": 1, "excluded_lines": 0, "percent_statements_covered": 0.0, "percent_statements_covered_display": "0"}, "missing_lines": [48], "excluded_lines": []}, "": {"executed_lines": [1, 3, 4, 5, 14, 15, 18, 19, 21, 23, 24, 30, 31, 32, 33, 34, 35, 36, 37, 38, 45, 47, 51, 52, 54, 55, 60, 61, 67, 68, 69, 70], "summary": {"covered_lines": 30, "num_statements": 30, "percent_covered": 100.0, "percent_covered_display": "100", "missing_lines": 0, "excluded_lines": 0, "percent_statements_covered": 100.0, "percent_statements_covered_display": "100"}, "missing_lines": [], "excluded_lines": []}}, "classes": {"Subscription": {"executed_lines": [], "summary": {"covered_lines": 0, "num_statements": 1, "percent_covered": 0.0, "percent_covered_display": "0", "missing_lines": 1, "excluded_lines": 0, "percent_statements_covered": 0.0, "percent_statements_covered_display": "0"}, "missing_lines": [48], "excluded_lines": []}, "Usage": {"executed_lines": [], "summary": {"covered_lines": 0, "num_statements": 0, "percent_covered": 100.0, "percent_covered_display": "100", "missing_lines": 0, "excluded_lines": 0, "percent_statements_covered": 100.0, "percent_statements_covered_display": "100"}, "missing_lines": [], "excluded_lines": []}, "": {"executed_lines": [1, 3, 4, 5, 14, 15, 18, 19, 21, 23, 24, 30, 31, 32, 33, 34, 35, 36, 37, 38, 45, 47, 51, 52, 54, 55, 60, 61, 67, 68, 69, 70], "summary": {"covered_lines": 30, "num_statements": 30, "percent_covered": 100.0, "percent_covered_display": "100", "missing_lines": 0, "excluded_lines": 0, "percent_statements_covered": 100.0, "percent_statements_covered_display": "100"}, "missing_lines": [], "excluded_lines": []}}}, "app/models/user.py": {"executed_lines": [1, 3, 4, 5, 6, 7, 10, 11, 13, 15, 16, 17, 18, 19, 20, 21, 22, 23, 30, 33, 36, 39, 42, 43, 47], "summary": {"covered_lines": 24, "num_statements": 25, "percent_covered": 96.0, "percent_covered_display": "96", "missing_lines": 1, "excluded_lines": 0, "percent_statements_covered": 96.0, "percent_statements_covered_display": "96"}, "missing_lines": [48], "excluded_lines": [], "functions": {"User.__repr__": {"executed_lines": [], "summary": {"covered_lines": 0, "num_statements": 1, "percent_covered": 0.0, "percent_covered_display": "0", "missing_lines": 1, "excluded_lines": 0, "percent_statements_covered": 0.0, "percent_statements_covered_display": "0"}, "missing_lines": [48], "excluded_lines": []}, "": {"executed_lines": [1, 3, 4, 5, 6, 7, 10, 11, 13, 15, 16, 17, 18, 19, 20, 21, 22, 23, 30, 33, 36, 39, 42, 43, 47], "summary": {"covered_lines": 24, "num_statements": 24, "percent_covered": 100.0, "percent_covered_display": "100", "missing_lines": 0, "excluded_lines": 0, "percent_statements_covered": 100.0, "percent_statements_covered_display": "100"}, "missing_lines": [], "excluded_lines": []}}, "classes": {"User": {"executed_lines": [], "summary": {"covered_lines": 0, "num_statements": 1, "percent_covered": 0.0, "percent_covered_display": "0", "missing_lines": 1, "excluded_lines": 0, "percent_statements_covered": 0.0, "percent_statements_covered_display": "0"}, "missing_lines": [48], "excluded_lines": []}, "": {"executed_lines": [1, 3, 4, 5, 6, 7, 10, 11, 13, 15, 16, 17, 18, 19, 20, 21, 22, 23, 30, 33, 36, 39, 42, 43, 47], "summary": {"covered_lines": 24, "num_statements": 24, "percent_covered": 100.0, "percent_covered_display": "100", "missing_lines": 0, "excluded_lines": 0, "percent_statements_covered": 100.0, "percent_statements_covered_display": "100"}, "missing_lines": [], "excluded_lines": []}}}, "app/models/webhook_event.py": {"executed_lines": [1, 3, 4, 5, 6, 9, 10, 12, 14, 15, 16, 17, 18, 19, 20], "summary": {"covered_lines": 14, "num_statements": 14, "percent_covered": 100.0, "percent_covered_display": "100", "missing_lines": 0, "excluded_lines": 0, "percent_statements_covered": 100.0, "percent_statements_covered_display": "100"}, "missing_lines": [], "excluded_lines": [], "functions": {"": {"executed_lines": [1, 3, 4, 5, 6, 9, 10, 12, 14, 15, 16, 17, 18, 19, 20], "summary": {"covered_lines": 14, "num_statements": 14, "percent_covered": 100.0, "percent_covered_display": "100", "missing_lines": 0, "excluded_lines": 0, "percent_statements_covered": 100.0, "percent_statements_covered_display": "100"}, "missing_lines": [], "excluded_lines": []}}, "classes": {"ProcessedWebhookEvent": {"executed_lines": [], "summary": {"covered_lines": 0, "num_statements": 0, "percent_covered": 100.0, "percent_covered_display": "100", "missing_lines": 0, "excluded_lines": 0, "percent_statements_covered": 100.0, "percent_statements_covered_display": "100"}, "missing_lines": [], "excluded_lines": []}, "": {"executed_lines": [1, 3, 4, 5, 6, 9, 10, 12, 14, 15, 16, 17, 18, 19, 20], "summary": {"covered_lines": 14, "num_statements": 14, "percent_covered": 100.0, "percent_covered_display": "100", "missing_lines": 0, "excluded_lines": 0, "percent_statements_covered": 100.0, "percent_statements_covered_display": "100"}, "missing_lines": [], "excluded_lines": []}}}, "app/routers/__init__.py": {"executed_lines": [0], "summary": {"covered_lines": 0, "num_statements": 0, "percent_covered": 100.0, "percent_covered_display": "100", "missing_lines": 0, "excluded_lines": 0, "percent_statements_covered": 100.0, "percent_statements_covered_display": "100"}, "missing_lines": [], "excluded_lines": [], "functions": {"": {"executed_lines": [], "summary": {"covered_lines": 0, "num_statements": 0, "percent_covered": 100.0, "percent_covered_display": "100", "missing_lines": 0, "excluded_lines": 0, "percent_statements_covered": 100.0, "percent_statements_covered_display": "100"}, "missing_lines": [], "excluded_lines": []}}, "classes": {"": {"executed_lines": [], "summary": {"covered_lines": 0, "num_statements": 0, "percent_covered": 100.0, "percent_covered_display": "100", "missing_lines": 0, "excluded_lines": 0, "percent_statements_covered": 100.0, "percent_statements_covered_display": "100"}, "missing_lines": [], "excluded_lines": []}}}, "app/routers/account.py": {"executed_lines": [1, 2, 4, 5, 6, 7, 8, 9, 10, 11, 12, 13, 14, 15, 16, 17, 18, 19, 21, 22, 25, 31, 74, 75, 217, 227, 228], "summary": {"covered_lines": 27, "num_statements": 50, "percent_covered": 54.0, "percent_covered_display": "54", "missing_lines": 23, "excluded_lines": 0, "percent_statements_covered": 54.0, "percent_statements_covered_display": "54"}, "missing_lines": [26, 27, 28, 81, 86, 87, 88, 90, 95, 104, 109, 120, 131, 133, 234, 237, 238, 239, 240, 241, 242, 243, 244], "excluded_lines": [], "functions": {"_dt": {"executed_lines": [], "summary": {"covered_lines": 0, "num_statements": 3, "percent_covered": 0.0, "percent_covered_display": "0", "missing_lines": 3, "excluded_lines": 0, "percent_statements_covered": 0.0, "percent_statements_covered_display": "0"}, "missing_lines": [26, 27, 28], "excluded_lines": []}, "export_account": {"executed_lines": [], "summary": {"covered_lines": 0, "num_statements": 11, "percent_covered": 0.0, "percent_covered_display": "0", "missing_lines": 11, "excluded_lines": 0, "percent_statements_covered": 0.0, "percent_statements_covered_display": "0"}, "missing_lines": [81, 86, 87, 88, 90, 95, 104, 109, 120, 131, 133], "excluded_lines": []}, "delete_account": {"executed_lines": [], "summary": {"covered_lines": 0, "num_statements": 9, "percent_covered": 0.0, "percent_covered_display": "0", "missing_lines": 9, "excluded_lines": 0, "percent_statements_covered": 0.0, "percent_statements_covered_display": "0"}, "missing_lines": [234, 237, 238, 239, 240, 241, 242, 243, 244], "excluded_lines": []}, "": {"executed_lines": [1, 2, 4, 5, 6, 7, 8, 9, 10, 11, 12, 13, 14, 15, 16, 17, 18, 19, 21, 22, 25, 31, 74, 75, 217, 227, 228], "summary": {"covered_lines": 27, "num_statements": 27, "percent_covered": 100.0, "percent_covered_display": "100", "missing_lines": 0, "excluded_lines": 0, "percent_statements_covered": 100.0, "percent_statements_covered_display": "100"}, "missing_lines": [], "excluded_lines": []}}, "classes": {"": {"executed_lines": [1, 2, 4, 5, 6, 7, 8, 9, 10, 11, 12, 13, 14, 15, 16, 17, 18, 19, 21, 22, 25, 31, 74, 75, 217, 227, 228], "summary": {"covered_lines": 27, "num_statements": 50, "percent_covered": 54.0, "percent_covered_display": "54", "missing_lines": 23, "excluded_lines": 0, "percent_statements_covered": 54.0, "percent_statements_covered_display": "54"}, "missing_lines": [26, 27, 28, 81, 86, 87, 88, 90, 95, 104, 109, 120, 131, 133, 234, 237, 238, 239, 240, 241, 242, 243, 244], "excluded_lines": []}}}, "app/routers/auth.py": {"executed_lines": [1, 2, 3, 4, 6, 7, 8, 9, 10, 15, 24, 25, 26, 27, 28, 29, 44, 45, 46, 47, 48, 49, 50, 51, 52, 62, 63, 64, 66, 67, 68, 70, 73, 103, 110, 120, 127, 138, 139, 165, 172, 173, 209, 216, 217, 288, 295, 296, 336, 358, 363, 401, 418, 419, 454, 464, 465, 517, 524, 525, 568, 575, 576, 601, 608, 609, 634, 641, 642, 659, 666, 667, 700, 710, 711, 765, 772, 773, 809, 819, 820, 846, 853], "summary": {"covered_lines": 83, "num_statements": 286, "percent_covered": 29.02097902097902, "percent_covered_display": "29", "missing_lines": 203, "excluded_lines": 0, "percent_statements_covered": 29.02097902097902, "percent_statements_covered_display": "29"}, "missing_lines": [75, 83, 84, 87, 95, 106, 107, 122, 123, 124, 146, 147, 148, 150, 151, 153, 161, 162, 180, 185, 186, 187, 189, 190, 191, 192, 194, 195, 197, 205, 206, 224, 225, 227, 228, 233, 235, 236, 237, 238, 243, 244, 246, 247, 248, 249, 250, 251, 252, 253, 254, 256, 261, 262, 264, 265, 266, 269, 270, 271, 273, 275, 276, 278, 303, 304, 305, 307, 308, 309, 311, 312, 313, 315, 316, 317, 318, 319, 322, 324, 332, 333, 369, 370, 372, 373, 375, 376, 381, 382, 385, 386, 387, 388, 391, 392, 398, 425, 426, 435, 437, 438, 442, 443, 445, 449, 450, 451, 473, 476, 477, 478, 479, 480, 481, 483, 485, 486, 487, 489, 490, 491, 492, 493, 496, 502, 503, 507, 508, 509, 511, 512, 513, 514, 546, 547, 548, 554, 556, 564, 565, 583, 584, 585, 587, 589, 597, 598, 616, 617, 618, 620, 622, 630, 631, 647, 649, 674, 679, 680, 681, 682, 683, 684, 685, 686, 695, 696, 697, 728, 731, 732, 733, 735, 736, 741, 742, 750, 751, 753, 754, 757, 759, 760, 761, 762, 779, 780, 781, 783, 791, 792, 805, 806, 831, 836, 837, 838, 840, 841, 842, 843, 855], "excluded_lines": [], "functions": {"set_auth_cookies": {"executed_lines": [], "summary": {"covered_lines": 0, "num_statements": 5, "percent_covered": 0.0, "percent_covered_display": "0", "missing_lines": 5, "excluded_lines": 0, "percent_statements_covered": 0.0, "percent_statements_covered_display": "0"}, "missing_lines": [75, 83, 84, 87, 95], "excluded_lines": []}, "set_session_cookies": {"executed_lines": [], "summary": {"covered_lines": 0, "num_statements": 2, "percent_covered": 0.0, "percent_covered_display": "0", "missing_lines": 2, "excluded_lines": 0, "percent_statements_covered": 0.0, "percent_statements_covered_display": "0"}, "missing_lines": [106, 107], "excluded_lines": []}, "get_csrf_token": {"executed_lines": [], "summary": {"covered_lines": 0, "num_statements": 3, "percent_covered": 0.0, "percent_covered_display": "0", "missing_lines": 3, "excluded_lines": 0, "percent_statements_covered": 0.0, "percent_statements_covered_display": "0"}, "missing_lines": [122, 123, 124], "excluded_lines": []}, "register": {"executed_lines": [], "summary": {"covered_lines": 0, "num_statements": 8, "percent_covered": 0.0, "percent_covered_display": "0", "missing_lines": 8, "excluded_lines": 0, "percent_statements_covered": 0.0, "percent_statements_covered_display": "0"}, "missing_lines": [146, 147, 148, 150, 151, 153, 161, 162], "excluded_lines": []}, "login": {"executed_lines": [], "summary": {"covered_lines": 0, "num_statements": 13, "percent_covered": 0.0, "percent_covered_display": "0", "missing_lines": 13, "excluded_lines": 0, "percent_statements_covered": 0.0, "percent_statements_covered_display": "0"}, "missing_lines": [180, 185, 186, 187, 189, 190, 191, 192, 194, 195, 197, 205, 206], "excluded_lines": []}, "beta_login": {"executed_lines": [], "summary": {"covered_lines": 0, "num_statements": 33, "percent_covered": 0.0, "percent_covered_display": "0", "missing_lines": 33, "excluded_lines": 0, "percent_statements_covered": 0.0, "percent_statements_covered_display": "0"}, "missing_lines": [224, 225, 227, 228, 233, 235, 236, 237, 238, 243, 244, 246, 247, 248, 249, 250, 251, 252, 253, 254, 256, 261, 262, 264, 265, 266, 269, 270, 271, 273, 275, 276, 278], "excluded_lines": []}, "refresh": {"executed_lines": [], "summary": {"covered_lines": 0, "num_statements": 18, "percent_covered": 0.0, "percent_covered_display": "0", "missing_lines": 18, "excluded_lines": 0, "percent_statements_covered": 0.0, "percent_statements_covered_display": "0"}, "missing_lines": [303, 304, 305, 307, 308, 309, 311, 312, 313, 315, 316, 317, 318, 319, 322, 324, 332, 333], "excluded_lines": []}, "forgot_password": {"executed_lines": [], "summary": {"covered_lines": 0, "num_statements": 15, "percent_covered": 0.0, "percent_covered_display": "0", "missing_lines": 15, "excluded_lines": 0, "percent_statements_covered": 0.0, "percent_statements_covered_display": "0"}, "missing_lines": [369, 370, 372, 373, 375, 376, 381, 382, 385, 386, 387, 388, 391, 392, 398], "excluded_lines": []}, "reset_password": {"executed_lines": [], "summary": {"covered_lines": 0, "num_statements": 11, "percent_covered": 0.0, "percent_covered_display": "0", "missing_lines": 11, "excluded_lines": 0, "percent_statements_covered": 0.0, "percent_statements_covered_display": "0"}, "missing_lines": [425, 426, 435, 437, 438, 442, 443, 445, 449, 450, 451], "excluded_lines": []}, "logout": {"executed_lines": [], "summary": {"covered_lines": 0, "num_statements": 26, "percent_covered": 0.0, "percent_covered_display": "0", "missing_lines": 26, "excluded_lines": 0, "percent_statements_covered": 0.0, "percent_statements_covered_display": "0"}, "missing_lines": [473, 476, 477, 478, 479, 480, 481, 483, 485, 486, 487, 489, 490, 491, 492, 493, 496, 502, 503, 507, 508, 509, 511, 512, 513, 514], "excluded_lines": []}, "google_oauth_code": {"executed_lines": [], "summary": {"covered_lines": 0, "num_statements": 7, "percent_covered": 0.0, "percent_covered_display": "0", "missing_lines": 7, "excluded_lines": 0, "percent_statements_covered": 0.0, "percent_statements_covered_display": "0"}, "missing_lines": [546, 547, 548, 554, 556, 564, 565], "excluded_lines": []}, "google_oauth": {"executed_lines": [], "summary": {"covered_lines": 0, "num_statements": 7, "percent_covered": 0.0, "percent_covered_display": "0", "missing_lines": 7, "excluded_lines": 0, "percent_statements_covered": 0.0, "percent_statements_covered_display": "0"}, "missing_lines": [583, 584, 585, 587, 589, 597, 598], "excluded_lines": []}, "apple_oauth": {"executed_lines": [], "summary": {"covered_lines": 0, "num_statements": 7, "percent_covered": 0.0, "percent_covered_display": "0", "missing_lines": 7, "excluded_lines": 0, "percent_statements_covered": 0.0, "percent_statements_covered_display": "0"}, "missing_lines": [616, 617, 618, 620, 622, 630, 631], "excluded_lines": []}, "get_current_user_info": {"executed_lines": [], "summary": {"covered_lines": 0, "num_statements": 2, "percent_covered": 0.0, "percent_covered_display": "0", "missing_lines": 2, "excluded_lines": 0, "percent_statements_covered": 0.0, "percent_statements_covered_display": "0"}, "missing_lines": [647, 649], "excluded_lines": []}, "list_devices": {"executed_lines": [], "summary": {"covered_lines": 0, "num_statements": 12, "percent_covered": 0.0, "percent_covered_display": "0", "missing_lines": 12, "excluded_lines": 0, "percent_statements_covered": 0.0, "percent_statements_covered_display": "0"}, "missing_lines": [674, 679, 680, 681, 682, 683, 684, 685, 686, 695, 696, 697], "excluded_lines": []}, "revoke_device": {"executed_lines": [], "summary": {"covered_lines": 0, "num_statements": 17, "percent_covered": 0.0, "percent_covered_display": "0", "missing_lines": 17, "excluded_lines": 0, "percent_statements_covered": 0.0, "percent_statements_covered_display": "0"}, "missing_lines": [728, 731, 732, 733, 735, 736, 741, 742, 750, 751, 753, 754, 757, 759, 760, 761, 762], "excluded_lines": []}, "list_sessions": {"executed_lines": [], "summary": {"covered_lines": 0, "num_statements": 8, "percent_covered": 0.0, "percent_covered_display": "0", "missing_lines": 8, "excluded_lines": 0, "percent_statements_covered": 0.0, "percent_statements_covered_display": "0"}, "missing_lines": [779, 780, 781, 783, 791, 792, 805, 806], "excluded_lines": []}, "revoke_session": {"executed_lines": [], "summary": {"covered_lines": 0, "num_statements": 8, "percent_covered": 0.0, "percent_covered_display": "0", "missing_lines": 8, "excluded_lines": 0, "percent_statements_covered": 0.0, "percent_statements_covered_display": "0"}, "missing_lines": [831, 836, 837, 838, 840, 841, 842, 843], "excluded_lines": []}, "get_features": {"executed_lines": [], "summary": {"covered_lines": 0, "num_statements": 1, "percent_covered": 0.0, "percent_covered_display": "0", "missing_lines": 1, "excluded_lines": 0, "percent_statements_covered": 0.0, "percent_statements_covered_display": "0"}, "missing_lines": [855], "excluded_lines": []}, "": {"executed_lines": [1, 2, 3, 4, 6, 7, 8, 9, 10, 15, 24, 25, 26, 27, 28, 29, 44, 45, 46, 47, 48, 49, 50, 51, 52, 62, 63, 64, 66, 67, 68, 70, 73, 103, 110, 120, 127, 138, 139, 165, 172, 173, 209, 216, 217, 288, 295, 296, 336, 358, 363, 401, 418, 419, 454, 464, 465, 517, 524, 525, 568, 575, 576, 601, 608, 609, 634, 641, 642, 659, 666, 667, 700, 710, 711, 765, 772, 773, 809, 819, 820, 846, 853], "summary": {"covered_lines": 83, "num_statements": 83, "percent_covered": 100.0, "percent_covered_display": "100", "missing_lines": 0, "excluded_lines": 0, "percent_statements_covered": 100.0, "percent_statements_covered_display": "100"}, "missing_lines": [], "excluded_lines": []}}, "classes": {"": {"executed_lines": [1, 2, 3, 4, 6, 7, 8, 9, 10, 15, 24, 25, 26, 27, 28, 29, 44, 45, 46, 47, 48, 49, 50, 51, 52, 62, 63, 64, 66, 67, 68, 70, 73, 103, 110, 120, 127, 138, 139, 165, 172, 173, 209, 216, 217, 288, 295, 296, 336, 358, 363, 401, 418, 419, 454, 464, 465, 517, 524, 525, 568, 575, 576, 601, 608, 609, 634, 641, 642, 659, 666, 667, 700, 710, 711, 765, 772, 773, 809, 819, 820, 846, 853], "summary": {"covered_lines": 83, "num_statements": 286, "percent_covered": 29.02097902097902, "percent_covered_display": "29", "missing_lines": 203, "excluded_lines": 0, "percent_statements_covered": 29.02097902097902, "percent_statements_covered_display": "29"}, "missing_lines": [75, 83, 84, 87, 95, 106, 107, 122, 123, 124, 146, 147, 148, 150, 151, 153, 161, 162, 180, 185, 186, 187, 189, 190, 191, 192, 194, 195, 197, 205, 206, 224, 225, 227, 228, 233, 235, 236, 237, 238, 243, 244, 246, 247, 248, 249, 250, 251, 252, 253, 254, 256, 261, 262, 264, 265, 266, 269, 270, 271, 273, 275, 276, 278, 303, 304, 305, 307, 308, 309, 311, 312, 313, 315, 316, 317, 318, 319, 322, 324, 332, 333, 369, 370, 372, 373, 375, 376, 381, 382, 385, 386, 387, 388, 391, 392, 398, 425, 426, 435, 437, 438, 442, 443, 445, 449, 450, 451, 473, 476, 477, 478, 479, 480, 481, 483, 485, 486, 487, 489, 490, 491, 492, 493, 496, 502, 503, 507, 508, 509, 511, 512, 513, 514, 546, 547, 548, 554, 556, 564, 565, 583, 584, 585, 587, 589, 597, 598, 616, 617, 618, 620, 622, 630, 631, 647, 649, 674, 679, 680, 681, 682, 683, 684, 685, 686, 695, 696, 697, 728, 731, 732, 733, 735, 736, 741, 742, 750, 751, 753, 754, 757, 759, 760, 761, 762, 779, 780, 781, 783, 791, 792, 805, 806, 831, 836, 837, 838, 840, 841, 842, 843, 855], "excluded_lines": []}}}, "app/routers/config.py": {"executed_lines": [1, 3, 4, 5, 6, 8, 9, 12, 13, 14], "summary": {"covered_lines": 9, "num_statements": 10, "percent_covered": 90.0, "percent_covered_display": "90", "missing_lines": 1, "excluded_lines": 0, "percent_statements_covered": 90.0, "percent_statements_covered_display": "90"}, "missing_lines": [16], "excluded_lines": [], "functions": {"get_features": {"executed_lines": [], "summary": {"covered_lines": 0, "num_statements": 1, "percent_covered": 0.0, "percent_covered_display": "0", "missing_lines": 1, "excluded_lines": 0, "percent_statements_covered": 0.0, "percent_statements_covered_display": "0"}, "missing_lines": [16], "excluded_lines": []}, "": {"executed_lines": [1, 3, 4, 5, 6, 8, 9, 12, 13, 14], "summary": {"covered_lines": 9, "num_statements": 9, "percent_covered": 100.0, "percent_covered_display": "100", "missing_lines": 0, "excluded_lines": 0, "percent_statements_covered": 100.0, "percent_statements_covered_display": "100"}, "missing_lines": [], "excluded_lines": []}}, "classes": {"": {"executed_lines": [1, 3, 4, 5, 6, 8, 9, 12, 13, 14], "summary": {"covered_lines": 9, "num_statements": 10, "percent_covered": 90.0, "percent_covered_display": "90", "missing_lines": 1, "excluded_lines": 0, "percent_statements_covered": 90.0, "percent_statements_covered_display": "90"}, "missing_lines": [16], "excluded_lines": []}}}, "app/routers/learn.py": {"executed_lines": [1, 13, 14, 15, 16, 17, 19, 20, 21, 27, 28, 29, 30, 31, 32, 33, 34, 35, 36, 37, 38, 39, 41, 42, 46, 147, 155, 166, 174, 175, 177, 178, 179, 180, 183, 184, 186, 187, 190, 191, 193, 194, 195, 196, 197, 200, 201, 203, 204, 205, 206, 207, 208, 209, 210, 211, 214, 215, 217, 218, 219, 220, 221, 222, 225, 226, 228, 229, 230, 231, 237, 245, 246, 292, 299, 300, 374, 381, 382, 430, 436, 437, 581, 587, 588, 636, 643, 644], "summary": {"covered_lines": 81, "num_statements": 194, "percent_covered": 41.75257731958763, "percent_covered_display": "42", "missing_lines": 113, "excluded_lines": 0, "percent_statements_covered": 41.75257731958763, "percent_statements_covered_display": "42"}, "missing_lines": [157, 158, 159, 160, 161, 162, 163, 168, 254, 255, 256, 262, 265, 272, 273, 274, 276, 281, 309, 321, 333, 334, 337, 342, 344, 345, 347, 348, 349, 353, 364, 390, 396, 398, 399, 401, 415, 416, 427, 447, 453, 455, 456, 458, 459, 462, 463, 466, 472, 475, 477, 481, 484, 491, 492, 493, 494, 495, 496, 500, 503, 504, 510, 512, 514, 516, 517, 520, 521, 524, 530, 533, 534, 539, 540, 541, 543, 544, 552, 553, 556, 564, 566, 567, 568, 570, 597, 603, 605, 606, 608, 610, 611, 612, 613, 614, 616, 617, 618, 619, 620, 621, 623, 624, 626, 651, 657, 659, 660, 662, 663, 665, 670], "excluded_lines": [], "functions": {"get_next_learn_step": {"executed_lines": [], "summary": {"covered_lines": 0, "num_statements": 7, "percent_covered": 0.0, "percent_covered_display": "0", "missing_lines": 7, "excluded_lines": 0, "percent_statements_covered": 0.0, "percent_statements_covered_display": "0"}, "missing_lines": [157, 158, 159, 160, 161, 162, 163], "excluded_lines": []}, "is_final_learn_step": {"executed_lines": [], "summary": {"covered_lines": 0, "num_statements": 1, "percent_covered": 0.0, "percent_covered_display": "0", "missing_lines": 1, "excluded_lines": 0, "percent_statements_covered": 0.0, "percent_statements_covered_display": "0"}, "missing_lines": [168], "excluded_lines": []}, "create_learn_session": {"executed_lines": [], "summary": {"covered_lines": 0, "num_statements": 10, "percent_covered": 0.0, "percent_covered_display": "0", "missing_lines": 10, "excluded_lines": 0, "percent_statements_covered": 0.0, "percent_statements_covered_display": "0"}, "missing_lines": [254, 255, 256, 262, 265, 272, 273, 274, 276, 281], "excluded_lines": []}, "list_learn_sessions": {"executed_lines": [], "summary": {"covered_lines": 0, "num_statements": 13, "percent_covered": 0.0, "percent_covered_display": "0", "missing_lines": 13, "excluded_lines": 0, "percent_statements_covered": 0.0, "percent_statements_covered_display": "0"}, "missing_lines": [309, 321, 333, 334, 337, 342, 344, 345, 347, 348, 349, 353, 364], "excluded_lines": []}, "get_learn_session": {"executed_lines": [], "summary": {"covered_lines": 0, "num_statements": 8, "percent_covered": 0.0, "percent_covered_display": "0", "missing_lines": 8, "excluded_lines": 0, "percent_statements_covered": 0.0, "percent_statements_covered_display": "0"}, "missing_lines": [390, 396, 398, 399, 401, 415, 416, 427], "excluded_lines": []}, "send_learn_message": {"executed_lines": [], "summary": {"covered_lines": 0, "num_statements": 26, "percent_covered": 0.0, "percent_covered_display": "0", "missing_lines": 26, "excluded_lines": 0, "percent_statements_covered": 0.0, "percent_statements_covered_display": "0"}, "missing_lines": [447, 453, 455, 456, 458, 459, 462, 463, 466, 472, 475, 477, 481, 484, 491, 492, 493, 494, 495, 496, 500, 503, 504, 510, 512, 570], "excluded_lines": []}, "send_learn_message.event_generator": {"executed_lines": [], "summary": {"covered_lines": 0, "num_statements": 21, "percent_covered": 0.0, "percent_covered_display": "0", "missing_lines": 21, "excluded_lines": 0, "percent_statements_covered": 0.0, "percent_statements_covered_display": "0"}, "missing_lines": [514, 516, 517, 520, 521, 524, 530, 533, 534, 539, 540, 541, 543, 544, 552, 553, 556, 564, 566, 567, 568], "excluded_lines": []}, "update_learn_session": {"executed_lines": [], "summary": {"covered_lines": 0, "num_statements": 19, "percent_covered": 0.0, "percent_covered_display": "0", "missing_lines": 19, "excluded_lines": 0, "percent_statements_covered": 0.0, "percent_statements_covered_display": "0"}, "missing_lines": [597, 603, 605, 606, 608, 610, 611, 612, 613, 614, 616, 617, 618, 619, 620, 621, 623, 624, 626], "excluded_lines": []}, "delete_learn_session": {"executed_lines": [], "summary": {"covered_lines": 0, "num_statements": 8, "percent_covered": 0.0, "percent_covered_display": "0", "missing_lines": 8, "excluded_lines": 0, "percent_statements_covered": 0.0, "percent_statements_covered_display": "0"}, "missing_lines": [651, 657, 659, 660, 662, 663, 665, 670], "excluded_lines": []}, "": {"executed_lines": [1, 13, 14, 15, 16, 17, 19, 20, 21, 27, 28, 29, 30, 31, 32, 33, 34, 35, 36, 37, 38, 39, 41, 42, 46, 147, 155, 166, 174, 175, 177, 178, 179, 180, 183, 184, 186, 187, 190, 191, 193, 194, 195, 196, 197, 200, 201, 203, 204, 205, 206, 207, 208, 209, 210, 211, 214, 215, 217, 218, 219, 220, 221, 222, 225, 226, 228, 229, 230, 231, 237, 245, 246, 292, 299, 300, 374, 381, 382, 430, 436, 437, 581, 587, 588, 636, 643, 644], "summary": {"covered_lines": 81, "num_statements": 81, "percent_covered": 100.0, "percent_covered_display": "100", "missing_lines": 0, "excluded_lines": 0, "percent_statements_covered": 100.0, "percent_statements_covered_display": "100"}, "missing_lines": [], "excluded_lines": []}}, "classes": {"LearnSessionCreateResponse": {"executed_lines": [], "summary": {"covered_lines": 0, "num_statements": 0, "percent_covered": 100.0, "percent_covered_display": "100", "missing_lines": 0, "excluded_lines": 0, "percent_statements_covered": 100.0, "percent_statements_covered_display": "100"}, "missing_lines": [], "excluded_lines": []}, "LearnMessageRequest": {"executed_lines": [], "summary": {"covered_lines": 0, "num_statements": 0, "percent_covered": 100.0, "percent_covered_display": "100", "missing_lines": 0, "excluded_lines": 0, "percent_statements_covered": 100.0, "percent_statements_covered_display": "100"}, "missing_lines": [], "excluded_lines": []}, "LearnMessageResponse": {"executed_lines": [], "summary": {"covered_lines": 0, "num_statements": 0, "percent_covered": 100.0, "percent_covered_display": "100", "missing_lines": 0, "excluded_lines": 0, "percent_statements_covered": 100.0, "percent_statements_covered_display": "100"}, "missing_lines": [], "excluded_lines": []}, "LearnSessionResponse": {"executed_lines": [], "summary": {"covered_lines": 0, "num_statements": 0, "percent_covered": 100.0, "percent_covered_display": "100", "missing_lines": 0, "excluded_lines": 0, "percent_statements_covered": 100.0, "percent_statements_covered_display": "100"}, "missing_lines": [], "excluded_lines": []}, "LearnSessionListItem": {"executed_lines": [], "summary": {"covered_lines": 0, "num_statements": 0, "percent_covered": 100.0, "percent_covered_display": "100", "missing_lines": 0, "excluded_lines": 0, "percent_statements_covered": 100.0, "percent_statements_covered_display": "100"}, "missing_lines": [], "excluded_lines": []}, "LearnSessionListResponse": {"executed_lines": [], "summary": {"covered_lines": 0, "num_statements": 0, "percent_covered": 100.0, "percent_covered_display": "100", "missing_lines": 0, "excluded_lines": 0, "percent_statements_covered": 100.0, "percent_statements_covered_display": "100"}, "missing_lines": [], "excluded_lines": []}, "": {"executed_lines": [1, 13, 14, 15, 16, 17, 19, 20, 21, 27, 28, 29, 30, 31, 32, 33, 34, 35, 36, 37, 38, 39, 41, 42, 46, 147, 155, 166, 174, 175, 177, 178, 179, 180, 183, 184, 186, 187, 190, 191, 193, 194, 195, 196, 197, 200, 201, 203, 204, 205, 206, 207, 208, 209, 210, 211, 214, 215, 217, 218, 219, 220, 221, 222, 225, 226, 228, 229, 230, 231, 237, 245, 246, 292, 299, 300, 374, 381, 382, 430, 436, 437, 581, 587, 588, 636, 643, 644], "summary": {"covered_lines": 81, "num_statements": 194, "percent_covered": 41.75257731958763, "percent_covered_display": "42", "missing_lines": 113, "excluded_lines": 0, "percent_statements_covered": 41.75257731958763, "percent_statements_covered_display": "42"}, "missing_lines": [157, 158, 159, 160, 161, 162, 163, 168, 254, 255, 256, 262, 265, 272, 273, 274, 276, 281, 309, 321, 333, 334, 337, 342, 344, 345, 347, 348, 349, 353, 364, 390, 396, 398, 399, 401, 415, 416, 427, 447, 453, 455, 456, 458, 459, 462, 463, 466, 472, 475, 477, 481, 484, 491, 492, 493, 494, 495, 496, 500, 503, 504, 510, 512, 514, 516, 517, 520, 521, 524, 530, 533, 534, 539, 540, 541, 543, 544, 552, 553, 556, 564, 566, 567, 568, 570, 597, 603, 605, 606, 608, 610, 611, 612, 613, 614, 616, 617, 618, 619, 620, 621, 623, 624, 626, 651, 657, 659, 660, 662, 663, 665, 670], "excluded_lines": []}}}, "app/routers/revenuecat_webhooks.py": {"executed_lines": [1, 2, 3, 4, 5, 6, 8, 9, 10, 11, 12, 13, 14, 15, 16, 17, 19, 21, 22, 25, 34, 53, 63, 68, 96, 132, 133], "summary": {"covered_lines": 27, "num_statements": 130, "percent_covered": 20.76923076923077, "percent_covered_display": "21", "missing_lines": 103, "excluded_lines": 0, "percent_statements_covered": 20.76923076923077, "percent_statements_covered_display": "21"}, "missing_lines": [26, 27, 28, 29, 30, 31, 35, 36, 37, 38, 39, 40, 41, 42, 43, 48, 49, 50, 54, 55, 56, 57, 58, 59, 60, 65, 76, 77, 79, 91, 93, 107, 113, 114, 116, 117, 122, 123, 125, 129, 138, 139, 140, 142, 143, 144, 145, 146, 148, 149, 150, 151, 152, 155, 156, 157, 158, 160, 161, 162, 163, 164, 166, 167, 168, 169, 172, 173, 175, 176, 177, 178, 181, 182, 185, 188, 190, 191, 199, 200, 201, 202, 206, 207, 208, 209, 210, 211, 212, 213, 214, 215, 216, 217, 218, 219, 220, 221, 224, 232, 234, 235, 238], "excluded_lines": [], "functions": {"_entitlement_to_tier": {"executed_lines": [], "summary": {"covered_lines": 0, "num_statements": 6, "percent_covered": 0.0, "percent_covered_display": "0", "missing_lines": 6, "excluded_lines": 0, "percent_statements_covered": 0.0, "percent_statements_covered_display": "0"}, "missing_lines": [26, 27, 28, 29, 30, 31], "excluded_lines": []}, "_parse_timestamp": {"executed_lines": [], "summary": {"covered_lines": 0, "num_statements": 12, "percent_covered": 0.0, "percent_covered_display": "0", "missing_lines": 12, "excluded_lines": 0, "percent_statements_covered": 0.0, "percent_statements_covered_display": "0"}, "missing_lines": [35, 36, 37, 38, 39, 40, 41, 42, 43, 48, 49, 50], "excluded_lines": []}, "_extract_entitlement_ids": {"executed_lines": [], "summary": {"covered_lines": 0, "num_statements": 7, "percent_covered": 0.0, "percent_covered_display": "0", "missing_lines": 7, "excluded_lines": 0, "percent_statements_covered": 0.0, "percent_statements_covered_display": "0"}, "missing_lines": [54, 55, 56, 57, 58, 59, 60], "excluded_lines": []}, "_compute_payload_hash": {"executed_lines": [], "summary": {"covered_lines": 0, "num_statements": 1, "percent_covered": 0.0, "percent_covered_display": "0", "missing_lines": 1, "excluded_lines": 0, "percent_statements_covered": 0.0, "percent_statements_covered_display": "0"}, "missing_lines": [65], "excluded_lines": []}, "_check_and_record_event": {"executed_lines": [], "summary": {"covered_lines": 0, "num_statements": 5, "percent_covered": 0.0, "percent_covered_display": "0", "missing_lines": 5, "excluded_lines": 0, "percent_statements_covered": 0.0, "percent_statements_covered_display": "0"}, "missing_lines": [76, 77, 79, 91, 93], "excluded_lines": []}, "_upsert_subscription": {"executed_lines": [], "summary": {"covered_lines": 0, "num_statements": 9, "percent_covered": 0.0, "percent_covered_display": "0", "missing_lines": 9, "excluded_lines": 0
[...]
xcluded_lines": 0, "percent_statements_covered": 80.0, "percent_statements_covered_display": "80"}, "missing_lines": [98, 104, 105, 110], "excluded_lines": []}, "_check_memory": {"executed_lines": [116, 117, 118, 119, 120, 121], "summary": {"covered_lines": 6, "num_statements": 6, "percent_covered": 100.0, "percent_covered_display": "100", "missing_lines": 0, "excluded_lines": 0, "percent_statements_covered": 100.0, "percent_statements_covered_display": "100"}, "missing_lines": [], "excluded_lines": []}, "_check_external_api": {"executed_lines": [125, 126, 127, 128, 130, 131, 132, 137, 138, 139, 149, 150, 151, 152, 153, 155, 160, 161, 162, 163, 164, 165, 171, 172, 177], "summary": {"covered_lines": 25, "num_statements": 33, "percent_covered": 75.75757575757575, "percent_covered_display": "76", "missing_lines": 8, "excluded_lines": 0, "percent_statements_covered": 75.75757575757575, "percent_statements_covered_display": "76"}, "missing_lines": [140, 141, 146, 147, 148, 154, 156, 158], "excluded_lines": []}, "_should_check_external_api": {"executed_lines": [186, 187, 188, 189, 190, 191], "summary": {"covered_lines": 6, "num_statements": 6, "percent_covered": 100.0, "percent_covered_display": "100", "missing_lines": 0, "excluded_lines": 0, "percent_statements_covered": 100.0, "percent_statements_covered_display": "100"}, "missing_lines": [], "excluded_lines": []}, "get_liveness_report": {"executed_lines": [195], "summary": {"covered_lines": 1, "num_statements": 1, "percent_covered": 100.0, "percent_covered_display": "100", "missing_lines": 0, "excluded_lines": 0, "percent_statements_covered": 100.0, "percent_statements_covered_display": "100"}, "missing_lines": [], "excluded_lines": []}, "_build_readiness_report": {"executed_lines": [203, 209, 210, 212, 215, 217, 218, 222, 223, 224, 225, 227, 228, 229, 230, 232, 234], "summary": {"covered_lines": 17, "num_statements": 17, "percent_covered": 100.0, "percent_covered_display": "100", "missing_lines": 0, "excluded_lines": 0, "percent_statements_covered": 100.0, "percent_statements_covered_display": "100"}, "missing_lines": [], "excluded_lines": []}, "get_readiness_report": {"executed_lines": [242, 243, 244, 245, 247, 248, 249, 250, 253, 254, 255, 256], "summary": {"covered_lines": 12, "num_statements": 13, "percent_covered": 92.3076923076923, "percent_covered_display": "92", "missing_lines": 1, "excluded_lines": 0, "percent_statements_covered": 92.3076923076923, "percent_statements_covered_display": "92"}, "missing_lines": [251], "excluded_lines": []}, "get_active_sessions_count": {"executed_lines": [260, 261, 262, 267, 268, 269], "summary": {"covered_lines": 6, "num_statements": 6, "percent_covered": 100.0, "percent_covered_display": "100", "missing_lines": 0, "excluded_lines": 0, "percent_statements_covered": 100.0, "percent_statements_covered_display": "100"}, "missing_lines": [], "excluded_lines": []}, "get_active_users_count": {"executed_lines": [273, 274, 275, 280, 281, 282], "summary": {"covered_lines": 6, "num_statements": 6, "percent_covered": 100.0, "percent_covered_display": "100", "missing_lines": 0, "excluded_lines": 0, "percent_statements_covered": 100.0, "percent_statements_covered_display": "100"}, "missing_lines": [], "excluded_lines": []}, "": {"executed_lines": [1, 3, 4, 5, 6, 7, 8, 9, 11, 12, 13, 14, 15, 16, 17, 19, 20, 21, 22, 24, 25, 28, 32, 36, 48, 58, 80, 88, 115, 124, 185, 194, 202, 241, 259, 272], "summary": {"covered_lines": 36, "num_statements": 36, "percent_covered": 100.0, "percent_covered_display": "100", "missing_lines": 0, "excluded_lines": 0, "percent_statements_covered": 100.0, "percent_statements_covered_display": "100"}, "missing_lines": [], "excluded_lines": []}}, "classes": {"": {"executed_lines": [1, 3, 4, 5, 6, 7, 8, 9, 11, 12, 13, 14, 15, 16, 17, 19, 20, 21, 22, 24, 25, 28, 29, 32, 33, 36, 39, 40, 41, 42, 43, 44, 45, 48, 49, 50, 51, 52, 53, 54, 55, 58, 59, 60, 61, 62, 63, 70, 71, 72, 73, 74, 76, 77, 80, 81, 82, 83, 84, 85, 88, 89, 90, 91, 92, 94, 95, 97, 100, 101, 102, 103, 107, 108, 109, 111, 112, 115, 116, 117, 118, 119, 120, 121, 124, 125, 126, 127, 128, 130, 131, 132, 137, 138, 139, 149, 150, 151, 152, 153, 155, 160, 161, 162, 163, 164, 165, 171, 172, 177, 185, 186, 187, 188, 189, 190, 191, 194, 195, 202, 203, 209, 210, 212, 215, 217, 218, 222, 223, 224, 225, 227, 228, 229, 230, 232, 234, 241, 242, 243, 244, 245, 247, 248, 249, 250, 253, 254, 255, 256, 259, 260, 261, 262, 267, 268, 269, 272, 273, 274, 275, 280, 281, 282], "summary": {"covered_lines": 164, "num_statements": 177, "percent_covered": 92.65536723163842, "percent_covered_display": "93", "missing_lines": 13, "excluded_lines": 0, "percent_statements_covered": 92.65536723163842, "percent_statements_covered_display": "93"}, "missing_lines": [98, 104, 105, 110, 140, 141, 146, 147, 148, 154, 156, 158, 251], "excluded_lines": []}}}, "app/utils/metrics.py": {"executed_lines": [1, 3, 4, 5, 8, 9, 10, 11, 12, 15, 16, 17, 18, 19, 20, 21, 23, 26, 27, 28, 29, 30, 32, 33, 34, 36, 37, 38, 40, 41, 42, 43, 45, 46, 47, 48, 50, 51, 52, 53, 54, 55, 56, 57, 62, 80, 87, 88, 89, 90, 91, 92, 93, 96, 99, 100, 101, 104, 108, 113, 114, 115, 117, 123, 124, 125, 127, 133, 134, 135, 137, 171, 172, 173, 175, 181, 182, 183, 185, 186, 187, 188, 189, 190, 197, 198, 205, 206, 214, 217, 218, 220, 221, 222, 223, 226, 227, 230], "summary": {"covered_lines": 98, "num_statements": 99, "percent_covered": 98.98989898989899, "percent_covered_display": "99", "missing_lines": 1, "excluded_lines": 0, "percent_statements_covered": 98.98989898989899, "percent_statements_covered_display": "99"}, "missing_lines": [219], "excluded_lines": [], "functions": {"MetricsRegistry.__init__": {"executed_lines": [10, 11, 12, 15, 16, 17, 18, 19, 20, 21], "summary": {"covered_lines": 10, "num_statements": 10, "percent_covered": 100.0, "percent_covered_display": "100", "missing_lines": 0, "excluded_lines": 0, "percent_statements_covered": 100.0, "percent_statements_covered_display": "100"}, "missing_lines": [], "excluded_lines": []}, "MetricsRegistry.record_request": {"executed_lines": [26, 27, 28, 29, 30], "summary": {"covered_lines": 5, "num_statements": 5, "percent_covered": 100.0, "percent_covered_display": "100", "missing_lines": 0, "excluded_lines": 0, "percent_statements_covered": 100.0, "percent_statements_covered_display": "100"}, "missing_lines": [], "excluded_lines": []}, "MetricsRegistry.record_cache_hit": {"executed_lines": [33, 34], "summary": {"covered_lines": 2, "num_statements": 2, "percent_covered": 100.0, "percent_covered_display": "100", "missing_lines": 0, "excluded_lines": 0, "percent_statements_covered": 100.0, "percent_statements_covered_display": "100"}, "missing_lines": [], "excluded_lines": []}, "MetricsRegistry.record_cache_miss": {"executed_lines": [37, 38], "summary": {"covered_lines": 2, "num_statements": 2, "percent_covered": 100.0, "percent_covered_display": "100", "missing_lines": 0, "excluded_lines": 0, "percent_statements_covered": 100.0, "percent_statements_covered_display": "100"}, "missing_lines": [], "excluded_lines": []}, "MetricsRegistry.record_db_query": {"executed_lines": [41, 42, 43], "summary": {"covered_lines": 3, "num_statements": 3, "percent_covered": 100.0, "percent_covered_display": "100", "missing_lines": 0, "excluded_lines": 0, "percent_statements_covered": 100.0, "percent_statements_covered_display": "100"}, "missing_lines": [], "excluded_lines": []}, "MetricsRegistry.record_redis_command": {"executed_lines": [46, 47, 48], "summary": {"covered_lines": 3, "num_statements": 3, "percent_covered": 100.0, "percent_covered_display": "100", "missing_lines": 0, "excluded_lines": 0, "percent_statements_covered": 100.0, "percent_statements_covered_display": "100"}, "missing_lines": [], "excluded_lines": []}, "MetricsRegistry.snapshot": {"executed_lines": [51, 52, 53, 54, 55, 56, 57, 62], "summary": {"covered_lines": 8, "num_statements": 8, "percent_covered": 100.0, "percent_covered_display": "100", "missing_lines": 0, "excluded_lines": 0, "percent_statements_covered": 100.0, "percent_statements_covered_display": "100"}, "missing_lines": [], "excluded_lines": []}, "format_prometheus_metrics": {"executed_lines": [87, 88, 89, 90, 91, 92, 93, 96, 99, 100, 101, 104, 108, 113, 114, 115, 117, 123, 124, 125, 127, 133, 134, 135, 137, 171, 172, 173, 175, 181, 182, 183, 185, 186, 187, 188, 189, 190, 197, 198, 205, 206, 214], "summary": {"covered_lines": 43, "num_statements": 43, "percent_covered": 100.0, "percent_covered_display": "100", "missing_lines": 0, "excluded_lines": 0, "percent_statements_covered": 100.0, "percent_statements_covered_display": "100"}, "missing_lines": [], "excluded_lines": []}, "_format_labels": {"executed_lines": [218, 220, 221, 222, 223, 226, 227], "summary": {"covered_lines": 7, "num_statements": 8, "percent_covered": 87.5, "percent_covered_display": "88", "missing_lines": 1, "excluded_lines": 0, "percent_statements_covered": 87.5, "percent_statements_covered_display": "88"}, "missing_lines": [219], "excluded_lines": []}, "": {"executed_lines": [1, 3, 4, 5, 8, 9, 23, 32, 36, 40, 45, 50, 80, 217, 230], "summary": {"covered_lines": 15, "num_statements": 15, "percent_covered": 100.0, "percent_covered_display": "100", "missing_lines": 0, "excluded_lines": 0, "percent_statements_covered": 100.0, "percent_statements_covered_display": "100"}, "missing_lines": [], "excluded_lines": []}}, "classes": {"MetricsRegistry": {"executed_lines": [10, 11, 12, 15, 16, 17, 18, 19, 20, 21, 26, 27, 28, 29, 30, 33, 34, 37, 38, 41, 42, 43, 46, 47, 48, 51, 52, 53, 54, 55, 56, 57, 62], "summary": {"covered_lines": 33, "num_statements": 33, "percent_covered": 100.0, "percent_covered_display": "100", "missing_lines": 0, "excluded_lines": 0, "percent_statements_covered": 100.0, "percent_statements_covered_display": "100"}, "missing_lines": [], "excluded_lines": []}, "": {"executed_lines": [1, 3, 4, 5, 8, 9, 23, 32, 36, 40, 45, 50, 80, 87, 88, 89, 90, 91, 92, 93, 96, 99, 100, 101, 104, 108, 113, 114, 115, 117, 123, 124, 125, 127, 133, 134, 135, 137, 171, 172, 173, 175, 181, 182, 183, 185, 186, 187, 188, 189, 190, 197, 198, 205, 206, 214, 217, 218, 220, 221, 222, 223, 226, 227, 230], "summary": {"covered_lines": 65, "num_statements": 66, "percent_covered": 98.48484848484848, "percent_covered_display": "98", "missing_lines": 1, "excluded_lines": 0, "percent_statements_covered": 98.48484848484848, "percent_statements_covered_display": "98"}, "missing_lines": [219], "excluded_lines": []}}}, "app/utils/security.py": {"executed_lines": [1, 2, 3, 5, 6, 7, 8, 9, 11, 13, 16, 21, 26, 31, 38, 58, 72, 83], "summary": {"covered_lines": 18, "num_statements": 35, "percent_covered": 51.42857142857143, "percent_covered_display": "51", "missing_lines": 17, "excluded_lines": 0, "percent_statements_covered": 51.42857142857143, "percent_statements_covered_display": "51"}, "missing_lines": [18, 23, 28, 33, 45, 48, 55, 62, 63, 69, 74, 75, 78, 79, 80, 85, 87], "excluded_lines": [], "functions": {"hash_password": {"executed_lines": [], "summary": {"covered_lines": 0, "num_statements": 1, "percent_covered": 0.0, "percent_covered_display": "0", "missing_lines": 1, "excluded_lines": 0, "percent_statements_covered": 0.0, "percent_statements_covered_display": "0"}, "missing_lines": [18], "excluded_lines": []}, "verify_password": {"executed_lines": [], "summary": {"covered_lines": 0, "num_statements": 1, "percent_covered": 0.0, "percent_covered_display": "0", "missing_lines": 1, "excluded_lines": 0, "percent_statements_covered": 0.0, "percent_statements_covered_display": "0"}, "missing_lines": [23], "excluded_lines": []}, "hash_password_async": {"executed_lines": [], "summary": {"covered_lines": 0, "num_statements": 1, "percent_covered": 0.0, "percent_covered_display": "0", "missing_lines": 1, "excluded_lines": 0, "percent_statements_covered": 0.0, "percent_statements_covered_display": "0"}, "missing_lines": [28], "excluded_lines": []}, "verify_password_async": {"executed_lines": [], "summary": {"covered_lines": 0, "num_statements": 1, "percent_covered": 0.0, "percent_covered_display": "0", "missing_lines": 1, "excluded_lines": 0, "percent_statements_covered": 0.0, "percent_statements_covered_display": "0"}, "missing_lines": [33], "excluded_lines": []}, "create_access_token": {"executed_lines": [], "summary": {"covered_lines": 0, "num_statements": 3, "percent_covered": 0.0, "percent_covered_display": "0", "missing_lines": 3, "excluded_lines": 0, "percent_statements_covered": 0.0, "percent_statements_covered_display": "0"}, "missing_lines": [45, 48, 55], "excluded_lines": []}, "create_refresh_token": {"executed_lines": [], "summary": {"covered_lines": 0, "num_statements": 3, "percent_covered": 0.0, "percent_covered_display": "0", "missing_lines": 3, "excluded_lines": 0, "percent_statements_covered": 0.0, "percent_statements_covered_display": "0"}, "missing_lines": [62, 63, 69], "excluded_lines": []}, "decode_token": {"executed_lines": [], "summary": {"covered_lines": 0, "num_statements": 5, "percent_covered": 0.0, "percent_covered_display": "0", "missing_lines": 5, "excluded_lines": 0, "percent_statements_covered": 0.0, "percent_statements_covered_display": "0"}, "missing_lines": [74, 75, 78, 79, 80], "excluded_lines": []}, "hash_token": {"executed_lines": [], "summary": {"covered_lines": 0, "num_statements": 2, "percent_covered": 0.0, "percent_covered_display": "0", "missing_lines": 2, "excluded_lines": 0, "percent_statements_covered": 0.0, "percent_statements_covered_display": "0"}, "missing_lines": [85, 87], "excluded_lines": []}, "": {"executed_lines": [1, 2, 3, 5, 6, 7, 8, 9, 11, 13, 16, 21, 26, 31, 38, 58, 72, 83], "summary": {"covered_lines": 18, "num_statements": 18, "percent_covered": 100.0, "percent_covered_display": "100", "missing_lines": 0, "excluded_lines": 0, "percent_statements_covered": 100.0, "percent_statements_covered_display": "100"}, "missing_lines": [], "excluded_lines": []}}, "classes": {"": {"executed_lines": [1, 2, 3, 5, 6, 7, 8, 9, 11, 13, 16, 21, 26, 31, 38, 58, 72, 83], "summary": {"covered_lines": 18, "num_statements": 35, "percent_covered": 51.42857142857143, "percent_covered_display": "51", "missing_lines": 17, "excluded_lines": 0, "percent_statements_covered": 51.42857142857143, "percent_statements_covered_display": "51"}, "missing_lines": [18, 23, 28, 33, 45, 48, 55, 62, 63, 69, 74, 75, 78, 79, 80, 85, 87], "excluded_lines": []}}}, "app/utils/sentry.py": {"executed_lines": [1, 3, 4, 5, 7, 8, 9, 10, 11, 12, 13, 15, 16, 28, 29, 32, 33, 34, 37, 38, 39, 40, 45, 46, 47, 48, 49, 50, 53, 54, 55, 56, 57, 59, 60, 63, 64, 65, 66, 67, 68, 69, 70, 71, 75, 76, 79, 82, 83, 87, 88, 89, 90, 93, 94, 100, 101, 103, 104, 105, 107, 108, 111, 112, 115, 116, 117, 119, 123, 135, 136, 138, 139, 147], "summary": {"covered_lines": 74, "num_statements": 82, "percent_covered": 90.2439024390244, "percent_covered_display": "90", "missing_lines": 8, "excluded_lines": 0, "percent_statements_covered": 90.2439024390244, "percent_statements_covered_display": "90"}, "missing_lines": [72, 84, 140, 141, 142, 143, 144, 145], "excluded_lines": [], "functions": {"_scrub_string": {"executed_lines": [33, 34], "summary": {"covered_lines": 2, "num_statements": 2, "percent_covered": 100.0, "percent_covered_display": "100", "missing_lines": 0, "excluded_lines": 0, "percent_statements_covered": 100.0, "percent_statements_covered_display": "100"}, "missing_lines": [], "excluded_lines": []}, "_scrub_sequence": {"executed_lines": [38, 39, 40, 45, 46, 47, 48, 49, 50], "summary": {"covered_lines": 9, "num_statements": 9, "percent_covered": 100.0, "percent_covered_display": "100", "missing_lines": 0, "excluded_lines": 0, "percent_statements_covered": 100.0, "percent_statements_covered_display": "100"}, "missing_lines": [], "excluded_lines": []}, "_scrub_mapping": {"executed_lines": [54, 55, 56, 57, 59, 60], "summary": {"covered_lines": 6, "num_statements": 6, "percent_covered": 100.0, "percent_covered_display": "100", "missing_lines": 0, "excluded_lines": 0, "percent_statements_covered": 100.0, "percent_statements_covered_display": "100"}, "missing_lines": [], "excluded_lines": []}, "_scrub_value": {"executed_lines": [64, 65, 66, 67, 68, 69, 70, 71], "summary": {"covered_lines": 8, "num_statements": 9, "percent_covered": 88.88888888888889, "percent_covered_display": "89", "missing_lines": 1, "excluded_lines": 0, "percent_statements_covered": 88.88888888888889, "percent_statements_covered_display": "89"}, "missing_lines": [72], "excluded_lines": []}, "_before_send": {"executed_lines": [76], "summary": {"covered_lines": 1, "num_statements": 1, "percent_covered": 100.0, "percent_covered_display": "100", "missing_lines": 0, "excluded_lines": 0, "percent_statements_covered": 100.0, "percent_statements_covered_display": "100"}, "missing_lines": [], "excluded_lines": []}, "_before_breadcrumb": {"executed_lines": [82, 83], "summary": {"covered_lines": 2, "num_statements": 3, "percent_covered": 66.66666666666667, "percent_covered_display": "67", "missing_lines": 1, "excluded_lines": 0, "percent_statements_covered": 66.66666666666667, "percent_statements_covered_display": "67"}, "missing_lines": [84], "excluded_lines": []}, "_extract_user_id": {"executed_lines": [88, 89, 90, 93, 94, 100, 101, 103, 104, 105, 107, 108], "summary": {"covered_lines": 12, "num_statements": 12, "percent_covered": 100.0, "percent_covered_display": "100", "missing_lines": 0, "excluded_lines": 0, "percent_statements_covered": 100.0, "percent_statements_covered_display": "100"}, "missing_lines": [], "excluded_lines": []}, "_sentry_enabled": {"executed_lines": [112], "summary": {"covered_lines": 1, "num_statements": 1, "percent_covered": 100.0, "percent_covered_display": "100", "missing_lines": 0, "excluded_lines": 0, "percent_statements_covered": 100.0, "percent_statements_covered_display": "100"}, "missing_lines": [], "excluded_lines": []}, "setup_sentry": {"executed_lines": [116, 117, 119, 123, 135, 136, 138, 139, 147], "summary": {"covered_lines": 9, "num_statements": 9, "percent_covered": 100.0, "percent_covered_display": "100", "missing_lines": 0, "excluded_lines": 0, "percent_statements_covered": 100.0, "percent_statements_covered_display": "100"}, "missing_lines": [], "excluded_lines": []}, "setup_sentry.sentry_context_middleware": {"executed_lines": [], "summary": {"covered_lines": 0, "num_statements": 6, "percent_covered": 0.0, "percent_covered_display": "0", "missing_lines": 6, "excluded_lines": 0, "percent_statements_covered": 0.0, "percent_statements_covered_display": "0"}, "missing_lines": [140, 141, 142, 143, 144, 145], "excluded_lines": []}, "": {"executed_lines": [1, 3, 4, 5, 7, 8, 9, 10, 11, 12, 13, 15, 16, 28, 29, 32, 37, 53, 63, 75, 79, 87, 111, 115], "summary": {"covered_lines": 24, "num_statements": 24, "percent_covered": 100.0, "percent_covered_display": "100", "missing_lines": 0, "excluded_lines": 0, "percent_statements_covered": 100.0, "percent_statements_covered_display": "100"}, "missing_lines": [], "excluded_lines": []}}, "classes": {"": {"executed_lines": [1, 3, 4, 5, 7, 8, 9, 10, 11, 12, 13, 15, 16, 28, 29, 32, 33, 34, 37, 38, 39, 40, 45, 46, 47, 48, 49, 50, 53, 54, 55, 56, 57, 59, 60, 63, 64, 65, 66, 67, 68, 69, 70, 71, 75, 76, 79, 82, 83, 87, 88, 89, 90, 93, 94, 100, 101, 103, 104, 105, 107, 108, 111, 112, 115, 116, 117, 119, 123, 135, 136, 138, 139, 147], "summary": {"covered_lines": 74, "num_statements": 82, "percent_covered": 90.2439024390244, "percent_covered_display": "90", "missing_lines": 8, "excluded_lines": 0, "percent_statements_covered": 90.2439024390244, "percent_statements_covered_display": "90"}, "missing_lines": [72, 84, 140, 141, 142, 143, 144, 145], "excluded_lines": []}}}}, "totals": {"covered_lines": 1934, "num_statements": 3219, "percent_covered": 60.08077042559801, "percent_covered_display": "60", "missing_lines": 1285, "excluded_lines": 0, "percent_statements_covered": 60.08077042559801, "percent_statements_covered_display": "60"}}
